[ 2017-02-05T12:45:54+08:00 ] ::1 /hahaha/thinkphp/Home/Index/station_overview
INFO: [ app_begin ] --START--
INFO: Run Behavior\ReadHtmlCache [ RunTime:0.001000s ]
INFO: [ app_begin ] --END-- [ RunTime:0.001000s ]
NOTIC: [8192] mysql_connect(): The mysql extension is deprecated and will be removed in the future: use mysqli or PDO instead C:\xampp\htdocs\hahaha\thinkphp\ThinkPHP\Library\Think\Db\Driver\Mysql.class.php 第 52 行.
SQL: SHOW COLUMNS FROM `station_overview` [ RunTime:0.006001s ]
SQL: SELECT * FROM `station_overview`  [ RunTime:0.001000s ]

[ 2017-02-05T12:45:56+08:00 ] ::1 /hahaha/thinkphp/Home/Index/station_overview
INFO: [ app_begin ] --START--
INFO: Run Behavior\ReadHtmlCache [ RunTime:0.000000s ]
INFO: [ app_begin ] --END-- [ RunTime:0.001000s ]
NOTIC: [8192] mysql_connect(): The mysql extension is deprecated and will be removed in the future: use mysqli or PDO instead C:\xampp\htdocs\hahaha\thinkphp\ThinkPHP\Library\Think\Db\Driver\Mysql.class.php 第 52 行.
SQL: SHOW COLUMNS FROM `station_overview` [ RunTime:0.004000s ]
SQL: SELECT * FROM `station_overview`  [ RunTime:0.000000s ]

[ 2017-02-05T12:45:58+08:00 ] ::1 /hahaha/thinkphp/Home/Index/station_overview
INFO: [ app_begin ] --START--
INFO: Run Behavior\ReadHtmlCache [ RunTime:0.001001s ]
INFO: [ app_begin ] --END-- [ RunTime:0.002001s ]
NOTIC: [8192] mysql_connect(): The mysql extension is deprecated and will be removed in the future: use mysqli or PDO instead C:\xampp\htdocs\hahaha\thinkphp\ThinkPHP\Library\Think\Db\Driver\Mysql.class.php 第 52 行.
SQL: SHOW COLUMNS FROM `station_overview` [ RunTime:0.003000s ]
SQL: SELECT * FROM `station_overview`  [ RunTime:0.000000s ]

[ 2017-02-05T12:46:00+08:00 ] ::1 /hahaha/thinkphp/Home/Index/station_overview
INFO: [ app_begin ] --START--
INFO: Run Behavior\ReadHtmlCache [ RunTime:0.000000s ]
INFO: [ app_begin ] --END-- [ RunTime:0.001000s ]
NOTIC: [8192] mysql_connect(): The mysql extension is deprecated and will be removed in the future: use mysqli or PDO instead C:\xampp\htdocs\hahaha\thinkphp\ThinkPHP\Library\Think\Db\Driver\Mysql.class.php 第 52 行.
SQL: SHOW COLUMNS FROM `station_overview` [ RunTime:0.003000s ]
SQL: SELECT * FROM `station_overview`  [ RunTime:0.000000s ]

[ 2017-02-05T12:46:02+08:00 ] ::1 /hahaha/thinkphp/Home/Index/station_overview
INFO: [ app_begin ] --START--
INFO: Run Behavior\ReadHtmlCache [ RunTime:0.001000s ]
INFO: [ app_begin ] --END-- [ RunTime:0.002000s ]
NOTIC: [8192] mysql_connect(): The mysql extension is deprecated and will be removed in the future: use mysqli or PDO instead C:\xampp\htdocs\hahaha\thinkphp\ThinkPHP\Library\Think\Db\Driver\Mysql.class.php 第 52 行.
SQL: SHOW COLUMNS FROM `station_overview` [ RunTime:0.006000s ]
SQL: SELECT * FROM `station_overview`  [ RunTime:0.001001s ]

[ 2017-02-05T12:46:04+08:00 ] ::1 /hahaha/thinkphp/Home/Index/station_overview
INFO: [ app_begin ] --START--
INFO: Run Behavior\ReadHtmlCache [ RunTime:0.001000s ]
INFO: [ app_begin ] --END-- [ RunTime:0.001000s ]
NOTIC: [8192] mysql_connect(): The mysql extension is deprecated and will be removed in the future: use mysqli or PDO instead C:\xampp\htdocs\hahaha\thinkphp\ThinkPHP\Library\Think\Db\Driver\Mysql.class.php 第 52 行.
SQL: SHOW COLUMNS FROM `station_overview` [ RunTime:0.004001s ]
SQL: SELECT * FROM `station_overview`  [ RunTime:0.000000s ]

[ 2017-02-05T12:46:06+08:00 ] ::1 /hahaha/thinkphp/Home/Index/station_overview
INFO: [ app_begin ] --START--
INFO: Run Behavior\ReadHtmlCache [ RunTime:0.001000s ]
INFO: [ app_begin ] --END-- [ RunTime:0.002000s ]
NOTIC: [8192] mysql_connect(): The mysql extension is deprecated and will be removed in the future: use mysqli or PDO instead C:\xampp\htdocs\hahaha\thinkphp\ThinkPHP\Library\Think\Db\Driver\Mysql.class.php 第 52 行.
SQL: SHOW COLUMNS FROM `station_overview` [ RunTime:0.004001s ]
SQL: SELECT * FROM `station_overview`  [ RunTime:0.000000s ]

[ 2017-02-05T12:46:08+08:00 ] ::1 /hahaha/thinkphp/Home/Index/station_overview
INFO: [ app_begin ] --START--
INFO: Run Behavior\ReadHtmlCache [ RunTime:0.001000s ]
INFO: [ app_begin ] --END-- [ RunTime:0.002000s ]
NOTIC: [8192] mysql_connect(): The mysql extension is deprecated and will be removed in the future: use mysqli or PDO instead C:\xampp\htdocs\hahaha\thinkphp\ThinkPHP\Library\Think\Db\Driver\Mysql.class.php 第 52 行.
SQL: SHOW COLUMNS FROM `station_overview` [ RunTime:0.004000s ]
SQL: SELECT * FROM `station_overview`  [ RunTime:0.000000s ]

[ 2017-02-05T12:46:10+08:00 ] ::1 /hahaha/thinkphp/Home/Index/station_overview
INFO: [ app_begin ] --START--
INFO: Run Behavior\ReadHtmlCache [ RunTime:0.001000s ]
INFO: [ app_begin ] --END-- [ RunTime:0.002000s ]
NOTIC: [8192] mysql_connect(): The mysql extension is deprecated and will be removed in the future: use mysqli or PDO instead C:\xampp\htdocs\hahaha\thinkphp\ThinkPHP\Library\Think\Db\Driver\Mysql.class.php 第 52 行.
SQL: SHOW COLUMNS FROM `station_overview` [ RunTime:0.003000s ]
SQL: SELECT * FROM `station_overview`  [ RunTime:0.001000s ]

[ 2017-02-05T12:46:12+08:00 ] ::1 /hahaha/thinkphp/Home/Index/station_overview
INFO: [ app_begin ] --START--
INFO: Run Behavior\ReadHtmlCache [ RunTime:0.001000s ]
INFO: [ app_begin ] --END-- [ RunTime:0.002000s ]
NOTIC: [8192] mysql_connect(): The mysql extension is deprecated and will be removed in the future: use mysqli or PDO instead C:\xampp\htdocs\hahaha\thinkphp\ThinkPHP\Library\Think\Db\Driver\Mysql.class.php 第 52 行.
SQL: SHOW COLUMNS FROM `station_overview` [ RunTime:0.003000s ]
SQL: SELECT * FROM `station_overview`  [ RunTime:0.000000s ]

[ 2017-02-05T12:46:14+08:00 ] ::1 /hahaha/thinkphp/Home/Index/station_overview
INFO: [ app_begin ] --START--
INFO: Run Behavior\ReadHtmlCache [ RunTime:0.001000s ]
INFO: [ app_begin ] --END-- [ RunTime:0.001000s ]
NOTIC: [8192] mysql_connect(): The mysql extension is deprecated and will be removed in the future: use mysqli or PDO instead C:\xampp\htdocs\hahaha\thinkphp\ThinkPHP\Library\Think\Db\Driver\Mysql.class.php 第 52 行.
SQL: SHOW COLUMNS FROM `station_overview` [ RunTime:0.003000s ]
SQL: SELECT * FROM `station_overview`  [ RunTime:0.000000s ]

[ 2017-02-05T12:46:16+08:00 ] ::1 /hahaha/thinkphp/Home/Index/station_overview
INFO: [ app_begin ] --START--
INFO: Run Behavior\ReadHtmlCache [ RunTime:0.001000s ]
INFO: [ app_begin ] --END-- [ RunTime:0.002000s ]
NOTIC: [8192] mysql_connect(): The mysql extension is deprecated and will be removed in the future: use mysqli or PDO instead C:\xampp\htdocs\hahaha\thinkphp\ThinkPHP\Library\Think\Db\Driver\Mysql.class.php 第 52 行.
SQL: SHOW COLUMNS FROM `station_overview` [ RunTime:0.004000s ]
SQL: SELECT * FROM `station_overview`  [ RunTime:0.000000s ]

[ 2017-02-05T12:46:18+08:00 ] ::1 /hahaha/thinkphp/Home/Index/station_overview
INFO: [ app_begin ] --START--
INFO: Run Behavior\ReadHtmlCache [ RunTime:0.000000s ]
INFO: [ app_begin ] --END-- [ RunTime:0.001000s ]
NOTIC: [8192] mysql_connect(): The mysql extension is deprecated and will be removed in the future: use mysqli or PDO instead C:\xampp\htdocs\hahaha\thinkphp\ThinkPHP\Library\Think\Db\Driver\Mysql.class.php 第 52 行.
SQL: SHOW COLUMNS FROM `station_overview` [ RunTime:0.003000s ]
SQL: SELECT * FROM `station_overview`  [ RunTime:0.000000s ]

[ 2017-02-05T12:46:20+08:00 ] ::1 /hahaha/thinkphp/Home/Index/station_overview
INFO: [ app_begin ] --START--
INFO: Run Behavior\ReadHtmlCache [ RunTime:0.000000s ]
INFO: [ app_begin ] --END-- [ RunTime:0.001000s ]
NOTIC: [8192] mysql_connect(): The mysql extension is deprecated and will be removed in the future: use mysqli or PDO instead C:\xampp\htdocs\hahaha\thinkphp\ThinkPHP\Library\Think\Db\Driver\Mysql.class.php 第 52 行.
SQL: SHOW COLUMNS FROM `station_overview` [ RunTime:0.003000s ]
SQL: SELECT * FROM `station_overview`  [ RunTime:0.000000s ]

[ 2017-02-05T12:46:22+08:00 ] ::1 /hahaha/thinkphp/Home/Index/station_overview
INFO: [ app_begin ] --START--
INFO: Run Behavior\ReadHtmlCache [ RunTime:0.001001s ]
INFO: [ app_begin ] --END-- [ RunTime:0.001001s ]
NOTIC: [8192] mysql_connect(): The mysql extension is deprecated and will be removed in the future: use mysqli or PDO instead C:\xampp\htdocs\hahaha\thinkphp\ThinkPHP\Library\Think\Db\Driver\Mysql.class.php 第 52 行.
SQL: SHOW COLUMNS FROM `station_overview` [ RunTime:0.004000s ]
SQL: SELECT * FROM `station_overview`  [ RunTime:0.000000s ]

[ 2017-02-05T12:46:24+08:00 ] ::1 /hahaha/thinkphp/Home/Index/station_overview
INFO: [ app_begin ] --START--
INFO: Run Behavior\ReadHtmlCache [ RunTime:0.000000s ]
INFO: [ app_begin ] --END-- [ RunTime:0.001000s ]
NOTIC: [8192] mysql_connect(): The mysql extension is deprecated and will be removed in the future: use mysqli or PDO instead C:\xampp\htdocs\hahaha\thinkphp\ThinkPHP\Library\Think\Db\Driver\Mysql.class.php 第 52 行.
SQL: SHOW COLUMNS FROM `station_overview` [ RunTime:0.006000s ]
SQL: SELECT * FROM `station_overview`  [ RunTime:0.000000s ]

[ 2017-02-05T12:46:26+08:00 ] ::1 /hahaha/thinkphp/Home/Index/station_overview
INFO: [ app_begin ] --START--
INFO: Run Behavior\ReadHtmlCache [ RunTime:0.001000s ]
INFO: [ app_begin ] --END-- [ RunTime:0.001000s ]
NOTIC: [8192] mysql_connect(): The mysql extension is deprecated and will be removed in the future: use mysqli or PDO instead C:\xampp\htdocs\hahaha\thinkphp\ThinkPHP\Library\Think\Db\Driver\Mysql.class.php 第 52 行.
SQL: SHOW COLUMNS FROM `station_overview` [ RunTime:0.004001s ]
SQL: SELECT * FROM `station_overview`  [ RunTime:0.000000s ]

[ 2017-02-05T12:46:28+08:00 ] ::1 /hahaha/thinkphp/Home/Index/station_overview
INFO: [ app_begin ] --START--
INFO: Run Behavior\ReadHtmlCache [ RunTime:0.001000s ]
INFO: [ app_begin ] --END-- [ RunTime:0.003000s ]
NOTIC: [8192] mysql_connect(): The mysql extension is deprecated and will be removed in the future: use mysqli or PDO instead C:\xampp\htdocs\hahaha\thinkphp\ThinkPHP\Library\Think\Db\Driver\Mysql.class.php 第 52 行.
SQL: SHOW COLUMNS FROM `station_overview` [ RunTime:0.004000s ]
SQL: SELECT * FROM `station_overview`  [ RunTime:0.000000s ]

[ 2017-02-05T12:46:30+08:00 ] ::1 /hahaha/thinkphp/Home/Index/station_overview
INFO: [ app_begin ] --START--
INFO: Run Behavior\ReadHtmlCache [ RunTime:0.000000s ]
INFO: [ app_begin ] --END-- [ RunTime:0.001000s ]
NOTIC: [8192] mysql_connect(): The mysql extension is deprecated and will be removed in the future: use mysqli or PDO instead C:\xampp\htdocs\hahaha\thinkphp\ThinkPHP\Library\Think\Db\Driver\Mysql.class.php 第 52 行.
SQL: SHOW COLUMNS FROM `station_overview` [ RunTime:0.004000s ]
SQL: SELECT * FROM `station_overview`  [ RunTime:0.000000s ]

[ 2017-02-05T12:46:32+08:00 ] ::1 /hahaha/thinkphp/Home/Index/station_overview
INFO: [ app_begin ] --START--
INFO: Run Behavior\ReadHtmlCache [ RunTime:0.001000s ]
INFO: [ app_begin ] --END-- [ RunTime:0.001000s ]
NOTIC: [8192] mysql_connect(): The mysql extension is deprecated and will be removed in the future: use mysqli or PDO instead C:\xampp\htdocs\hahaha\thinkphp\ThinkPHP\Library\Think\Db\Driver\Mysql.class.php 第 52 行.
SQL: SHOW COLUMNS FROM `station_overview` [ RunTime:0.003000s ]
SQL: SELECT * FROM `station_overview`  [ RunTime:0.000000s ]

[ 2017-02-05T12:46:34+08:00 ] ::1 /hahaha/thinkphp/Home/Index/station_overview
INFO: [ app_begin ] --START--
INFO: Run Behavior\ReadHtmlCache [ RunTime:0.001001s ]
INFO: [ app_begin ] --END-- [ RunTime:0.001001s ]
NOTIC: [8192] mysql_connect(): The mysql extension is deprecated and will be removed in the future: use mysqli or PDO instead C:\xampp\htdocs\hahaha\thinkphp\ThinkPHP\Library\Think\Db\Driver\Mysql.class.php 第 52 行.
SQL: SHOW COLUMNS FROM `station_overview` [ RunTime:0.004000s ]
SQL: SELECT * FROM `station_overview`  [ RunTime:0.000000s ]

[ 2017-02-05T12:46:36+08:00 ] ::1 /hahaha/thinkphp/Home/Index/station_overview
INFO: [ app_begin ] --START--
INFO: Run Behavior\ReadHtmlCache [ RunTime:0.001001s ]
INFO: [ app_begin ] --END-- [ RunTime:0.001001s ]
NOTIC: [8192] mysql_connect(): The mysql extension is deprecated and will be removed in the future: use mysqli or PDO instead C:\xampp\htdocs\hahaha\thinkphp\ThinkPHP\Library\Think\Db\Driver\Mysql.class.php 第 52 行.
SQL: SHOW COLUMNS FROM `station_overview` [ RunTime:0.003000s ]
SQL: SELECT * FROM `station_overview`  [ RunTime:0.000000s ]

[ 2017-02-05T12:46:38+08:00 ] ::1 /hahaha/thinkphp/Home/Index/station_overview
INFO: [ app_begin ] --START--
INFO: Run Behavior\ReadHtmlCache [ RunTime:0.001000s ]
INFO: [ app_begin ] --END-- [ RunTime:0.001000s ]
NOTIC: [8192] mysql_connect(): The mysql extension is deprecated and will be removed in the future: use mysqli or PDO instead C:\xampp\htdocs\hahaha\thinkphp\ThinkPHP\Library\Think\Db\Driver\Mysql.class.php 第 52 行.
SQL: SHOW COLUMNS FROM `station_overview` [ RunTime:0.005000s ]
SQL: SELECT * FROM `station_overview`  [ RunTime:0.000000s ]

[ 2017-02-05T12:46:40+08:00 ] ::1 /hahaha/thinkphp/Home/Index/station_overview
INFO: [ app_begin ] --START--
INFO: Run Behavior\ReadHtmlCache [ RunTime:0.001000s ]
INFO: [ app_begin ] --END-- [ RunTime:0.002001s ]
NOTIC: [8192] mysql_connect(): The mysql extension is deprecated and will be removed in the future: use mysqli or PDO instead C:\xampp\htdocs\hahaha\thinkphp\ThinkPHP\Library\Think\Db\Driver\Mysql.class.php 第 52 行.
SQL: SHOW COLUMNS FROM `station_overview` [ RunTime:0.006001s ]
SQL: SELECT * FROM `station_overview`  [ RunTime:0.000000s ]

[ 2017-02-05T12:46:42+08:00 ] ::1 /hahaha/thinkphp/Home/Index/station_overview
INFO: [ app_begin ] --START--
INFO: Run Behavior\ReadHtmlCache [ RunTime:0.000000s ]
INFO: [ app_begin ] --END-- [ RunTime:0.002000s ]
NOTIC: [8192] mysql_connect(): The mysql extension is deprecated and will be removed in the future: use mysqli or PDO instead C:\xampp\htdocs\hahaha\thinkphp\ThinkPHP\Library\Think\Db\Driver\Mysql.class.php 第 52 行.
SQL: SHOW COLUMNS FROM `station_overview` [ RunTime:0.004000s ]
SQL: SELECT * FROM `station_overview`  [ RunTime:0.001000s ]

[ 2017-02-05T12:46:44+08:00 ] ::1 /hahaha/thinkphp/Home/Index/station_overview
INFO: [ app_begin ] --START--
INFO: Run Behavior\ReadHtmlCache [ RunTime:0.001000s ]
INFO: [ app_begin ] --END-- [ RunTime:0.001000s ]
NOTIC: [8192] mysql_connect(): The mysql extension is deprecated and will be removed in the future: use mysqli or PDO instead C:\xampp\htdocs\hahaha\thinkphp\ThinkPHP\Library\Think\Db\Driver\Mysql.class.php 第 52 行.
SQL: SHOW COLUMNS FROM `station_overview` [ RunTime:0.004001s ]
SQL: SELECT * FROM `station_overview`  [ RunTime:0.000000s ]

[ 2017-02-05T12:46:46+08:00 ] ::1 /hahaha/thinkphp/Home/Index/station_overview
INFO: [ app_begin ] --START--
INFO: Run Behavior\ReadHtmlCache [ RunTime:0.001000s ]
INFO: [ app_begin ] --END-- [ RunTime:0.002000s ]
NOTIC: [8192] mysql_connect(): The mysql extension is deprecated and will be removed in the future: use mysqli or PDO instead C:\xampp\htdocs\hahaha\thinkphp\ThinkPHP\Library\Think\Db\Driver\Mysql.class.php 第 52 行.
SQL: SHOW COLUMNS FROM `station_overview` [ RunTime:0.004000s ]
SQL: SELECT * FROM `station_overview`  [ RunTime:0.000000s ]

[ 2017-02-05T12:46:48+08:00 ] ::1 /hahaha/thinkphp/Home/Index/station_overview
INFO: [ app_begin ] --START--
INFO: Run Behavior\ReadHtmlCache [ RunTime:0.001000s ]
INFO: [ app_begin ] --END-- [ RunTime:0.002000s ]
NOTIC: [8192] mysql_connect(): The mysql extension is deprecated and will be removed in the future: use mysqli or PDO instead C:\xampp\htdocs\hahaha\thinkphp\ThinkPHP\Library\Think\Db\Driver\Mysql.class.php 第 52 行.
SQL: SHOW COLUMNS FROM `station_overview` [ RunTime:0.003000s ]
SQL: SELECT * FROM `station_overview`  [ RunTime:0.000000s ]

[ 2017-02-05T12:46:50+08:00 ] ::1 /hahaha/thinkphp/Home/Index/station_overview
INFO: [ app_begin ] --START--
INFO: Run Behavior\ReadHtmlCache [ RunTime:0.002000s ]
INFO: [ app_begin ] --END-- [ RunTime:0.003000s ]
NOTIC: [8192] mysql_connect(): The mysql extension is deprecated and will be removed in the future: use mysqli or PDO instead C:\xampp\htdocs\hahaha\thinkphp\ThinkPHP\Library\Think\Db\Driver\Mysql.class.php 第 52 行.
SQL: SHOW COLUMNS FROM `station_overview` [ RunTime:0.003000s ]
SQL: SELECT * FROM `station_overview`  [ RunTime:0.000000s ]

[ 2017-02-05T12:46:52+08:00 ] ::1 /hahaha/thinkphp/Home/Index/station_overview
INFO: [ app_begin ] --START--
INFO: Run Behavior\ReadHtmlCache [ RunTime:0.001000s ]
INFO: [ app_begin ] --END-- [ RunTime:0.002000s ]
NOTIC: [8192] mysql_connect(): The mysql extension is deprecated and will be removed in the future: use mysqli or PDO instead C:\xampp\htdocs\hahaha\thinkphp\ThinkPHP\Library\Think\Db\Driver\Mysql.class.php 第 52 行.
SQL: SHOW COLUMNS FROM `station_overview` [ RunTime:0.003000s ]
SQL: SELECT * FROM `station_overview`  [ RunTime:0.002000s ]

[ 2017-02-05T12:46:54+08:00 ] ::1 /hahaha/thinkphp/Home/Index/station_overview
INFO: [ app_begin ] --START--
INFO: Run Behavior\ReadHtmlCache [ RunTime:0.001000s ]
INFO: [ app_begin ] --END-- [ RunTime:0.002000s ]
NOTIC: [8192] mysql_connect(): The mysql extension is deprecated and will be removed in the future: use mysqli or PDO instead C:\xampp\htdocs\hahaha\thinkphp\ThinkPHP\Library\Think\Db\Driver\Mysql.class.php 第 52 行.
SQL: SHOW COLUMNS FROM `station_overview` [ RunTime:0.005000s ]
SQL: SELECT * FROM `station_overview`  [ RunTime:0.001001s ]

[ 2017-02-05T12:46:56+08:00 ] ::1 /hahaha/thinkphp/Home/Index/station_overview
INFO: [ app_begin ] --START--
INFO: Run Behavior\ReadHtmlCache [ RunTime:0.001000s ]
INFO: [ app_begin ] --END-- [ RunTime:0.002000s ]
NOTIC: [8192] mysql_connect(): The mysql extension is deprecated and will be removed in the future: use mysqli or PDO instead C:\xampp\htdocs\hahaha\thinkphp\ThinkPHP\Library\Think\Db\Driver\Mysql.class.php 第 52 行.
SQL: SHOW COLUMNS FROM `station_overview` [ RunTime:0.004000s ]
SQL: SELECT * FROM `station_overview`  [ RunTime:0.000000s ]

[ 2017-02-05T12:46:58+08:00 ] ::1 /hahaha/thinkphp/Home/Index/station_overview
INFO: [ app_begin ] --START--
INFO: Run Behavior\ReadHtmlCache [ RunTime:0.001000s ]
INFO: [ app_begin ] --END-- [ RunTime:0.002000s ]
NOTIC: [8192] mysql_connect(): The mysql extension is deprecated and will be removed in the future: use mysqli or PDO instead C:\xampp\htdocs\hahaha\thinkphp\ThinkPHP\Library\Think\Db\Driver\Mysql.class.php 第 52 行.
SQL: SHOW COLUMNS FROM `station_overview` [ RunTime:0.006000s ]
SQL: SELECT * FROM `station_overview`  [ RunTime:0.001000s ]

[ 2017-02-05T12:47:00+08:00 ] ::1 /hahaha/thinkphp/Home/Index/station_overview
INFO: [ app_begin ] --START--
INFO: Run Behavior\ReadHtmlCache [ RunTime:0.000000s ]
INFO: [ app_begin ] --END-- [ RunTime:0.001000s ]
NOTIC: [8192] mysql_connect(): The mysql extension is deprecated and will be removed in the future: use mysqli or PDO instead C:\xampp\htdocs\hahaha\thinkphp\ThinkPHP\Library\Think\Db\Driver\Mysql.class.php 第 52 行.
SQL: SHOW COLUMNS FROM `station_overview` [ RunTime:0.003000s ]
SQL: SELECT * FROM `station_overview`  [ RunTime:0.001000s ]

[ 2017-02-05T12:47:02+08:00 ] ::1 /hahaha/thinkphp/Home/Index/station_overview
INFO: [ app_begin ] --START--
INFO: Run Behavior\ReadHtmlCache [ RunTime:0.000000s ]
INFO: [ app_begin ] --END-- [ RunTime:0.001000s ]
NOTIC: [8192] mysql_connect(): The mysql extension is deprecated and will be removed in the future: use mysqli or PDO instead C:\xampp\htdocs\hahaha\thinkphp\ThinkPHP\Library\Think\Db\Driver\Mysql.class.php 第 52 行.
SQL: SHOW COLUMNS FROM `station_overview` [ RunTime:0.004001s ]
SQL: SELECT * FROM `station_overview`  [ RunTime:0.000000s ]

[ 2017-02-05T12:47:04+08:00 ] ::1 /hahaha/thinkphp/Home/Index/station_overview
INFO: [ app_begin ] --START--
INFO: Run Behavior\ReadHtmlCache [ RunTime:0.001000s ]
INFO: [ app_begin ] --END-- [ RunTime:0.002000s ]
NOTIC: [8192] mysql_connect(): The mysql extension is deprecated and will be removed in the future: use mysqli or PDO instead C:\xampp\htdocs\hahaha\thinkphp\ThinkPHP\Library\Think\Db\Driver\Mysql.class.php 第 52 行.
SQL: SHOW COLUMNS FROM `station_overview` [ RunTime:0.003000s ]
SQL: SELECT * FROM `station_overview`  [ RunTime:0.016001s ]

[ 2017-02-05T12:47:06+08:00 ] ::1 /hahaha/thinkphp/Home/Index/station_overview
INFO: [ app_begin ] --START--
INFO: Run Behavior\ReadHtmlCache [ RunTime:0.001000s ]
INFO: [ app_begin ] --END-- [ RunTime:0.002000s ]
NOTIC: [8192] mysql_connect(): The mysql extension is deprecated and will be removed in the future: use mysqli or PDO instead C:\xampp\htdocs\hahaha\thinkphp\ThinkPHP\Library\Think\Db\Driver\Mysql.class.php 第 52 行.
SQL: SHOW COLUMNS FROM `station_overview` [ RunTime:0.004001s ]
SQL: SELECT * FROM `station_overview`  [ RunTime:0.000000s ]

[ 2017-02-05T12:47:08+08:00 ] ::1 /hahaha/thinkphp/Home/Index/station_overview
INFO: [ app_begin ] --START--
INFO: Run Behavior\ReadHtmlCache [ RunTime:0.000000s ]
INFO: [ app_begin ] --END-- [ RunTime:0.001001s ]
NOTIC: [8192] mysql_connect(): The mysql extension is deprecated and will be removed in the future: use mysqli or PDO instead C:\xampp\htdocs\hahaha\thinkphp\ThinkPHP\Library\Think\Db\Driver\Mysql.class.php 第 52 行.
SQL: SHOW COLUMNS FROM `station_overview` [ RunTime:0.003000s ]
SQL: SELECT * FROM `station_overview`  [ RunTime:0.001000s ]

[ 2017-02-05T12:47:10+08:00 ] ::1 /hahaha/thinkphp/Home/Index/station_overview
INFO: [ app_begin ] --START--
INFO: Run Behavior\ReadHtmlCache [ RunTime:0.001000s ]
INFO: [ app_begin ] --END-- [ RunTime:0.002000s ]
NOTIC: [8192] mysql_connect(): The mysql extension is deprecated and will be removed in the future: use mysqli or PDO instead C:\xampp\htdocs\hahaha\thinkphp\ThinkPHP\Library\Think\Db\Driver\Mysql.class.php 第 52 行.
SQL: SHOW COLUMNS FROM `station_overview` [ RunTime:0.006001s ]
SQL: SELECT * FROM `station_overview`  [ RunTime:0.001000s ]

[ 2017-02-05T12:47:12+08:00 ] ::1 /hahaha/thinkphp/Home/Index/station_overview
INFO: [ app_begin ] --START--
INFO: Run Behavior\ReadHtmlCache [ RunTime:0.001000s ]
INFO: [ app_begin ] --END-- [ RunTime:0.002000s ]
NOTIC: [8192] mysql_connect(): The mysql extension is deprecated and will be removed in the future: use mysqli or PDO instead C:\xampp\htdocs\hahaha\thinkphp\ThinkPHP\Library\Think\Db\Driver\Mysql.class.php 第 52 行.
SQL: SHOW COLUMNS FROM `station_overview` [ RunTime:0.003000s ]
SQL: SELECT * FROM `station_overview`  [ RunTime:0.000000s ]

[ 2017-02-05T12:47:14+08:00 ] ::1 /hahaha/thinkphp/Home/Index/station_overview
INFO: [ app_begin ] --START--
INFO: Run Behavior\ReadHtmlCache [ RunTime:0.001000s ]
INFO: [ app_begin ] --END-- [ RunTime:0.002000s ]
NOTIC: [8192] mysql_connect(): The mysql extension is deprecated and will be removed in the future: use mysqli or PDO instead C:\xampp\htdocs\hahaha\thinkphp\ThinkPHP\Library\Think\Db\Driver\Mysql.class.php 第 52 行.
SQL: SHOW COLUMNS FROM `station_overview` [ RunTime:0.004000s ]
SQL: SELECT * FROM `station_overview`  [ RunTime:0.000000s ]

[ 2017-02-05T12:47:16+08:00 ] ::1 /hahaha/thinkphp/Home/Index/station_overview
INFO: [ app_begin ] --START--
INFO: Run Behavior\ReadHtmlCache [ RunTime:0.002000s ]
INFO: [ app_begin ] --END-- [ RunTime:0.002000s ]
NOTIC: [8192] mysql_connect(): The mysql extension is deprecated and will be removed in the future: use mysqli or PDO instead C:\xampp\htdocs\hahaha\thinkphp\ThinkPHP\Library\Think\Db\Driver\Mysql.class.php 第 52 行.
SQL: SHOW COLUMNS FROM `station_overview` [ RunTime:0.003000s ]
SQL: SELECT * FROM `station_overview`  [ RunTime:0.000000s ]

[ 2017-02-05T12:47:18+08:00 ] ::1 /hahaha/thinkphp/Home/Index/station_overview
INFO: [ app_begin ] --START--
INFO: Run Behavior\ReadHtmlCache [ RunTime:0.001000s ]
INFO: [ app_begin ] --END-- [ RunTime:0.002000s ]
NOTIC: [8192] mysql_connect(): The mysql extension is deprecated and will be removed in the future: use mysqli or PDO instead C:\xampp\htdocs\hahaha\thinkphp\ThinkPHP\Library\Think\Db\Driver\Mysql.class.php 第 52 行.
SQL: SHOW COLUMNS FROM `station_overview` [ RunTime:0.003000s ]
SQL: SELECT * FROM `station_overview`  [ RunTime:0.000000s ]

[ 2017-02-05T12:47:20+08:00 ] ::1 /hahaha/thinkphp/Home/Index/station_overview
INFO: [ app_begin ] --START--
INFO: Run Behavior\ReadHtmlCache [ RunTime:0.000000s ]
INFO: [ app_begin ] --END-- [ RunTime:0.001000s ]
NOTIC: [8192] mysql_connect(): The mysql extension is deprecated and will be removed in the future: use mysqli or PDO instead C:\xampp\htdocs\hahaha\thinkphp\ThinkPHP\Library\Think\Db\Driver\Mysql.class.php 第 52 行.
SQL: SHOW COLUMNS FROM `station_overview` [ RunTime:0.003000s ]
SQL: SELECT * FROM `station_overview`  [ RunTime:0.000000s ]

[ 2017-02-05T12:47:22+08:00 ] ::1 /hahaha/thinkphp/Home/Index/station_overview
INFO: [ app_begin ] --START--
INFO: Run Behavior\ReadHtmlCache [ RunTime:0.000000s ]
INFO: [ app_begin ] --END-- [ RunTime:0.001000s ]
NOTIC: [8192] mysql_connect(): The mysql extension is deprecated and will be removed in the future: use mysqli or PDO instead C:\xampp\htdocs\hahaha\thinkphp\ThinkPHP\Library\Think\Db\Driver\Mysql.class.php 第 52 行.
SQL: SHOW COLUMNS FROM `station_overview` [ RunTime:0.003001s ]
SQL: SELECT * FROM `station_overview`  [ RunTime:0.000000s ]

[ 2017-02-05T12:47:24+08:00 ] ::1 /hahaha/thinkphp/Home/Index/station_overview
INFO: [ app_begin ] --START--
INFO: Run Behavior\ReadHtmlCache [ RunTime:0.001001s ]
INFO: [ app_begin ] --END-- [ RunTime:0.002001s ]
NOTIC: [8192] mysql_connect(): The mysql extension is deprecated and will be removed in the future: use mysqli or PDO instead C:\xampp\htdocs\hahaha\thinkphp\ThinkPHP\Library\Think\Db\Driver\Mysql.class.php 第 52 行.
SQL: SHOW COLUMNS FROM `station_overview` [ RunTime:0.004000s ]
SQL: SELECT * FROM `station_overview`  [ RunTime:0.000000s ]

[ 2017-02-05T12:47:26+08:00 ] ::1 /hahaha/thinkphp/Home/Index/station_overview
INFO: [ app_begin ] --START--
INFO: Run Behavior\ReadHtmlCache [ RunTime:0.001000s ]
INFO: [ app_begin ] --END-- [ RunTime:0.001000s ]
NOTIC: [8192] mysql_connect(): The mysql extension is deprecated and will be removed in the future: use mysqli or PDO instead C:\xampp\htdocs\hahaha\thinkphp\ThinkPHP\Library\Think\Db\Driver\Mysql.class.php 第 52 行.
SQL: SHOW COLUMNS FROM `station_overview` [ RunTime:0.003000s ]
SQL: SELECT * FROM `station_overview`  [ RunTime:0.000000s ]

[ 2017-02-05T12:47:28+08:00 ] ::1 /hahaha/thinkphp/Home/Index/station_overview
INFO: [ app_begin ] --START--
INFO: Run Behavior\ReadHtmlCache [ RunTime:0.000000s ]
INFO: [ app_begin ] --END-- [ RunTime:0.001000s ]
NOTIC: [8192] mysql_connect(): The mysql extension is deprecated and will be removed in the future: use mysqli or PDO instead C:\xampp\htdocs\hahaha\thinkphp\ThinkPHP\Library\Think\Db\Driver\Mysql.class.php 第 52 行.
SQL: SHOW COLUMNS FROM `station_overview` [ RunTime:0.004000s ]
SQL: SELECT * FROM `station_overview`  [ RunTime:0.000000s ]

[ 2017-02-05T12:47:30+08:00 ] ::1 /hahaha/thinkphp/Home/Index/station_overview
INFO: [ app_begin ] --START--
INFO: Run Behavior\ReadHtmlCache [ RunTime:0.000000s ]
INFO: [ app_begin ] --END-- [ RunTime:0.001000s ]
NOTIC: [8192] mysql_connect(): The mysql extension is deprecated and will be removed in the future: use mysqli or PDO instead C:\xampp\htdocs\hahaha\thinkphp\ThinkPHP\Library\Think\Db\Driver\Mysql.class.php 第 52 行.
SQL: SHOW COLUMNS FROM `station_overview` [ RunTime:0.004000s ]
SQL: SELECT * FROM `station_overview`  [ RunTime:0.000000s ]

[ 2017-02-05T12:47:32+08:00 ] ::1 /hahaha/thinkphp/Home/Index/station_overview
INFO: [ app_begin ] --START--
INFO: Run Behavior\ReadHtmlCache [ RunTime:0.000000s ]
INFO: [ app_begin ] --END-- [ RunTime:0.001000s ]
NOTIC: [8192] mysql_connect(): The mysql extension is deprecated and will be removed in the future: use mysqli or PDO instead C:\xampp\htdocs\hahaha\thinkphp\ThinkPHP\Library\Think\Db\Driver\Mysql.class.php 第 52 行.
SQL: SHOW COLUMNS FROM `station_overview` [ RunTime:0.003000s ]
SQL: SELECT * FROM `station_overview`  [ RunTime:0.000000s ]

[ 2017-02-05T12:47:34+08:00 ] ::1 /hahaha/thinkphp/Home/Index/station_overview
INFO: [ app_begin ] --START--
INFO: Run Behavior\ReadHtmlCache [ RunTime:0.000000s ]
INFO: [ app_begin ] --END-- [ RunTime:0.003000s ]
NOTIC: [8192] mysql_connect(): The mysql extension is deprecated and will be removed in the future: use mysqli or PDO instead C:\xampp\htdocs\hahaha\thinkphp\ThinkPHP\Library\Think\Db\Driver\Mysql.class.php 第 52 行.
SQL: SHOW COLUMNS FROM `station_overview` [ RunTime:0.003001s ]
SQL: SELECT * FROM `station_overview`  [ RunTime:0.000000s ]

[ 2017-02-05T12:47:36+08:00 ] ::1 /hahaha/thinkphp/Home/Index/station_overview
INFO: [ app_begin ] --START--
INFO: Run Behavior\ReadHtmlCache [ RunTime:0.001000s ]
INFO: [ app_begin ] --END-- [ RunTime:0.002000s ]
NOTIC: [8192] mysql_connect(): The mysql extension is deprecated and will be removed in the future: use mysqli or PDO instead C:\xampp\htdocs\hahaha\thinkphp\ThinkPHP\Library\Think\Db\Driver\Mysql.class.php 第 52 行.
SQL: SHOW COLUMNS FROM `station_overview` [ RunTime:0.003000s ]
SQL: SELECT * FROM `station_overview`  [ RunTime:0.000000s ]

[ 2017-02-05T12:47:37+08:00 ] ::1 /hahaha/thinkphp/Home/Index/station_overview
INFO: [ app_begin ] --START--
INFO: Run Behavior\ReadHtmlCache [ RunTime:0.000000s ]
INFO: [ app_begin ] --END-- [ RunTime:0.001000s ]
NOTIC: [8192] mysql_connect(): The mysql extension is deprecated and will be removed in the future: use mysqli or PDO instead C:\xampp\htdocs\hahaha\thinkphp\ThinkPHP\Library\Think\Db\Driver\Mysql.class.php 第 52 行.
SQL: SHOW COLUMNS FROM `station_overview` [ RunTime:0.004000s ]
SQL: SELECT * FROM `station_overview`  [ RunTime:0.001000s ]

[ 2017-02-05T12:47:39+08:00 ] ::1 /hahaha/thinkphp/Home/Index/station_overview
INFO: [ app_begin ] --START--
INFO: Run Behavior\ReadHtmlCache [ RunTime:0.001000s ]
INFO: [ app_begin ] --END-- [ RunTime:0.002000s ]
NOTIC: [8192] mysql_connect(): The mysql extension is deprecated and will be removed in the future: use mysqli or PDO instead C:\xampp\htdocs\hahaha\thinkphp\ThinkPHP\Library\Think\Db\Driver\Mysql.class.php 第 52 行.
SQL: SHOW COLUMNS FROM `station_overview` [ RunTime:0.004000s ]
SQL: SELECT * FROM `station_overview`  [ RunTime:0.001000s ]

[ 2017-02-05T12:47:42+08:00 ] ::1 /hahaha/thinkphp/Home/Index/station_overview
INFO: [ app_begin ] --START--
INFO: Run Behavior\ReadHtmlCache [ RunTime:0.001000s ]
INFO: [ app_begin ] --END-- [ RunTime:0.003000s ]
NOTIC: [8192] mysql_connect(): The mysql extension is deprecated and will be removed in the future: use mysqli or PDO instead C:\xampp\htdocs\hahaha\thinkphp\ThinkPHP\Library\Think\Db\Driver\Mysql.class.php 第 52 行.
SQL: SHOW COLUMNS FROM `station_overview` [ RunTime:0.004000s ]
SQL: SELECT * FROM `station_overview`  [ RunTime:0.001000s ]

[ 2017-02-05T12:47:44+08:00 ] ::1 /hahaha/thinkphp/Home/Index/station_overview
INFO: [ app_begin ] --START--
INFO: Run Behavior\ReadHtmlCache [ RunTime:0.001000s ]
INFO: [ app_begin ] --END-- [ RunTime:0.001000s ]
NOTIC: [8192] mysql_connect(): The mysql extension is deprecated and will be removed in the future: use mysqli or PDO instead C:\xampp\htdocs\hahaha\thinkphp\ThinkPHP\Library\Think\Db\Driver\Mysql.class.php 第 52 行.
SQL: SHOW COLUMNS FROM `station_overview` [ RunTime:0.005001s ]
SQL: SELECT * FROM `station_overview`  [ RunTime:0.001000s ]

[ 2017-02-05T12:47:46+08:00 ] ::1 /hahaha/thinkphp/Home/Index/station_overview
INFO: [ app_begin ] --START--
INFO: Run Behavior\ReadHtmlCache [ RunTime:0.001000s ]
INFO: [ app_begin ] --END-- [ RunTime:0.001000s ]
NOTIC: [8192] mysql_connect(): The mysql extension is deprecated and will be removed in the future: use mysqli or PDO instead C:\xampp\htdocs\hahaha\thinkphp\ThinkPHP\Library\Think\Db\Driver\Mysql.class.php 第 52 行.
SQL: SHOW COLUMNS FROM `station_overview` [ RunTime:0.003000s ]
SQL: SELECT * FROM `station_overview`  [ RunTime:0.001000s ]

[ 2017-02-05T12:47:48+08:00 ] ::1 /hahaha/thinkphp/Home/Index/station_overview
INFO: [ app_begin ] --START--
INFO: Run Behavior\ReadHtmlCache [ RunTime:0.001000s ]
INFO: [ app_begin ] --END-- [ RunTime:0.002000s ]
NOTIC: [8192] mysql_connect(): The mysql extension is deprecated and will be removed in the future: use mysqli or PDO instead C:\xampp\htdocs\hahaha\thinkphp\ThinkPHP\Library\Think\Db\Driver\Mysql.class.php 第 52 行.
SQL: SHOW COLUMNS FROM `station_overview` [ RunTime:0.004000s ]
SQL: SELECT * FROM `station_overview`  [ RunTime:0.000000s ]

[ 2017-02-05T12:47:50+08:00 ] ::1 /hahaha/thinkphp/Home/Index/station_overview
INFO: [ app_begin ] --START--
INFO: Run Behavior\ReadHtmlCache [ RunTime:0.001000s ]
INFO: [ app_begin ] --END-- [ RunTime:0.001000s ]
NOTIC: [8192] mysql_connect(): The mysql extension is deprecated and will be removed in the future: use mysqli or PDO instead C:\xampp\htdocs\hahaha\thinkphp\ThinkPHP\Library\Think\Db\Driver\Mysql.class.php 第 52 行.
SQL: SHOW COLUMNS FROM `station_overview` [ RunTime:0.003000s ]
SQL: SELECT * FROM `station_overview`  [ RunTime:0.000000s ]

[ 2017-02-05T12:47:52+08:00 ] ::1 /hahaha/thinkphp/Home/Index/station_overview
INFO: [ app_begin ] --START--
INFO: Run Behavior\ReadHtmlCache [ RunTime:0.001000s ]
INFO: [ app_begin ] --END-- [ RunTime:0.002000s ]
NOTIC: [8192] mysql_connect(): The mysql extension is deprecated and will be removed in the future: use mysqli or PDO instead C:\xampp\htdocs\hahaha\thinkphp\ThinkPHP\Library\Think\Db\Driver\Mysql.class.php 第 52 行.
SQL: SHOW COLUMNS FROM `station_overview` [ RunTime:0.003000s ]
SQL: SELECT * FROM `station_overview`  [ RunTime:0.000000s ]

[ 2017-02-05T12:47:54+08:00 ] ::1 /hahaha/thinkphp/Home/Index/station_overview
INFO: [ app_begin ] --START--
INFO: Run Behavior\ReadHtmlCache [ RunTime:0.001001s ]
INFO: [ app_begin ] --END-- [ RunTime:0.002001s ]
NOTIC: [8192] mysql_connect(): The mysql extension is deprecated and will be removed in the future: use mysqli or PDO instead C:\xampp\htdocs\hahaha\thinkphp\ThinkPHP\Library\Think\Db\Driver\Mysql.class.php 第 52 行.
SQL: SHOW COLUMNS FROM `station_overview` [ RunTime:0.003000s ]
SQL: SELECT * FROM `station_overview`  [ RunTime:0.000000s ]

[ 2017-02-05T12:47:56+08:00 ] ::1 /hahaha/thinkphp/Home/Index/station_overview
INFO: [ app_begin ] --START--
INFO: Run Behavior\ReadHtmlCache [ RunTime:0.000000s ]
INFO: [ app_begin ] --END-- [ RunTime:0.001000s ]
NOTIC: [8192] mysql_connect(): The mysql extension is deprecated and will be removed in the future: use mysqli or PDO instead C:\xampp\htdocs\hahaha\thinkphp\ThinkPHP\Library\Think\Db\Driver\Mysql.class.php 第 52 行.
SQL: SHOW COLUMNS FROM `station_overview` [ RunTime:0.003000s ]
SQL: SELECT * FROM `station_overview`  [ RunTime:0.000000s ]

[ 2017-02-05T12:47:58+08:00 ] ::1 /hahaha/thinkphp/Home/Index/station_overview
INFO: [ app_begin ] --START--
INFO: Run Behavior\ReadHtmlCache [ RunTime:0.002000s ]
INFO: [ app_begin ] --END-- [ RunTime:0.002000s ]
NOTIC: [8192] mysql_connect(): The mysql extension is deprecated and will be removed in the future: use mysqli or PDO instead C:\xampp\htdocs\hahaha\thinkphp\ThinkPHP\Library\Think\Db\Driver\Mysql.class.php 第 52 行.
SQL: SHOW COLUMNS FROM `station_overview` [ RunTime:0.003000s ]
SQL: SELECT * FROM `station_overview`  [ RunTime:0.000000s ]

[ 2017-02-05T12:48:00+08:00 ] ::1 /hahaha/thinkphp/Home/Index/station_overview
INFO: [ app_begin ] --START--
INFO: Run Behavior\ReadHtmlCache [ RunTime:0.002000s ]
INFO: [ app_begin ] --END-- [ RunTime:0.002000s ]
NOTIC: [8192] mysql_connect(): The mysql extension is deprecated and will be removed in the future: use mysqli or PDO instead C:\xampp\htdocs\hahaha\thinkphp\ThinkPHP\Library\Think\Db\Driver\Mysql.class.php 第 52 行.
SQL: SHOW COLUMNS FROM `station_overview` [ RunTime:0.004000s ]
SQL: SELECT * FROM `station_overview`  [ RunTime:0.001000s ]

[ 2017-02-05T12:48:02+08:00 ] ::1 /hahaha/thinkphp/Home/Index/station_overview
INFO: [ app_begin ] --START--
INFO: Run Behavior\ReadHtmlCache [ RunTime:0.001000s ]
INFO: [ app_begin ] --END-- [ RunTime:0.001000s ]
NOTIC: [8192] mysql_connect(): The mysql extension is deprecated and will be removed in the future: use mysqli or PDO instead C:\xampp\htdocs\hahaha\thinkphp\ThinkPHP\Library\Think\Db\Driver\Mysql.class.php 第 52 行.
SQL: SHOW COLUMNS FROM `station_overview` [ RunTime:0.015000s ]
SQL: SELECT * FROM `station_overview`  [ RunTime:0.000000s ]

[ 2017-02-05T12:48:04+08:00 ] ::1 /hahaha/thinkphp/Home/Index/station_overview
INFO: [ app_begin ] --START--
INFO: Run Behavior\ReadHtmlCache [ RunTime:0.000000s ]
INFO: [ app_begin ] --END-- [ RunTime:0.001000s ]
NOTIC: [8192] mysql_connect(): The mysql extension is deprecated and will be removed in the future: use mysqli or PDO instead C:\xampp\htdocs\hahaha\thinkphp\ThinkPHP\Library\Think\Db\Driver\Mysql.class.php 第 52 行.
SQL: SHOW COLUMNS FROM `station_overview` [ RunTime:0.004000s ]
SQL: SELECT * FROM `station_overview`  [ RunTime:0.000000s ]

[ 2017-02-05T12:48:06+08:00 ] ::1 /hahaha/thinkphp/Home/Index/station_overview
INFO: [ app_begin ] --START--
INFO: Run Behavior\ReadHtmlCache [ RunTime:0.001000s ]
INFO: [ app_begin ] --END-- [ RunTime:0.002000s ]
NOTIC: [8192] mysql_connect(): The mysql extension is deprecated and will be removed in the future: use mysqli or PDO instead C:\xampp\htdocs\hahaha\thinkphp\ThinkPHP\Library\Think\Db\Driver\Mysql.class.php 第 52 行.
SQL: SHOW COLUMNS FROM `station_overview` [ RunTime:0.004000s ]
SQL: SELECT * FROM `station_overview`  [ RunTime:0.000000s ]

[ 2017-02-05T12:48:08+08:00 ] ::1 /hahaha/thinkphp/Home/Index/station_overview
INFO: [ app_begin ] --START--
INFO: Run Behavior\ReadHtmlCache [ RunTime:0.000000s ]
INFO: [ app_begin ] --END-- [ RunTime:0.001000s ]
NOTIC: [8192] mysql_connect(): The mysql extension is deprecated and will be removed in the future: use mysqli or PDO instead C:\xampp\htdocs\hahaha\thinkphp\ThinkPHP\Library\Think\Db\Driver\Mysql.class.php 第 52 行.
SQL: SHOW COLUMNS FROM `station_overview` [ RunTime:0.004001s ]
SQL: SELECT * FROM `station_overview`  [ RunTime:0.000000s ]

[ 2017-02-05T12:48:10+08:00 ] ::1 /hahaha/thinkphp/Home/Index/station_overview
INFO: [ app_begin ] --START--
INFO: Run Behavior\ReadHtmlCache [ RunTime:0.001000s ]
INFO: [ app_begin ] --END-- [ RunTime:0.002000s ]
NOTIC: [8192] mysql_connect(): The mysql extension is deprecated and will be removed in the future: use mysqli or PDO instead C:\xampp\htdocs\hahaha\thinkphp\ThinkPHP\Library\Think\Db\Driver\Mysql.class.php 第 52 行.
SQL: SHOW COLUMNS FROM `station_overview` [ RunTime:0.004000s ]
SQL: SELECT * FROM `station_overview`  [ RunTime:0.000000s ]

[ 2017-02-05T12:48:12+08:00 ] ::1 /hahaha/thinkphp/Home/Index/station_overview
INFO: [ app_begin ] --START--
INFO: Run Behavior\ReadHtmlCache [ RunTime:0.001000s ]
INFO: [ app_begin ] --END-- [ RunTime:0.002000s ]
NOTIC: [8192] mysql_connect(): The mysql extension is deprecated and will be removed in the future: use mysqli or PDO instead C:\xampp\htdocs\hahaha\thinkphp\ThinkPHP\Library\Think\Db\Driver\Mysql.class.php 第 52 行.
SQL: SHOW COLUMNS FROM `station_overview` [ RunTime:0.003000s ]
SQL: SELECT * FROM `station_overview`  [ RunTime:0.001001s ]

[ 2017-02-05T12:48:13+08:00 ] ::1 /hahaha/thinkphp/Home/Index/station_overview
INFO: [ app_begin ] --START--
INFO: Run Behavior\ReadHtmlCache [ RunTime:0.001000s ]
INFO: [ app_begin ] --END-- [ RunTime:0.001000s ]
NOTIC: [8192] mysql_connect(): The mysql extension is deprecated and will be removed in the future: use mysqli or PDO instead C:\xampp\htdocs\hahaha\thinkphp\ThinkPHP\Library\Think\Db\Driver\Mysql.class.php 第 52 行.
SQL: SHOW COLUMNS FROM `station_overview` [ RunTime:0.004001s ]
SQL: SELECT * FROM `station_overview`  [ RunTime:0.000000s ]

