[ 2017-02-18T10:25:36+08:00 ] ::1 /hahaha/thinkphp/Home/Index/user_name
INFO: [ app_begin ] --START--
INFO: Run Behavior\ReadHtmlCache [ RunTime:0.000907s ]
INFO: [ app_begin ] --END-- [ RunTime:0.001455s ]
NOTIC: [8] A session had already been started - ignoring session_start() F:\www\hahaha\thinkphp\Application\Home\Controller\IndexController.class.php 第 32 行.
NOTIC: [8] Undefined index: id F:\www\hahaha\thinkphp\Application\Home\Controller\IndexController.class.php 第 33 行.
INFO: [ app_end ] --START--
INFO: Run Behavior\ShowPageTrace [ RunTime:0.000633s ]
INFO: [ app_end ] --END-- [ RunTime:0.000689s ]

[ 2017-02-18T10:54:29+08:00 ] ::1 /hahaha/thinkphp/Home/Index/user_name
INFO: [ app_begin ] --START--
INFO: Run Behavior\ReadHtmlCache [ RunTime:0.000755s ]
INFO: [ app_begin ] --END-- [ RunTime:0.001761s ]
NOTIC: [8] A session had already been started - ignoring session_start() F:\www\hahaha\thinkphp\Application\Home\Controller\IndexController.class.php 第 32 行.
NOTIC: [8] Undefined index: id F:\www\hahaha\thinkphp\Application\Home\Controller\IndexController.class.php 第 33 行.
INFO: [ app_end ] --START--
INFO: Run Behavior\ShowPageTrace [ RunTime:0.001860s ]
INFO: [ app_end ] --END-- [ RunTime:0.002036s ]

[ 2017-02-18T10:55:39+08:00 ] ::1 /hahaha/thinkphp/Home/Index/user_name
INFO: [ app_begin ] --START--
INFO: Run Behavior\ReadHtmlCache [ RunTime:0.000822s ]
INFO: [ app_begin ] --END-- [ RunTime:0.001388s ]
NOTIC: [8] A session had already been started - ignoring session_start() F:\www\hahaha\thinkphp\Application\Home\Controller\IndexController.class.php 第 32 行.
NOTIC: [8] Undefined index: id F:\www\hahaha\thinkphp\Application\Home\Controller\IndexController.class.php 第 33 行.
INFO: [ app_end ] --START--
INFO: Run Behavior\ShowPageTrace [ RunTime:0.001632s ]
INFO: [ app_end ] --END-- [ RunTime:0.001704s ]

[ 2017-02-18T10:55:41+08:00 ] ::1 /hahaha/thinkphp/Home/Index/user_name
INFO: [ app_begin ] --START--
INFO: Run Behavior\ReadHtmlCache [ RunTime:0.000477s ]
INFO: [ app_begin ] --END-- [ RunTime:0.000872s ]
NOTIC: [8] A session had already been started - ignoring session_start() F:\www\hahaha\thinkphp\Application\Home\Controller\IndexController.class.php 第 32 行.
NOTIC: [8] Undefined index: id F:\www\hahaha\thinkphp\Application\Home\Controller\IndexController.class.php 第 33 行.
INFO: [ app_end ] --START--
INFO: Run Behavior\ShowPageTrace [ RunTime:0.000447s ]
INFO: [ app_end ] --END-- [ RunTime:0.000495s ]

[ 2017-02-18T10:56:30+08:00 ] ::1 /hahaha/thinkphp/Home/Index/user_name
INFO: [ app_begin ] --START--
INFO: Run Behavior\ReadHtmlCache [ RunTime:0.000858s ]
INFO: [ app_begin ] --END-- [ RunTime:0.002494s ]
NOTIC: [8] A session had already been started - ignoring session_start() F:\www\hahaha\thinkphp\Application\Home\Controller\IndexController.class.php 第 32 行.
NOTIC: [8] Undefined index: id F:\www\hahaha\thinkphp\Application\Home\Controller\IndexController.class.php 第 33 行.
INFO: [ app_end ] --START--
INFO: Run Behavior\ShowPageTrace [ RunTime:0.002426s ]
INFO: [ app_end ] --END-- [ RunTime:0.002523s ]

[ 2017-02-18T10:57:38+08:00 ] ::1 /hahaha/thinkphp/Home/Index/user_name
INFO: [ app_begin ] --START--
INFO: Run Behavior\ReadHtmlCache [ RunTime:0.000897s ]
INFO: [ app_begin ] --END-- [ RunTime:0.001837s ]
NOTIC: [8] A session had already been started - ignoring session_start() F:\www\hahaha\thinkphp\Application\Home\Controller\IndexController.class.php 第 32 行.
NOTIC: [8] Undefined index: id F:\www\hahaha\thinkphp\Application\Home\Controller\IndexController.class.php 第 33 行.
INFO: [ app_end ] --START--
INFO: Run Behavior\ShowPageTrace [ RunTime:0.000744s ]
INFO: [ app_end ] --END-- [ RunTime:0.000868s ]

[ 2017-02-18T10:59:02+08:00 ] ::1 /hahaha/thinkphp/Home/Index/user_name
INFO: [ app_begin ] --START--
INFO: Run Behavior\ReadHtmlCache [ RunTime:0.001958s ]
INFO: [ app_begin ] --END-- [ RunTime:0.003699s ]
NOTIC: [8] A session had already been started - ignoring session_start() F:\www\hahaha\thinkphp\Application\Home\Controller\IndexController.class.php 第 32 行.
NOTIC: [8] Undefined index: id F:\www\hahaha\thinkphp\Application\Home\Controller\IndexController.class.php 第 33 行.
INFO: [ app_end ] --START--
INFO: Run Behavior\ShowPageTrace [ RunTime:0.000917s ]
INFO: [ app_end ] --END-- [ RunTime:0.000995s ]

[ 2017-02-18T10:59:07+08:00 ] ::1 /hahaha/thinkphp/Home/Index/user_name
INFO: [ app_begin ] --START--
INFO: Run Behavior\ReadHtmlCache [ RunTime:0.000802s ]
INFO: [ app_begin ] --END-- [ RunTime:0.001498s ]
NOTIC: [8] A session had already been started - ignoring session_start() F:\www\hahaha\thinkphp\Application\Home\Controller\IndexController.class.php 第 32 行.
NOTIC: [8] Undefined index: id F:\www\hahaha\thinkphp\Application\Home\Controller\IndexController.class.php 第 33 行.
INFO: [ app_end ] --START--
INFO: Run Behavior\ShowPageTrace [ RunTime:0.001419s ]
INFO: [ app_end ] --END-- [ RunTime:0.001544s ]

[ 2017-02-18T10:59:29+08:00 ] ::1 /hahaha/thinkphp/Home/Index/user_name
INFO: [ app_begin ] --START--
INFO: Run Behavior\ReadHtmlCache [ RunTime:0.001113s ]
INFO: [ app_begin ] --END-- [ RunTime:0.002183s ]
NOTIC: [8] A session had already been started - ignoring session_start() F:\www\hahaha\thinkphp\Application\Home\Controller\IndexController.class.php 第 32 行.
NOTIC: [8] Undefined index: id F:\www\hahaha\thinkphp\Application\Home\Controller\IndexController.class.php 第 33 行.
INFO: [ app_end ] --START--
INFO: Run Behavior\ShowPageTrace [ RunTime:0.000720s ]
INFO: [ app_end ] --END-- [ RunTime:0.000859s ]

[ 2017-02-18T11:00:55+08:00 ] ::1 /hahaha/thinkphp/Home/Index/user_name
INFO: [ app_begin ] --START--
INFO: Run Behavior\ReadHtmlCache [ RunTime:0.000709s ]
INFO: [ app_begin ] --END-- [ RunTime:0.001196s ]
NOTIC: [8] A session had already been started - ignoring session_start() F:\www\hahaha\thinkphp\Application\Home\Controller\IndexController.class.php 第 32 行.
NOTIC: [8] Undefined index: id F:\www\hahaha\thinkphp\Application\Home\Controller\IndexController.class.php 第 33 行.
INFO: [ app_end ] --START--
INFO: Run Behavior\ShowPageTrace [ RunTime:0.000741s ]
INFO: [ app_end ] --END-- [ RunTime:0.000797s ]

[ 2017-02-18T11:01:26+08:00 ] ::1 /hahaha/thinkphp/Home/Index/user_name
INFO: [ app_begin ] --START--
INFO: Run Behavior\ReadHtmlCache [ RunTime:0.001228s ]
INFO: [ app_begin ] --END-- [ RunTime:0.002393s ]
NOTIC: [8] A session had already been started - ignoring session_start() F:\www\hahaha\thinkphp\Application\Home\Controller\IndexController.class.php 第 32 行.
NOTIC: [8] Undefined index: id F:\www\hahaha\thinkphp\Application\Home\Controller\IndexController.class.php 第 33 行.
INFO: [ app_end ] --START--
INFO: Run Behavior\ShowPageTrace [ RunTime:0.000748s ]
INFO: [ app_end ] --END-- [ RunTime:0.000824s ]

[ 2017-02-18T11:01:50+08:00 ] ::1 /hahaha/thinkphp/Home/Index/user_name
INFO: [ app_begin ] --START--
INFO: Run Behavior\ReadHtmlCache [ RunTime:0.001298s ]
INFO: [ app_begin ] --END-- [ RunTime:0.002601s ]
NOTIC: [8] A session had already been started - ignoring session_start() F:\www\hahaha\thinkphp\Application\Home\Controller\IndexController.class.php 第 32 行.
NOTIC: [8] Undefined index: id F:\www\hahaha\thinkphp\Application\Home\Controller\IndexController.class.php 第 33 行.
INFO: [ app_end ] --START--
INFO: Run Behavior\ShowPageTrace [ RunTime:0.000801s ]
INFO: [ app_end ] --END-- [ RunTime:0.000868s ]

[ 2017-02-18T11:02:05+08:00 ] ::1 /hahaha/thinkphp/Home/Index/user_name
INFO: [ app_begin ] --START--
INFO: Run Behavior\ReadHtmlCache [ RunTime:0.000823s ]
INFO: [ app_begin ] --END-- [ RunTime:0.001577s ]
NOTIC: [8] A session had already been started - ignoring session_start() F:\www\hahaha\thinkphp\Application\Home\Controller\IndexController.class.php 第 32 行.
NOTIC: [8] Undefined index: id F:\www\hahaha\thinkphp\Application\Home\Controller\IndexController.class.php 第 33 行.
INFO: [ app_end ] --START--
INFO: Run Behavior\ShowPageTrace [ RunTime:0.000921s ]
INFO: [ app_end ] --END-- [ RunTime:0.001014s ]

[ 2017-02-18T11:04:32+08:00 ] ::1 /hahaha/thinkphp/Home/Index/user_name
INFO: [ app_begin ] --START--
INFO: Run Behavior\ReadHtmlCache [ RunTime:0.001545s ]
INFO: [ app_begin ] --END-- [ RunTime:0.002454s ]
NOTIC: [8] A session had already been started - ignoring session_start() F:\www\hahaha\thinkphp\Application\Home\Controller\IndexController.class.php 第 32 行.
NOTIC: [8] Undefined index: id F:\www\hahaha\thinkphp\Application\Home\Controller\IndexController.class.php 第 33 行.
INFO: [ app_end ] --START--
INFO: Run Behavior\ShowPageTrace [ RunTime:0.001599s ]
INFO: [ app_end ] --END-- [ RunTime:0.001758s ]

[ 2017-02-18T11:04:44+08:00 ] ::1 /hahaha/thinkphp/Home/Index/user_name
INFO: [ app_begin ] --START--
INFO: Run Behavior\ReadHtmlCache [ RunTime:0.000786s ]
INFO: [ app_begin ] --END-- [ RunTime:0.002545s ]
NOTIC: [8] A session had already been started - ignoring session_start() F:\www\hahaha\thinkphp\Application\Home\Controller\IndexController.class.php 第 32 行.
NOTIC: [8] Undefined index: id F:\www\hahaha\thinkphp\Application\Home\Controller\IndexController.class.php 第 33 行.
INFO: [ app_end ] --START--
INFO: Run Behavior\ShowPageTrace [ RunTime:0.000852s ]
INFO: [ app_end ] --END-- [ RunTime:0.000936s ]

[ 2017-02-18T11:04:51+08:00 ] ::1 /hahaha/thinkphp/Home/Index/user_name
INFO: [ app_begin ] --START--
INFO: Run Behavior\ReadHtmlCache [ RunTime:0.000736s ]
INFO: [ app_begin ] --END-- [ RunTime:0.001450s ]
NOTIC: [8] A session had already been started - ignoring session_start() F:\www\hahaha\thinkphp\Application\Home\Controller\IndexController.class.php 第 32 行.
NOTIC: [8] Undefined index: id F:\www\hahaha\thinkphp\Application\Home\Controller\IndexController.class.php 第 33 行.
INFO: [ app_end ] --START--
INFO: Run Behavior\ShowPageTrace [ RunTime:0.001505s ]
INFO: [ app_end ] --END-- [ RunTime:0.001666s ]

[ 2017-02-18T11:06:10+08:00 ] ::1 /hahaha/thinkphp/Home/Index/user_name
INFO: [ app_begin ] --START--
INFO: Run Behavior\ReadHtmlCache [ RunTime:0.000502s ]
INFO: [ app_begin ] --END-- [ RunTime:0.001094s ]
NOTIC: [8] A session had already been started - ignoring session_start() F:\www\hahaha\thinkphp\Application\Home\Controller\IndexController.class.php 第 32 行.
NOTIC: [8] Undefined index: id F:\www\hahaha\thinkphp\Application\Home\Controller\IndexController.class.php 第 33 行.
INFO: [ app_end ] --START--
INFO: Run Behavior\ShowPageTrace [ RunTime:0.000444s ]
INFO: [ app_end ] --END-- [ RunTime:0.000486s ]

[ 2017-02-18T11:07:14+08:00 ] ::1 /hahaha/thinkphp/Home/Index/user_name
INFO: [ app_begin ] --START--
INFO: Run Behavior\ReadHtmlCache [ RunTime:0.001100s ]
INFO: [ app_begin ] --END-- [ RunTime:0.001919s ]
NOTIC: [8] A session had already been started - ignoring session_start() F:\www\hahaha\thinkphp\Application\Home\Controller\IndexController.class.php 第 32 行.
NOTIC: [8] Undefined index: id F:\www\hahaha\thinkphp\Application\Home\Controller\IndexController.class.php 第 33 行.
INFO: [ app_end ] --START--
INFO: Run Behavior\ShowPageTrace [ RunTime:0.001196s ]
INFO: [ app_end ] --END-- [ RunTime:0.001302s ]

[ 2017-02-18T11:08:01+08:00 ] ::1 /hahaha/thinkphp/Home/Index/user_name
INFO: [ app_begin ] --START--
INFO: Run Behavior\ReadHtmlCache [ RunTime:0.000823s ]
INFO: [ app_begin ] --END-- [ RunTime:0.001528s ]
NOTIC: [8] A session had already been started - ignoring session_start() F:\www\hahaha\thinkphp\Application\Home\Controller\IndexController.class.php 第 32 行.
NOTIC: [8] Undefined index: id F:\www\hahaha\thinkphp\Application\Home\Controller\IndexController.class.php 第 33 行.
INFO: [ app_end ] --START--
INFO: Run Behavior\ShowPageTrace [ RunTime:0.003545s ]
INFO: [ app_end ] --END-- [ RunTime:0.003815s ]

[ 2017-02-18T11:09:39+08:00 ] ::1 /hahaha/thinkphp/Home/Index/user_name
INFO: [ app_begin ] --START--
INFO: Run Behavior\ReadHtmlCache [ RunTime:0.000634s ]
INFO: [ app_begin ] --END-- [ RunTime:0.001079s ]
NOTIC: [8] A session had already been started - ignoring session_start() F:\www\hahaha\thinkphp\Application\Home\Controller\IndexController.class.php 第 32 行.
NOTIC: [8] Undefined index: id F:\www\hahaha\thinkphp\Application\Home\Controller\IndexController.class.php 第 33 行.
INFO: [ app_end ] --START--
INFO: Run Behavior\ShowPageTrace [ RunTime:0.000557s ]
INFO: [ app_end ] --END-- [ RunTime:0.000637s ]

[ 2017-02-18T11:09:42+08:00 ] ::1 /hahaha/thinkphp/Home/Index/user_name
INFO: [ app_begin ] --START--
INFO: Run Behavior\ReadHtmlCache [ RunTime:0.000435s ]
INFO: [ app_begin ] --END-- [ RunTime:0.000850s ]
NOTIC: [8] A session had already been started - ignoring session_start() F:\www\hahaha\thinkphp\Application\Home\Controller\IndexController.class.php 第 32 行.
NOTIC: [8] Undefined index: id F:\www\hahaha\thinkphp\Application\Home\Controller\IndexController.class.php 第 33 行.
INFO: [ app_end ] --START--
INFO: Run Behavior\ShowPageTrace [ RunTime:0.000433s ]
INFO: [ app_end ] --END-- [ RunTime:0.000476s ]

[ 2017-02-18T11:09:51+08:00 ] ::1 /hahaha/thinkphp/Home/Index/user_name
INFO: [ app_begin ] --START--
INFO: Run Behavior\ReadHtmlCache [ RunTime:0.000825s ]
INFO: [ app_begin ] --END-- [ RunTime:0.001488s ]
NOTIC: [8] A session had already been started - ignoring session_start() F:\www\hahaha\thinkphp\Application\Home\Controller\IndexController.class.php 第 32 行.
NOTIC: [8] Undefined index: id F:\www\hahaha\thinkphp\Application\Home\Controller\IndexController.class.php 第 33 行.
INFO: [ app_end ] --START--
INFO: Run Behavior\ShowPageTrace [ RunTime:0.001049s ]
INFO: [ app_end ] --END-- [ RunTime:0.001131s ]

[ 2017-02-18T11:10:07+08:00 ] ::1 /hahaha/thinkphp/Home/Index/user_name
INFO: [ app_begin ] --START--
INFO: Run Behavior\ReadHtmlCache [ RunTime:0.001219s ]
INFO: [ app_begin ] --END-- [ RunTime:0.004043s ]
NOTIC: [8] A session had already been started - ignoring session_start() F:\www\hahaha\thinkphp\Application\Home\Controller\IndexController.class.php 第 32 行.
NOTIC: [8] Undefined index: id F:\www\hahaha\thinkphp\Application\Home\Controller\IndexController.class.php 第 33 行.
INFO: [ app_end ] --START--
INFO: Run Behavior\ShowPageTrace [ RunTime:0.000684s ]
INFO: [ app_end ] --END-- [ RunTime:0.000760s ]

[ 2017-02-18T11:10:35+08:00 ] ::1 /hahaha/thinkphp/Home/Index/user_name
INFO: [ app_begin ] --START--
INFO: Run Behavior\ReadHtmlCache [ RunTime:0.001093s ]
INFO: [ app_begin ] --END-- [ RunTime:0.002090s ]
NOTIC: [8] A session had already been started - ignoring session_start() F:\www\hahaha\thinkphp\Application\Home\Controller\IndexController.class.php 第 32 行.
NOTIC: [8] Undefined index: id F:\www\hahaha\thinkphp\Application\Home\Controller\IndexController.class.php 第 33 行.
INFO: [ app_end ] --START--
INFO: Run Behavior\ShowPageTrace [ RunTime:0.000707s ]
INFO: [ app_end ] --END-- [ RunTime:0.000789s ]

[ 2017-02-18T11:14:20+08:00 ] ::1 /hahaha/thinkphp/Home/Index/user_name
INFO: [ app_begin ] --START--
INFO: Run Behavior\ReadHtmlCache [ RunTime:0.000557s ]
INFO: [ app_begin ] --END-- [ RunTime:0.001222s ]
NOTIC: [8] A session had already been started - ignoring session_start() F:\www\hahaha\thinkphp\Application\Home\Controller\IndexController.class.php 第 32 行.
NOTIC: [8] Undefined index: id F:\www\hahaha\thinkphp\Application\Home\Controller\IndexController.class.php 第 33 行.
INFO: [ app_end ] --START--
INFO: Run Behavior\ShowPageTrace [ RunTime:0.000475s ]
INFO: [ app_end ] --END-- [ RunTime:0.000521s ]

[ 2017-02-18T11:14:36+08:00 ] ::1 /hahaha/thinkphp/Home/Index/user_name
INFO: [ app_begin ] --START--
INFO: Run Behavior\ReadHtmlCache [ RunTime:0.000520s ]
INFO: [ app_begin ] --END-- [ RunTime:0.000933s ]
NOTIC: [8] A session had already been started - ignoring session_start() F:\www\hahaha\thinkphp\Application\Home\Controller\IndexController.class.php 第 32 行.
NOTIC: [8] Undefined index: id F:\www\hahaha\thinkphp\Application\Home\Controller\IndexController.class.php 第 33 行.
INFO: [ app_end ] --START--
INFO: Run Behavior\ShowPageTrace [ RunTime:0.000471s ]
INFO: [ app_end ] --END-- [ RunTime:0.000522s ]

[ 2017-02-18T11:16:39+08:00 ] ::1 /hahaha/thinkphp/Home/Index/user_name
INFO: [ app_begin ] --START--
INFO: Run Behavior\ReadHtmlCache [ RunTime:0.000794s ]
INFO: [ app_begin ] --END-- [ RunTime:0.001542s ]
NOTIC: [8] A session had already been started - ignoring session_start() F:\www\hahaha\thinkphp\Application\Home\Controller\IndexController.class.php 第 32 行.
NOTIC: [8] Undefined index: id F:\www\hahaha\thinkphp\Application\Home\Controller\IndexController.class.php 第 33 行.
INFO: [ app_end ] --START--
INFO: Run Behavior\ShowPageTrace [ RunTime:0.000864s ]
INFO: [ app_end ] --END-- [ RunTime:0.000941s ]

[ 2017-02-18T11:16:58+08:00 ] ::1 /hahaha/thinkphp/Home/Index/user_name
INFO: [ app_begin ] --START--
INFO: Run Behavior\ReadHtmlCache [ RunTime:0.000432s ]
INFO: [ app_begin ] --END-- [ RunTime:0.000814s ]
NOTIC: [8] A session had already been started - ignoring session_start() F:\www\hahaha\thinkphp\Application\Home\Controller\IndexController.class.php 第 32 行.
NOTIC: [8] Undefined index: id F:\www\hahaha\thinkphp\Application\Home\Controller\IndexController.class.php 第 33 行.
INFO: [ app_end ] --START--
INFO: Run Behavior\ShowPageTrace [ RunTime:0.000470s ]
INFO: [ app_end ] --END-- [ RunTime:0.000507s ]

[ 2017-02-18T11:17:39+08:00 ] ::1 /hahaha/thinkphp/Home/Index/user_name
INFO: [ app_begin ] --START--
INFO: Run Behavior\ReadHtmlCache [ RunTime:0.000905s ]
INFO: [ app_begin ] --END-- [ RunTime:0.001634s ]
NOTIC: [8] A session had already been started - ignoring session_start() F:\www\hahaha\thinkphp\Application\Home\Controller\IndexController.class.php 第 32 行.
NOTIC: [8] Undefined index: id F:\www\hahaha\thinkphp\Application\Home\Controller\IndexController.class.php 第 33 行.
INFO: [ app_end ] --START--
INFO: Run Behavior\ShowPageTrace [ RunTime:0.000504s ]
INFO: [ app_end ] --END-- [ RunTime:0.000547s ]

[ 2017-02-18T11:18:06+08:00 ] ::1 /hahaha/thinkphp/Home/Index/user_name
INFO: [ app_begin ] --START--
INFO: Run Behavior\ReadHtmlCache [ RunTime:0.000431s ]
INFO: [ app_begin ] --END-- [ RunTime:0.000777s ]
NOTIC: [8] A session had already been started - ignoring session_start() F:\www\hahaha\thinkphp\Application\Home\Controller\IndexController.class.php 第 32 行.
NOTIC: [8] Undefined index: id F:\www\hahaha\thinkphp\Application\Home\Controller\IndexController.class.php 第 33 行.
INFO: [ app_end ] --START--
INFO: Run Behavior\ShowPageTrace [ RunTime:0.000468s ]
INFO: [ app_end ] --END-- [ RunTime:0.000520s ]

[ 2017-02-18T15:26:08+08:00 ] ::1 /hahaha/thinkphp/Home/Index/user_name
INFO: [ app_begin ] --START--
INFO: Run Behavior\ReadHtmlCache [ RunTime:0.001009s ]
INFO: [ app_begin ] --END-- [ RunTime:0.002040s ]
NOTIC: [8] A session had already been started - ignoring session_start() F:\www\hahaha\thinkphp\Application\Home\Controller\IndexController.class.php 第 32 行.
NOTIC: [8] Undefined index: id F:\www\hahaha\thinkphp\Application\Home\Controller\IndexController.class.php 第 33 行.
INFO: [ app_end ] --START--
INFO: Run Behavior\ShowPageTrace [ RunTime:0.000713s ]
INFO: [ app_end ] --END-- [ RunTime:0.000775s ]

[ 2017-02-18T15:27:22+08:00 ] ::1 /hahaha/thinkphp/Home/Index/user_name
INFO: [ app_begin ] --START--
INFO: Run Behavior\ReadHtmlCache [ RunTime:0.001012s ]
INFO: [ app_begin ] --END-- [ RunTime:0.001590s ]
NOTIC: [8] A session had already been started - ignoring session_start() F:\www\hahaha\thinkphp\Application\Home\Controller\IndexController.class.php 第 32 行.
NOTIC: [8] Undefined index: id F:\www\hahaha\thinkphp\Application\Home\Controller\IndexController.class.php 第 33 行.
INFO: [ app_end ] --START--
INFO: Run Behavior\ShowPageTrace [ RunTime:0.000854s ]
INFO: [ app_end ] --END-- [ RunTime:0.000928s ]

[ 2017-02-18T15:29:07+08:00 ] ::1 /hahaha/thinkphp/Home/Index/user_name
INFO: [ app_begin ] --START--
INFO: Run Behavior\ReadHtmlCache [ RunTime:0.000787s ]
INFO: [ app_begin ] --END-- [ RunTime:0.001505s ]
NOTIC: [8] A session had already been started - ignoring session_start() F:\www\hahaha\thinkphp\Application\Home\Controller\IndexController.class.php 第 32 行.
NOTIC: [8] Undefined index: id F:\www\hahaha\thinkphp\Application\Home\Controller\IndexController.class.php 第 33 行.
INFO: [ app_end ] --START--
INFO: Run Behavior\ShowPageTrace [ RunTime:0.001222s ]
INFO: [ app_end ] --END-- [ RunTime:0.001328s ]

[ 2017-02-18T15:34:05+08:00 ] ::1 /hahaha/thinkphp/Home/Index/user_name
INFO: [ app_begin ] --START--
INFO: Run Behavior\ReadHtmlCache [ RunTime:0.000916s ]
INFO: [ app_begin ] --END-- [ RunTime:0.001562s ]
NOTIC: [8] A session had already been started - ignoring session_start() F:\www\hahaha\thinkphp\Application\Home\Controller\IndexController.class.php 第 32 行.
NOTIC: [8] Undefined index: id F:\www\hahaha\thinkphp\Application\Home\Controller\IndexController.class.php 第 33 行.
INFO: [ app_end ] --START--
INFO: Run Behavior\ShowPageTrace [ RunTime:0.000964s ]
INFO: [ app_end ] --END-- [ RunTime:0.001047s ]

[ 2017-02-18T15:35:22+08:00 ] ::1 /hahaha/thinkphp/Home/Index/user_name
INFO: [ app_begin ] --START--
INFO: Run Behavior\ReadHtmlCache [ RunTime:0.000770s ]
INFO: [ app_begin ] --END-- [ RunTime:0.001860s ]
NOTIC: [8] A session had already been started - ignoring session_start() F:\www\hahaha\thinkphp\Application\Home\Controller\IndexController.class.php 第 32 行.
NOTIC: [8] Undefined index: id F:\www\hahaha\thinkphp\Application\Home\Controller\IndexController.class.php 第 33 行.
INFO: [ app_end ] --START--
INFO: Run Behavior\ShowPageTrace [ RunTime:0.000767s ]
INFO: [ app_end ] --END-- [ RunTime:0.000841s ]

[ 2017-02-18T15:37:09+08:00 ] ::1 /hahaha/thinkphp/Home/Index/user_name
INFO: [ app_begin ] --START--
INFO: Run Behavior\ReadHtmlCache [ RunTime:0.000873s ]
INFO: [ app_begin ] --END-- [ RunTime:0.001807s ]
NOTIC: [8] A session had already been started - ignoring session_start() F:\www\hahaha\thinkphp\Application\Home\Controller\IndexController.class.php 第 32 行.
NOTIC: [8] Undefined index: id F:\www\hahaha\thinkphp\Application\Home\Controller\IndexController.class.php 第 33 行.
INFO: [ app_end ] --START--
INFO: Run Behavior\ShowPageTrace [ RunTime:0.000998s ]
INFO: [ app_end ] --END-- [ RunTime:0.001077s ]

[ 2017-02-18T15:37:48+08:00 ] ::1 /hahaha/thinkphp/Home/Index/user_name
INFO: [ app_begin ] --START--
INFO: Run Behavior\ReadHtmlCache [ RunTime:0.001383s ]
INFO: [ app_begin ] --END-- [ RunTime:0.002541s ]
NOTIC: [8] A session had already been started - ignoring session_start() F:\www\hahaha\thinkphp\Application\Home\Controller\IndexController.class.php 第 32 行.
NOTIC: [8] Undefined index: id F:\www\hahaha\thinkphp\Application\Home\Controller\IndexController.class.php 第 33 行.
INFO: [ app_end ] --START--
INFO: Run Behavior\ShowPageTrace [ RunTime:0.000812s ]
INFO: [ app_end ] --END-- [ RunTime:0.000890s ]

[ 2017-02-18T15:39:36+08:00 ] ::1 /hahaha/thinkphp/Home/Index/user_name
INFO: [ app_begin ] --START--
INFO: Run Behavior\ReadHtmlCache [ RunTime:0.001487s ]
INFO: [ app_begin ] --END-- [ RunTime:0.002353s ]
NOTIC: [8] A session had already been started - ignoring session_start() F:\www\hahaha\thinkphp\Application\Home\Controller\IndexController.class.php 第 32 行.
NOTIC: [8] Undefined index: id F:\www\hahaha\thinkphp\Application\Home\Controller\IndexController.class.php 第 33 行.
INFO: [ app_end ] --START--
INFO: Run Behavior\ShowPageTrace [ RunTime:0.000928s ]
INFO: [ app_end ] --END-- [ RunTime:0.001039s ]

[ 2017-02-18T15:40:07+08:00 ] ::1 /hahaha/thinkphp/Home/Index/user_name
INFO: [ app_begin ] --START--
INFO: Run Behavior\ReadHtmlCache [ RunTime:0.000693s ]
INFO: [ app_begin ] --END-- [ RunTime:0.001478s ]
NOTIC: [8] A session had already been started - ignoring session_start() F:\www\hahaha\thinkphp\Application\Home\Controller\IndexController.class.php 第 32 行.
NOTIC: [8] Undefined index: id F:\www\hahaha\thinkphp\Application\Home\Controller\IndexController.class.php 第 33 行.
INFO: [ app_end ] --START--
INFO: Run Behavior\ShowPageTrace [ RunTime:0.001603s ]
INFO: [ app_end ] --END-- [ RunTime:0.001761s ]

[ 2017-02-18T15:40:56+08:00 ] ::1 /hahaha/thinkphp/Home/Index/user_name
INFO: [ app_begin ] --START--
INFO: Run Behavior\ReadHtmlCache [ RunTime:0.004129s ]
INFO: [ app_begin ] --END-- [ RunTime:0.005171s ]
NOTIC: [8] A session had already been started - ignoring session_start() F:\www\hahaha\thinkphp\Application\Home\Controller\IndexController.class.php 第 32 行.
NOTIC: [8] Undefined index: id F:\www\hahaha\thinkphp\Application\Home\Controller\IndexController.class.php 第 33 行.
INFO: [ app_end ] --START--
INFO: Run Behavior\ShowPageTrace [ RunTime:0.001064s ]
INFO: [ app_end ] --END-- [ RunTime:0.001146s ]

[ 2017-02-18T15:42:49+08:00 ] ::1 /hahaha/thinkphp/Home/Index/user_name
INFO: [ app_begin ] --START--
INFO: Run Behavior\ReadHtmlCache [ RunTime:0.001104s ]
INFO: [ app_begin ] --END-- [ RunTime:0.001746s ]
NOTIC: [8] A session had already been started - ignoring session_start() F:\www\hahaha\thinkphp\Application\Home\Controller\IndexController.class.php 第 32 行.
NOTIC: [8] Undefined index: id F:\www\hahaha\thinkphp\Application\Home\Controller\IndexController.class.php 第 33 行.
INFO: [ app_end ] --START--
INFO: Run Behavior\ShowPageTrace [ RunTime:0.001827s ]
INFO: [ app_end ] --END-- [ RunTime:0.001922s ]

[ 2017-02-18T15:44:10+08:00 ] ::1 /hahaha/thinkphp/Home/Index/user_name
INFO: [ app_begin ] --START--
INFO: Run Behavior\ReadHtmlCache [ RunTime:0.000757s ]
INFO: [ app_begin ] --END-- [ RunTime:0.001513s ]
NOTIC: [8] A session had already been started - ignoring session_start() F:\www\hahaha\thinkphp\Application\Home\Controller\IndexController.class.php 第 32 行.
NOTIC: [8] Undefined index: id F:\www\hahaha\thinkphp\Application\Home\Controller\IndexController.class.php 第 33 行.
INFO: [ app_end ] --START--
INFO: Run Behavior\ShowPageTrace [ RunTime:0.000775s ]
INFO: [ app_end ] --END-- [ RunTime:0.000849s ]

[ 2017-02-18T15:45:14+08:00 ] ::1 /hahaha/thinkphp/Home/Index/user_name
INFO: [ app_begin ] --START--
INFO: Run Behavior\ReadHtmlCache [ RunTime:0.002111s ]
INFO: [ app_begin ] --END-- [ RunTime:0.002989s ]
NOTIC: [8] A session had already been started - ignoring session_start() F:\www\hahaha\thinkphp\Application\Home\Controller\IndexController.class.php 第 32 行.
NOTIC: [8] Undefined index: id F:\www\hahaha\thinkphp\Application\Home\Controller\IndexController.class.php 第 33 行.
INFO: [ app_end ] --START--
INFO: Run Behavior\ShowPageTrace [ RunTime:0.000776s ]
INFO: [ app_end ] --END-- [ RunTime:0.000851s ]

[ 2017-02-18T15:45:37+08:00 ] ::1 /hahaha/thinkphp/Home/Index/user_name
INFO: [ app_begin ] --START--
INFO: Run Behavior\ReadHtmlCache [ RunTime:0.002191s ]
INFO: [ app_begin ] --END-- [ RunTime:0.003155s ]
NOTIC: [8] A session had already been started - ignoring session_start() F:\www\hahaha\thinkphp\Application\Home\Controller\IndexController.class.php 第 32 行.
NOTIC: [8] Undefined index: id F:\www\hahaha\thinkphp\Application\Home\Controller\IndexController.class.php 第 33 行.
INFO: [ app_end ] --START--
INFO: Run Behavior\ShowPageTrace [ RunTime:0.001630s ]
INFO: [ app_end ] --END-- [ RunTime:0.001720s ]

[ 2017-02-18T15:48:44+08:00 ] ::1 /hahaha/thinkphp/Home/Index/user_name
INFO: [ app_begin ] --START--
INFO: Run Behavior\ReadHtmlCache [ RunTime:0.000782s ]
INFO: [ app_begin ] --END-- [ RunTime:0.001504s ]
NOTIC: [8] A session had already been started - ignoring session_start() F:\www\hahaha\thinkphp\Application\Home\Controller\IndexController.class.php 第 32 行.
NOTIC: [8] Undefined index: id F:\www\hahaha\thinkphp\Application\Home\Controller\IndexController.class.php 第 33 行.
INFO: [ app_end ] --START--
INFO: Run Behavior\ShowPageTrace [ RunTime:0.000854s ]
INFO: [ app_end ] --END-- [ RunTime:0.000926s ]

[ 2017-02-18T15:49:05+08:00 ] ::1 /hahaha/thinkphp/Home/Index/user_name
INFO: [ app_begin ] --START--
INFO: Run Behavior\ReadHtmlCache [ RunTime:0.000846s ]
INFO: [ app_begin ] --END-- [ RunTime:0.001590s ]
NOTIC: [8] A session had already been started - ignoring session_start() F:\www\hahaha\thinkphp\Application\Home\Controller\IndexController.class.php 第 32 行.
NOTIC: [8] Undefined index: id F:\www\hahaha\thinkphp\Application\Home\Controller\IndexController.class.php 第 33 行.
INFO: [ app_end ] --START--
INFO: Run Behavior\ShowPageTrace [ RunTime:0.000742s ]
INFO: [ app_end ] --END-- [ RunTime:0.000808s ]

[ 2017-02-18T15:49:36+08:00 ] ::1 /hahaha/thinkphp/Home/Index/user_name
INFO: [ app_begin ] --START--
INFO: Run Behavior\ReadHtmlCache [ RunTime:0.000569s ]
INFO: [ app_begin ] --END-- [ RunTime:0.001002s ]
NOTIC: [8] A session had already been started - ignoring session_start() F:\www\hahaha\thinkphp\Application\Home\Controller\IndexController.class.php 第 32 行.
NOTIC: [8] Undefined index: id F:\www\hahaha\thinkphp\Application\Home\Controller\IndexController.class.php 第 33 行.
INFO: [ app_end ] --START--
INFO: Run Behavior\ShowPageTrace [ RunTime:0.001225s ]
INFO: [ app_end ] --END-- [ RunTime:0.001352s ]

[ 2017-02-18T15:50:20+08:00 ] ::1 /hahaha/thinkphp/Home/Index/user_name
INFO: [ app_begin ] --START--
INFO: Run Behavior\ReadHtmlCache [ RunTime:0.000991s ]
INFO: [ app_begin ] --END-- [ RunTime:0.001702s ]
NOTIC: [8] A session had already been started - ignoring session_start() F:\www\hahaha\thinkphp\Application\Home\Controller\IndexController.class.php 第 32 行.
NOTIC: [8] Undefined index: id F:\www\hahaha\thinkphp\Application\Home\Controller\IndexController.class.php 第 33 行.
INFO: [ app_end ] --START--
INFO: Run Behavior\ShowPageTrace [ RunTime:0.000918s ]
INFO: [ app_end ] --END-- [ RunTime:0.001020s ]

[ 2017-02-18T15:57:58+08:00 ] ::1 /hahaha/thinkphp/Home/Index/user_name
INFO: [ app_begin ] --START--
INFO: Run Behavior\ReadHtmlCache [ RunTime:0.001191s ]
INFO: [ app_begin ] --END-- [ RunTime:0.001909s ]
NOTIC: [8] A session had already been started - ignoring session_start() F:\www\hahaha\thinkphp\Application\Home\Controller\IndexController.class.php 第 32 行.
NOTIC: [8] Undefined index: id F:\www\hahaha\thinkphp\Application\Home\Controller\IndexController.class.php 第 33 行.
INFO: [ app_end ] --START--
INFO: Run Behavior\ShowPageTrace [ RunTime:0.000867s ]
INFO: [ app_end ] --END-- [ RunTime:0.000943s ]

[ 2017-02-18T15:59:18+08:00 ] ::1 /hahaha/thinkphp/Home/Index/user_name
INFO: [ app_begin ] --START--
INFO: Run Behavior\ReadHtmlCache [ RunTime:0.000990s ]
INFO: [ app_begin ] --END-- [ RunTime:0.001699s ]
NOTIC: [8] A session had already been started - ignoring session_start() F:\www\hahaha\thinkphp\Application\Home\Controller\IndexController.class.php 第 32 行.
NOTIC: [8] Undefined index: id F:\www\hahaha\thinkphp\Application\Home\Controller\IndexController.class.php 第 33 行.
INFO: [ app_end ] --START--
INFO: Run Behavior\ShowPageTrace [ RunTime:0.000827s ]
INFO: [ app_end ] --END-- [ RunTime:0.000903s ]

[ 2017-02-18T16:00:32+08:00 ] ::1 /hahaha/thinkphp/Home/Index/user_name
INFO: [ app_begin ] --START--
INFO: Run Behavior\ReadHtmlCache [ RunTime:0.001066s ]
INFO: [ app_begin ] --END-- [ RunTime:0.002096s ]
NOTIC: [8] A session had already been started - ignoring session_start() F:\www\hahaha\thinkphp\Application\Home\Controller\IndexController.class.php 第 32 行.
NOTIC: [8] Undefined index: id F:\www\hahaha\thinkphp\Application\Home\Controller\IndexController.class.php 第 33 行.
INFO: [ app_end ] --START--
INFO: Run Behavior\ShowPageTrace [ RunTime:0.001060s ]
INFO: [ app_end ] --END-- [ RunTime:0.001175s ]

[ 2017-02-18T16:00:37+08:00 ] ::1 /hahaha/thinkphp/Home/Index/user_name
INFO: [ app_begin ] --START--
INFO: Run Behavior\ReadHtmlCache [ RunTime:0.000779s ]
INFO: [ app_begin ] --END-- [ RunTime:0.001782s ]
NOTIC: [8] A session had already been started - ignoring session_start() F:\www\hahaha\thinkphp\Application\Home\Controller\IndexController.class.php 第 32 行.
NOTIC: [8] Undefined index: id F:\www\hahaha\thinkphp\Application\Home\Controller\IndexController.class.php 第 33 行.
INFO: [ app_end ] --START--
INFO: Run Behavior\ShowPageTrace [ RunTime:0.000911s ]
INFO: [ app_end ] --END-- [ RunTime:0.000983s ]

[ 2017-02-18T16:04:56+08:00 ] ::1 /hahaha/thinkphp/Home/Index/user_name
INFO: [ app_begin ] --START--
INFO: Run Behavior\ReadHtmlCache [ RunTime:0.001236s ]
INFO: [ app_begin ] --END-- [ RunTime:0.001970s ]
NOTIC: [8] A session had already been started - ignoring session_start() F:\www\hahaha\thinkphp\Application\Home\Controller\IndexController.class.php 第 32 行.
NOTIC: [8] Undefined index: id F:\www\hahaha\thinkphp\Application\Home\Controller\IndexController.class.php 第 33 行.
INFO: [ app_end ] --START--
INFO: Run Behavior\ShowPageTrace [ RunTime:0.002036s ]
INFO: [ app_end ] --END-- [ RunTime:0.002121s ]

[ 2017-02-18T16:11:02+08:00 ] ::1 /hahaha/thinkphp/Home/Index/user_name
INFO: [ app_begin ] --START--
INFO: Run Behavior\ReadHtmlCache [ RunTime:0.000807s ]
INFO: [ app_begin ] --END-- [ RunTime:0.001521s ]
NOTIC: [8] A session had already been started - ignoring session_start() F:\www\hahaha\thinkphp\Application\Home\Controller\IndexController.class.php 第 32 行.
NOTIC: [8] Undefined index: id F:\www\hahaha\thinkphp\Application\Home\Controller\IndexController.class.php 第 33 行.
INFO: [ app_end ] --START--
INFO: Run Behavior\ShowPageTrace [ RunTime:0.000541s ]
INFO: [ app_end ] --END-- [ RunTime:0.000586s ]

[ 2017-02-18T16:11:28+08:00 ] ::1 /hahaha/thinkphp/Home/Index/user_name
INFO: [ app_begin ] --START--
INFO: Run Behavior\ReadHtmlCache [ RunTime:0.000735s ]
INFO: [ app_begin ] --END-- [ RunTime:0.001202s ]
NOTIC: [8] A session had already been started - ignoring session_start() F:\www\hahaha\thinkphp\Application\Home\Controller\IndexController.class.php 第 32 行.
NOTIC: [8] Undefined index: id F:\www\hahaha\thinkphp\Application\Home\Controller\IndexController.class.php 第 33 行.
INFO: [ app_end ] --START--
INFO: Run Behavior\ShowPageTrace [ RunTime:0.000706s ]
INFO: [ app_end ] --END-- [ RunTime:0.000780s ]

[ 2017-02-18T16:12:14+08:00 ] ::1 /hahaha/thinkphp/Home/Index/user_name
INFO: [ app_begin ] --START--
INFO: Run Behavior\ReadHtmlCache [ RunTime:0.001207s ]
INFO: [ app_begin ] --END-- [ RunTime:0.001888s ]
NOTIC: [8] A session had already been started - ignoring session_start() F:\www\hahaha\thinkphp\Application\Home\Controller\IndexController.class.php 第 32 行.
NOTIC: [8] Undefined index: id F:\www\hahaha\thinkphp\Application\Home\Controller\IndexController.class.php 第 33 行.
INFO: [ app_end ] --START--
INFO: Run Behavior\ShowPageTrace [ RunTime:0.001224s ]
INFO: [ app_end ] --END-- [ RunTime:0.001309s ]

[ 2017-02-18T16:12:46+08:00 ] ::1 /hahaha/thinkphp/Home/Index/user_name
INFO: [ app_begin ] --START--
INFO: Run Behavior\ReadHtmlCache [ RunTime:0.001506s ]
INFO: [ app_begin ] --END-- [ RunTime:0.002760s ]
NOTIC: [8] A session had already been started - ignoring session_start() F:\www\hahaha\thinkphp\Application\Home\Controller\IndexController.class.php 第 32 行.
NOTIC: [8] Undefined index: id F:\www\hahaha\thinkphp\Application\Home\Controller\IndexController.class.php 第 33 行.
INFO: [ app_end ] --START--
INFO: Run Behavior\ShowPageTrace [ RunTime:0.000854s ]
INFO: [ app_end ] --END-- [ RunTime:0.000933s ]

[ 2017-02-18T16:13:43+08:00 ] ::1 /hahaha/thinkphp/Home/Index/user_name
INFO: [ app_begin ] --START--
INFO: Run Behavior\ReadHtmlCache [ RunTime:0.000928s ]
INFO: [ app_begin ] --END-- [ RunTime:0.001563s ]
NOTIC: [8] A session had already been started - ignoring session_start() F:\www\hahaha\thinkphp\Application\Home\Controller\IndexController.class.php 第 32 行.
NOTIC: [8] Undefined index: id F:\www\hahaha\thinkphp\Application\Home\Controller\IndexController.class.php 第 33 行.
INFO: [ app_end ] --START--
INFO: Run Behavior\ShowPageTrace [ RunTime:0.000843s ]
INFO: [ app_end ] --END-- [ RunTime:0.000908s ]

[ 2017-02-18T16:16:40+08:00 ] ::1 /hahaha/thinkphp/Home/Index/user_name
INFO: [ app_begin ] --START--
INFO: Run Behavior\ReadHtmlCache [ RunTime:0.000743s ]
INFO: [ app_begin ] --END-- [ RunTime:0.001369s ]
NOTIC: [8] A session had already been started - ignoring session_start() F:\www\hahaha\thinkphp\Application\Home\Controller\IndexController.class.php 第 32 行.
NOTIC: [8] Undefined index: id F:\www\hahaha\thinkphp\Application\Home\Controller\IndexController.class.php 第 33 行.
INFO: [ app_end ] --START--
INFO: Run Behavior\ShowPageTrace [ RunTime:0.000916s ]
INFO: [ app_end ] --END-- [ RunTime:0.001023s ]

[ 2017-02-18T16:16:54+08:00 ] ::1 /hahaha/thinkphp/Home/Index/user_name
INFO: [ app_begin ] --START--
INFO: Run Behavior\ReadHtmlCache [ RunTime:0.000884s ]
INFO: [ app_begin ] --END-- [ RunTime:0.001461s ]
NOTIC: [8] A session had already been started - ignoring session_start() F:\www\hahaha\thinkphp\Application\Home\Controller\IndexController.class.php 第 32 行.
NOTIC: [8] Undefined index: id F:\www\hahaha\thinkphp\Application\Home\Controller\IndexController.class.php 第 33 行.
INFO: [ app_end ] --START--
INFO: Run Behavior\ShowPageTrace [ RunTime:0.001034s ]
INFO: [ app_end ] --END-- [ RunTime:0.001159s ]

[ 2017-02-18T16:17:18+08:00 ] ::1 /hahaha/thinkphp/Home/Index/user_name
INFO: [ app_begin ] --START--
INFO: Run Behavior\ReadHtmlCache [ RunTime:0.000883s ]
INFO: [ app_begin ] --END-- [ RunTime:0.001532s ]
NOTIC: [8] A session had already been started - ignoring session_start() F:\www\hahaha\thinkphp\Application\Home\Controller\IndexController.class.php 第 32 行.
NOTIC: [8] Undefined index: id F:\www\hahaha\thinkphp\Application\Home\Controller\IndexController.class.php 第 33 行.
INFO: [ app_end ] --START--
INFO: Run Behavior\ShowPageTrace [ RunTime:0.001242s ]
INFO: [ app_end ] --END-- [ RunTime:0.001329s ]

[ 2017-02-18T16:18:23+08:00 ] ::1 /hahaha/thinkphp/Home/Index/user_name
INFO: [ app_begin ] --START--
INFO: Run Behavior\ReadHtmlCache [ RunTime:0.000933s ]
INFO: [ app_begin ] --END-- [ RunTime:0.003075s ]
NOTIC: [8] A session had already been started - ignoring session_start() F:\www\hahaha\thinkphp\Application\Home\Controller\IndexController.class.php 第 32 行.
NOTIC: [8] Undefined index: id F:\www\hahaha\thinkphp\Application\Home\Controller\IndexController.class.php 第 33 行.
INFO: [ app_end ] --START--
INFO: Run Behavior\ShowPageTrace [ RunTime:0.000918s ]
INFO: [ app_end ] --END-- [ RunTime:0.000995s ]

[ 2017-02-18T16:18:29+08:00 ] ::1 /hahaha/thinkphp/Home/Index/user_name
INFO: [ app_begin ] --START--
INFO: Run Behavior\ReadHtmlCache [ RunTime:0.000818s ]
INFO: [ app_begin ] --END-- [ RunTime:0.001492s ]
NOTIC: [8] A session had already been started - ignoring session_start() F:\www\hahaha\thinkphp\Application\Home\Controller\IndexController.class.php 第 32 行.
NOTIC: [8] Undefined index: id F:\www\hahaha\thinkphp\Application\Home\Controller\IndexController.class.php 第 33 行.
INFO: [ app_end ] --START--
INFO: Run Behavior\ShowPageTrace [ RunTime:0.001019s ]
INFO: [ app_end ] --END-- [ RunTime:0.001182s ]

[ 2017-02-18T16:20:20+08:00 ] ::1 /hahaha/thinkphp/Home/Index/user_name
INFO: [ app_begin ] --START--
INFO: Run Behavior\ReadHtmlCache [ RunTime:0.001006s ]
INFO: [ app_begin ] --END-- [ RunTime:0.001710s ]
NOTIC: [8] A session had already been started - ignoring session_start() F:\www\hahaha\thinkphp\Application\Home\Controller\IndexController.class.php 第 32 行.
NOTIC: [8] Undefined index: id F:\www\hahaha\thinkphp\Application\Home\Controller\IndexController.class.php 第 33 行.
INFO: [ app_end ] --START--
INFO: Run Behavior\ShowPageTrace [ RunTime:0.000838s ]
INFO: [ app_end ] --END-- [ RunTime:0.000941s ]

[ 2017-02-18T16:24:05+08:00 ] ::1 /hahaha/thinkphp/Home/Index/user_name
INFO: [ app_begin ] --START--
INFO: Run Behavior\ReadHtmlCache [ RunTime:0.000727s ]
INFO: [ app_begin ] --END-- [ RunTime:0.001346s ]
NOTIC: [8] A session had already been started - ignoring session_start() F:\www\hahaha\thinkphp\Application\Home\Controller\IndexController.class.php 第 32 行.
NOTIC: [8] Undefined index: id F:\www\hahaha\thinkphp\Application\Home\Controller\IndexController.class.php 第 33 行.
INFO: [ app_end ] --START--
INFO: Run Behavior\ShowPageTrace [ RunTime:0.000777s ]
INFO: [ app_end ] --END-- [ RunTime:0.000855s ]

[ 2017-02-18T16:25:21+08:00 ] ::1 /hahaha/thinkphp/Home/Index/user_name
INFO: [ app_begin ] --START--
INFO: Run Behavior\ReadHtmlCache [ RunTime:0.000842s ]
INFO: [ app_begin ] --END-- [ RunTime:0.001496s ]
NOTIC: [8] A session had already been started - ignoring session_start() F:\www\hahaha\thinkphp\Application\Home\Controller\IndexController.class.php 第 32 行.
NOTIC: [8] Undefined index: id F:\www\hahaha\thinkphp\Application\Home\Controller\IndexController.class.php 第 33 行.
INFO: [ app_end ] --START--
INFO: Run Behavior\ShowPageTrace [ RunTime:0.000816s ]
INFO: [ app_end ] --END-- [ RunTime:0.000894s ]

[ 2017-02-18T16:26:37+08:00 ] ::1 /hahaha/thinkphp/Home/Index/user_name
INFO: [ app_begin ] --START--
INFO: Run Behavior\ReadHtmlCache [ RunTime:0.000923s ]
INFO: [ app_begin ] --END-- [ RunTime:0.001889s ]
NOTIC: [8] A session had already been started - ignoring session_start() F:\www\hahaha\thinkphp\Application\Home\Controller\IndexController.class.php 第 32 行.
NOTIC: [8] Undefined index: id F:\www\hahaha\thinkphp\Application\Home\Controller\IndexController.class.php 第 33 行.
INFO: [ app_end ] --START--
INFO: Run Behavior\ShowPageTrace [ RunTime:0.000934s ]
INFO: [ app_end ] --END-- [ RunTime:0.001015s ]

[ 2017-02-18T16:27:07+08:00 ] ::1 /hahaha/thinkphp/Home/Index/user_name
INFO: [ app_begin ] --START--
INFO: Run Behavior\ReadHtmlCache [ RunTime:0.001241s ]
INFO: [ app_begin ] --END-- [ RunTime:0.002073s ]
NOTIC: [8] A session had already been started - ignoring session_start() F:\www\hahaha\thinkphp\Application\Home\Controller\IndexController.class.php 第 32 行.
NOTIC: [8] Undefined index: id F:\www\hahaha\thinkphp\Application\Home\Controller\IndexController.class.php 第 33 行.
INFO: [ app_end ] --START--
INFO: Run Behavior\ShowPageTrace [ RunTime:0.001131s ]
INFO: [ app_end ] --END-- [ RunTime:0.001273s ]

[ 2017-02-18T16:34:00+08:00 ] ::1 /hahaha/thinkphp/Home/Index/user_name
INFO: [ app_begin ] --START--
INFO: Run Behavior\ReadHtmlCache [ RunTime:0.002066s ]
INFO: [ app_begin ] --END-- [ RunTime:0.003156s ]
NOTIC: [8] A session had already been started - ignoring session_start() F:\www\hahaha\thinkphp\Application\Home\Controller\IndexController.class.php 第 32 行.
NOTIC: [8] Undefined index: id F:\www\hahaha\thinkphp\Application\Home\Controller\IndexController.class.php 第 33 行.
INFO: [ app_end ] --START--
INFO: Run Behavior\ShowPageTrace [ RunTime:0.000535s ]
INFO: [ app_end ] --END-- [ RunTime:0.000582s ]

