[ 2017-01-16T10:53:00+08:00 ] ::1 /lalala/thinkphp/
INFO: [ app_begin ] --START--
INFO: Run Behavior\ReadHtmlCache [ RunTime:0.000770s ]
INFO: [ app_begin ] --END-- [ RunTime:0.041741s ]
INFO: [ view_parse ] --START--
INFO: [ template_filter ] --START--
INFO: Run Behavior\ContentReplace [ RunTime:0.000052s ]
INFO: [ template_filter ] --END-- [ RunTime:0.000154s ]
INFO: Run Behavior\ParseTemplate [ RunTime:0.011196s ]
INFO: [ view_parse ] --END-- [ RunTime:0.011312s ]
INFO: [ view_filter ] --START--
INFO: Run Behavior\WriteHtmlCache [ RunTime:0.000747s ]
INFO: [ view_filter ] --END-- [ RunTime:0.000833s ]
INFO: [ app_end ] --START--
INFO: Run Behavior\ShowPageTrace [ RunTime:0.001316s ]
INFO: [ app_end ] --END-- [ RunTime:0.001422s ]

[ 2017-01-16T11:29:13+08:00 ] ::1 /lalala/thinkphp/
INFO: [ app_begin ] --START--
INFO: Run Behavior\ReadHtmlCache [ RunTime:0.000984s ]
INFO: [ app_begin ] --END-- [ RunTime:0.008669s ]
INFO: [ view_parse ] --START--
NOTIC: [2] ucfirst() expects parameter 1 to be string, array given F:\www\lalala\thinkphp\ThinkPHP\Library\Think\Storage.class.php 第 36 行.
INFO: Run Behavior\ParseTemplate [ RunTime:0.000674s ]
INFO: [ view_parse ] --END-- [ RunTime:0.000772s ]
INFO: [ view_filter ] --START--
INFO: Run Behavior\WriteHtmlCache [ RunTime:0.000591s ]
INFO: [ view_filter ] --END-- [ RunTime:0.000656s ]
INFO: [ app_end ] --START--
INFO: Run Behavior\ShowPageTrace [ RunTime:0.000901s ]
INFO: [ app_end ] --END-- [ RunTime:0.000982s ]

[ 2017-01-16T11:29:21+08:00 ] ::1 /lalala/thinkphp/index.php
INFO: [ app_begin ] --START--
INFO: Run Behavior\ReadHtmlCache [ RunTime:0.001085s ]
INFO: [ app_begin ] --END-- [ RunTime:0.001721s ]
INFO: [ view_parse ] --START--
NOTIC: [2] ucfirst() expects parameter 1 to be string, array given F:\www\lalala\thinkphp\ThinkPHP\Library\Think\Storage.class.php 第 36 行.
INFO: Run Behavior\ParseTemplate [ RunTime:0.000417s ]
INFO: [ view_parse ] --END-- [ RunTime:0.000472s ]
INFO: [ view_filter ] --START--
INFO: Run Behavior\WriteHtmlCache [ RunTime:0.000387s ]
INFO: [ view_filter ] --END-- [ RunTime:0.000429s ]
INFO: [ app_end ] --START--
INFO: Run Behavior\ShowPageTrace [ RunTime:0.000630s ]
INFO: [ app_end ] --END-- [ RunTime:0.000673s ]

[ 2017-01-16T13:57:31+08:00 ] ::1 /lalala/thinkphp/
INFO: [ app_begin ] --START--
INFO: Run Behavior\ReadHtmlCache [ RunTime:0.000726s ]
INFO: [ app_begin ] --END-- [ RunTime:0.001456s ]
INFO: [ view_parse ] --START--
NOTIC: [2] ucfirst() expects parameter 1 to be string, array given F:\www\lalala\thinkphp\ThinkPHP\Library\Think\Storage.class.php 第 36 行.
INFO: Run Behavior\ParseTemplate [ RunTime:0.000758s ]
INFO: [ view_parse ] --END-- [ RunTime:0.000814s ]
INFO: [ view_filter ] --START--
INFO: Run Behavior\WriteHtmlCache [ RunTime:0.000505s ]
INFO: [ view_filter ] --END-- [ RunTime:0.000544s ]
INFO: [ app_end ] --START--
INFO: Run Behavior\ShowPageTrace [ RunTime:0.000839s ]
INFO: [ app_end ] --END-- [ RunTime:0.000950s ]

[ 2017-01-16T13:57:42+08:00 ] ::1 /lalala/thinkphp/index.php
INFO: [ app_begin ] --START--
INFO: Run Behavior\ReadHtmlCache [ RunTime:0.000484s ]
INFO: [ app_begin ] --END-- [ RunTime:0.000915s ]
INFO: [ view_parse ] --START--
NOTIC: [2] ucfirst() expects parameter 1 to be string, array given F:\www\lalala\thinkphp\ThinkPHP\Library\Think\Storage.class.php 第 36 行.
INFO: Run Behavior\ParseTemplate [ RunTime:0.000733s ]
INFO: [ view_parse ] --END-- [ RunTime:0.000796s ]
INFO: [ view_filter ] --START--
INFO: Run Behavior\WriteHtmlCache [ RunTime:0.000345s ]
INFO: [ view_filter ] --END-- [ RunTime:0.000384s ]
INFO: [ app_end ] --START--
INFO: Run Behavior\ShowPageTrace [ RunTime:0.000575s ]
INFO: [ app_end ] --END-- [ RunTime:0.000619s ]

[ 2017-01-16T13:57:50+08:00 ] ::1 /lalala/thinkphp/index.php/Home
INFO: [ app_begin ] --START--
INFO: Run Behavior\ReadHtmlCache [ RunTime:0.000538s ]
INFO: [ app_begin ] --END-- [ RunTime:0.001034s ]
INFO: [ view_parse ] --START--
NOTIC: [2] ucfirst() expects parameter 1 to be string, array given F:\www\lalala\thinkphp\ThinkPHP\Library\Think\Storage.class.php 第 36 行.
INFO: Run Behavior\ParseTemplate [ RunTime:0.000594s ]
INFO: [ view_parse ] --END-- [ RunTime:0.000653s ]
INFO: [ view_filter ] --START--
INFO: Run Behavior\WriteHtmlCache [ RunTime:0.000289s ]
INFO: [ view_filter ] --END-- [ RunTime:0.000325s ]
INFO: [ app_end ] --START--
INFO: Run Behavior\ShowPageTrace [ RunTime:0.000469s ]
INFO: [ app_end ] --END-- [ RunTime:0.000518s ]

[ 2017-01-16T13:58:03+08:00 ] ::1 /lalala/thinkphp/index.php/Home/Index
INFO: [ app_begin ] --START--
INFO: Run Behavior\ReadHtmlCache [ RunTime:0.000656s ]
INFO: [ app_begin ] --END-- [ RunTime:0.001280s ]
INFO: [ view_parse ] --START--
NOTIC: [2] ucfirst() expects parameter 1 to be string, array given F:\www\lalala\thinkphp\ThinkPHP\Library\Think\Storage.class.php 第 36 行.
INFO: Run Behavior\ParseTemplate [ RunTime:0.000660s ]
INFO: [ view_parse ] --END-- [ RunTime:0.000725s ]
INFO: [ view_filter ] --START--
INFO: Run Behavior\WriteHtmlCache [ RunTime:0.000427s ]
INFO: [ view_filter ] --END-- [ RunTime:0.000465s ]
INFO: [ app_end ] --START--
INFO: Run Behavior\ShowPageTrace [ RunTime:0.000595s ]
INFO: [ app_end ] --END-- [ RunTime:0.000634s ]

[ 2017-01-16T13:59:26+08:00 ] ::1 /lalala/thinkphp/index.php/Home/Index/index
INFO: [ app_begin ] --START--
INFO: Run Behavior\ReadHtmlCache [ RunTime:0.000699s ]
INFO: [ app_begin ] --END-- [ RunTime:0.001297s ]
INFO: [ view_parse ] --START--
NOTIC: [2] ucfirst() expects parameter 1 to be string, array given F:\www\lalala\thinkphp\ThinkPHP\Library\Think\Storage.class.php 第 36 行.
INFO: Run Behavior\ParseTemplate [ RunTime:0.000887s ]
INFO: [ view_parse ] --END-- [ RunTime:0.000969s ]
INFO: [ view_filter ] --START--
INFO: Run Behavior\WriteHtmlCache [ RunTime:0.000426s ]
INFO: [ view_filter ] --END-- [ RunTime:0.000464s ]
INFO: [ app_end ] --START--
INFO: Run Behavior\ShowPageTrace [ RunTime:0.000611s ]
INFO: [ app_end ] --END-- [ RunTime:0.000653s ]

[ 2017-01-16T13:59:33+08:00 ] ::1 /lalala/thinkphp/index.php/Home/Index/test
INFO: [ app_begin ] --START--
INFO: Run Behavior\ReadHtmlCache [ RunTime:0.000743s ]
INFO: [ app_begin ] --END-- [ RunTime:0.001259s ]
INFO: [ app_end ] --START--
INFO: Run Behavior\ShowPageTrace [ RunTime:0.000731s ]
INFO: [ app_end ] --END-- [ RunTime:0.000828s ]

[ 2017-01-16T14:07:38+08:00 ] ::1 /lalala/thinkphp/index.php/Home/User
INFO: [ app_begin ] --START--
INFO: Run Behavior\ReadHtmlCache [ RunTime:0.000791s ]
INFO: [ app_begin ] --END-- [ RunTime:0.001418s ]
ERR: 无法加载控制器:User

[ 2017-01-16T14:08:04+08:00 ] ::1 /lalala/thinkphp/index.php/Home/User/index
INFO: [ app_begin ] --START--
INFO: Run Behavior\ReadHtmlCache [ RunTime:0.000628s ]
INFO: [ app_begin ] --END-- [ RunTime:0.001258s ]
ERR: 无法加载控制器:User

[ 2017-01-16T14:08:09+08:00 ] ::1 /lalala/thinkphp/index.php/Home/User/
INFO: [ app_begin ] --START--
INFO: Run Behavior\ReadHtmlCache [ RunTime:0.000563s ]
INFO: [ app_begin ] --END-- [ RunTime:0.001138s ]
ERR: 无法加载控制器:User

[ 2017-01-16T14:09:59+08:00 ] ::1 /lalala/thinkphp/index.php/Home/User/
INFO: [ app_begin ] --START--
INFO: Run Behavior\ReadHtmlCache [ RunTime:0.000703s ]
INFO: [ app_begin ] --END-- [ RunTime:0.001268s ]
ERR: 无法加载控制器:User

[ 2017-01-16T14:10:01+08:00 ] ::1 /lalala/thinkphp/index.php/Home/User/
INFO: [ app_begin ] --START--
INFO: Run Behavior\ReadHtmlCache [ RunTime:0.000590s ]
INFO: [ app_begin ] --END-- [ RunTime:0.001066s ]
ERR: 无法加载控制器:User

[ 2017-01-16T14:10:24+08:00 ] ::1 /lalala/thinkphp/index.php/Home/User/
INFO: [ app_begin ] --START--
INFO: Run Behavior\ReadHtmlCache [ RunTime:0.000662s ]
INFO: [ app_begin ] --END-- [ RunTime:0.001141s ]
ERR: 无法加载控制器:User

[ 2017-01-16T14:10:24+08:00 ] ::1 /lalala/thinkphp/index.php/Home/User/
INFO: [ app_begin ] --START--
INFO: Run Behavior\ReadHtmlCache [ RunTime:0.000679s ]
INFO: [ app_begin ] --END-- [ RunTime:0.001280s ]
ERR: 无法加载控制器:User

[ 2017-01-16T14:11:12+08:00 ] ::1 /lalala/thinkphp/index.php/Home/User/
INFO: [ app_begin ] --START--
INFO: Run Behavior\ReadHtmlCache [ RunTime:0.000583s ]
INFO: [ app_begin ] --END-- [ RunTime:0.001140s ]
ERR: 无法加载控制器:User

[ 2017-01-16T14:11:14+08:00 ] ::1 /lalala/thinkphp/index.php/Home/User/
INFO: [ app_begin ] --START--
INFO: Run Behavior\ReadHtmlCache [ RunTime:0.000612s ]
INFO: [ app_begin ] --END-- [ RunTime:0.001277s ]
ERR: 无法加载控制器:User

[ 2017-01-16T14:12:06+08:00 ] ::1 /lalala/thinkphp/index.php/Home/User/
INFO: [ app_begin ] --START--
INFO: Run Behavior\ReadHtmlCache [ RunTime:0.000658s ]
INFO: [ app_begin ] --END-- [ RunTime:0.001193s ]
ERR: 无法加载控制器:User

[ 2017-01-16T14:12:08+08:00 ] ::1 /lalala/thinkphp/index.php/Home/User/
INFO: [ app_begin ] --START--
INFO: Run Behavior\ReadHtmlCache [ RunTime:0.000694s ]
INFO: [ app_begin ] --END-- [ RunTime:0.001334s ]
ERR: 无法加载控制器:User

[ 2017-01-16T14:12:09+08:00 ] ::1 /lalala/thinkphp/index.php/Home/User/
INFO: [ app_begin ] --START--
INFO: Run Behavior\ReadHtmlCache [ RunTime:0.000614s ]
INFO: [ app_begin ] --END-- [ RunTime:0.001170s ]
ERR: 无法加载控制器:User

[ 2017-01-16T14:12:27+08:00 ] ::1 /lalala/thinkphp/index.php/Home/User/
INFO: [ app_begin ] --START--
INFO: Run Behavior\ReadHtmlCache [ RunTime:0.000603s ]
INFO: [ app_begin ] --END-- [ RunTime:0.001129s ]
ERR: 无法加载控制器:User

[ 2017-01-16T14:12:27+08:00 ] ::1 /lalala/thinkphp/index.php/Home/User/
INFO: [ app_begin ] --START--
INFO: Run Behavior\ReadHtmlCache [ RunTime:0.000710s ]
INFO: [ app_begin ] --END-- [ RunTime:0.001388s ]
ERR: 无法加载控制器:User

[ 2017-01-16T14:12:28+08:00 ] ::1 /lalala/thinkphp/index.php/Home/User/
INFO: [ app_begin ] --START--
INFO: Run Behavior\ReadHtmlCache [ RunTime:0.000654s ]
INFO: [ app_begin ] --END-- [ RunTime:0.001208s ]
ERR: 无法加载控制器:User

[ 2017-01-16T14:13:53+08:00 ] ::1 /lalala/thinkphp/index.php/Home/User/
INFO: [ app_begin ] --START--
INFO: Run Behavior\ReadHtmlCache [ RunTime:0.000710s ]
INFO: [ app_begin ] --END-- [ RunTime:0.001392s ]
ERR: 无法加载控制器:User

[ 2017-01-16T14:13:54+08:00 ] ::1 /lalala/thinkphp/index.php/Home/User/
INFO: [ app_begin ] --START--
INFO: Run Behavior\ReadHtmlCache [ RunTime:0.000732s ]
INFO: [ app_begin ] --END-- [ RunTime:0.001353s ]
ERR: 无法加载控制器:User

[ 2017-01-16T14:14:03+08:00 ] ::1 /lalala/thinkphp/index.php/Home/
INFO: [ app_begin ] --START--
INFO: Run Behavior\ReadHtmlCache [ RunTime:0.000871s ]
INFO: [ app_begin ] --END-- [ RunTime:0.001542s ]
INFO: [ view_parse ] --START--
NOTIC: [2] ucfirst() expects parameter 1 to be string, array given F:\www\lalala\thinkphp\ThinkPHP\Library\Think\Storage.class.php 第 36 行.
INFO: Run Behavior\ParseTemplate [ RunTime:0.001014s ]
INFO: [ view_parse ] --END-- [ RunTime:0.001102s ]
INFO: [ view_filter ] --START--
INFO: Run Behavior\WriteHtmlCache [ RunTime:0.000625s ]
INFO: [ view_filter ] --END-- [ RunTime:0.000690s ]
INFO: [ app_end ] --START--
INFO: Run Behavior\ShowPageTrace [ RunTime:0.000873s ]
INFO: [ app_end ] --END-- [ RunTime:0.000939s ]

[ 2017-01-16T14:14:07+08:00 ] ::1 /lalala/thinkphp/index.php/Home/Index
INFO: [ app_begin ] --START--
INFO: Run Behavior\ReadHtmlCache [ RunTime:0.000695s ]
INFO: [ app_begin ] --END-- [ RunTime:0.001582s ]
INFO: [ view_parse ] --START--
NOTIC: [2] ucfirst() expects parameter 1 to be string, array given F:\www\lalala\thinkphp\ThinkPHP\Library\Think\Storage.class.php 第 36 行.
INFO: Run Behavior\ParseTemplate [ RunTime:0.000882s ]
INFO: [ view_parse ] --END-- [ RunTime:0.000964s ]
INFO: [ view_filter ] --START--
INFO: Run Behavior\WriteHtmlCache [ RunTime:0.000451s ]
INFO: [ view_filter ] --END-- [ RunTime:0.000495s ]
INFO: [ app_end ] --START--
INFO: Run Behavior\ShowPageTrace [ RunTime:0.000554s ]
INFO: [ app_end ] --END-- [ RunTime:0.000597s ]

[ 2017-01-16T14:14:15+08:00 ] ::1 /lalala/thinkphp/index.php/Home/Index/test
INFO: [ app_begin ] --START--
INFO: Run Behavior\ReadHtmlCache [ RunTime:0.000726s ]
INFO: [ app_begin ] --END-- [ RunTime:0.001307s ]
INFO: [ app_end ] --START--
INFO: Run Behavior\ShowPageTrace [ RunTime:0.000607s ]
INFO: [ app_end ] --END-- [ RunTime:0.000676s ]

[ 2017-01-16T14:14:19+08:00 ] ::1 /lalala/thinkphp/index.php/Home/User
INFO: [ app_begin ] --START--
INFO: Run Behavior\ReadHtmlCache [ RunTime:0.000541s ]
INFO: [ app_begin ] --END-- [ RunTime:0.001034s ]
ERR: 无法加载控制器:User

[ 2017-01-16T14:14:55+08:00 ] ::1 /lalala/thinkphp/
INFO: [ app_begin ] --START--
INFO: Run Behavior\ReadHtmlCache [ RunTime:0.000529s ]
INFO: [ app_begin ] --END-- [ RunTime:0.001006s ]
INFO: [ view_parse ] --START--
NOTIC: [2] ucfirst() expects parameter 1 to be string, array given F:\www\lalala\thinkphp\ThinkPHP\Library\Think\Storage.class.php 第 36 行.
INFO: Run Behavior\ParseTemplate [ RunTime:0.000903s ]
INFO: [ view_parse ] --END-- [ RunTime:0.000992s ]
INFO: [ view_filter ] --START--
INFO: Run Behavior\WriteHtmlCache [ RunTime:0.000502s ]
INFO: [ view_filter ] --END-- [ RunTime:0.000570s ]
INFO: [ app_end ] --START--
INFO: Run Behavior\ShowPageTrace [ RunTime:0.000693s ]
INFO: [ app_end ] --END-- [ RunTime:0.000750s ]

[ 2017-01-16T14:15:16+08:00 ] ::1 /lalala/thinkphp/index.php
INFO: [ app_begin ] --START--
INFO: Run Behavior\ReadHtmlCache [ RunTime:0.000653s ]
INFO: [ app_begin ] --END-- [ RunTime:0.001228s ]
INFO: [ view_parse ] --START--
NOTIC: [2] ucfirst() expects parameter 1 to be string, array given F:\www\lalala\thinkphp\ThinkPHP\Library\Think\Storage.class.php 第 36 行.
INFO: Run Behavior\ParseTemplate [ RunTime:0.000500s ]
INFO: [ view_parse ] --END-- [ RunTime:0.000558s ]
INFO: [ view_filter ] --START--
INFO: Run Behavior\WriteHtmlCache [ RunTime:0.000414s ]
INFO: [ view_filter ] --END-- [ RunTime:0.000452s ]
INFO: [ app_end ] --START--
INFO: Run Behavior\ShowPageTrace [ RunTime:0.000685s ]
INFO: [ app_end ] --END-- [ RunTime:0.000746s ]

[ 2017-01-16T14:16:46+08:00 ] ::1 /lalala/thinkphp/index.php/Home
INFO: [ app_begin ] --START--
INFO: Run Behavior\ReadHtmlCache [ RunTime:0.000712s ]
INFO: [ app_begin ] --END-- [ RunTime:0.001382s ]
INFO: [ view_parse ] --START--
NOTIC: [2] ucfirst() expects parameter 1 to be string, array given F:\www\lalala\thinkphp\ThinkPHP\Library\Think\Storage.class.php 第 36 行.
INFO: Run Behavior\ParseTemplate [ RunTime:0.000700s ]
INFO: [ view_parse ] --END-- [ RunTime:0.000750s ]
INFO: [ view_filter ] --START--
INFO: Run Behavior\WriteHtmlCache [ RunTime:0.000475s ]
INFO: [ view_filter ] --END-- [ RunTime:0.000514s ]
INFO: [ app_end ] --START--
INFO: Run Behavior\ShowPageTrace [ RunTime:0.000670s ]
INFO: [ app_end ] --END-- [ RunTime:0.000711s ]

[ 2017-01-16T14:16:55+08:00 ] ::1 /lalala/thinkphp/index.php/Home/Index
INFO: [ app_begin ] --START--
INFO: Run Behavior\ReadHtmlCache [ RunTime:0.000690s ]
INFO: [ app_begin ] --END-- [ RunTime:0.001234s ]
INFO: [ view_parse ] --START--
NOTIC: [2] ucfirst() expects parameter 1 to be string, array given F:\www\lalala\thinkphp\ThinkPHP\Library\Think\Storage.class.php 第 36 行.
INFO: Run Behavior\ParseTemplate [ RunTime:0.000537s ]
INFO: [ view_parse ] --END-- [ RunTime:0.000589s ]
INFO: [ view_filter ] --START--
INFO: Run Behavior\WriteHtmlCache [ RunTime:0.000473s ]
INFO: [ view_filter ] --END-- [ RunTime:0.000513s ]
INFO: [ app_end ] --START--
INFO: Run Behavior\ShowPageTrace [ RunTime:0.000651s ]
INFO: [ app_end ] --END-- [ RunTime:0.000692s ]

[ 2017-01-16T14:17:25+08:00 ] ::1 /lalala/thinkphp/index.php/Home/User
INFO: [ app_begin ] --START--
INFO: Run Behavior\ReadHtmlCache [ RunTime:0.000506s ]
INFO: [ app_begin ] --END-- [ RunTime:0.001053s ]
ERR: 无法加载控制器:User

[ 2017-01-16T14:18:07+08:00 ] ::1 /lalala/thinkphp/index.php/Home/User/index
INFO: [ app_begin ] --START--
INFO: Run Behavior\ReadHtmlCache [ RunTime:0.000629s ]
INFO: [ app_begin ] --END-- [ RunTime:0.001235s ]
ERR: 无法加载控制器:User

[ 2017-01-16T14:18:17+08:00 ] ::1 /lalala/thinkphp/index.php/Home/User/user
INFO: [ app_begin ] --START--
INFO: Run Behavior\ReadHtmlCache [ RunTime:0.000555s ]
INFO: [ app_begin ] --END-- [ RunTime:0.001051s ]
ERR: 无法加载控制器:User

[ 2017-01-16T14:19:11+08:00 ] ::1 /lalala/thinkphp/index.php/Home/UserController
INFO: [ app_begin ] --START--
INFO: Run Behavior\ReadHtmlCache [ RunTime:0.000725s ]
INFO: [ app_begin ] --END-- [ RunTime:0.001242s ]
ERR: 无法加载控制器:UserController

[ 2017-01-16T14:21:04+08:00 ] ::1 /lalala/thinkphp/index.php/Home/User
INFO: [ app_begin ] --START--
INFO: Run Behavior\ReadHtmlCache [ RunTime:0.000595s ]
INFO: [ app_begin ] --END-- [ RunTime:0.001159s ]
ERR: 无法加载控制器:User

[ 2017-01-16T14:21:07+08:00 ] ::1 /lalala/thinkphp/index.php/Home/Use
INFO: [ app_begin ] --START--
INFO: Run Behavior\ReadHtmlCache [ RunTime:0.000547s ]
INFO: [ app_begin ] --END-- [ RunTime:0.001038s ]
ERR: 无法加载控制器:Use

[ 2017-01-16T14:21:16+08:00 ] ::1 /lalala/thinkphp/index.php/Home/User
INFO: [ app_begin ] --START--
INFO: Run Behavior\ReadHtmlCache [ RunTime:0.000678s ]
INFO: [ app_begin ] --END-- [ RunTime:0.001171s ]
ERR: 无法加载控制器:User

[ 2017-01-16T15:47:23+08:00 ] ::1 /lalala/thinkphp/index.php/Home/User
INFO: [ app_begin ] --START--
INFO: Run Behavior\ReadHtmlCache [ RunTime:0.001040s ]
INFO: [ app_begin ] --END-- [ RunTime:0.001610s ]
INFO: [ app_end ] --START--
INFO: Run Behavior\ShowPageTrace [ RunTime:0.000694s ]
INFO: [ app_end ] --END-- [ RunTime:0.000747s ]

[ 2017-01-16T15:47:31+08:00 ] ::1 /lalala/thinkphp/index.php/Home/User/index
INFO: [ app_begin ] --START--
INFO: Run Behavior\ReadHtmlCache [ RunTime:0.000635s ]
INFO: [ app_begin ] --END-- [ RunTime:0.001152s ]
INFO: [ app_end ] --START--
INFO: Run Behavior\ShowPageTrace [ RunTime:0.000597s ]
INFO: [ app_end ] --END-- [ RunTime:0.000648s ]

[ 2017-01-16T15:47:43+08:00 ] ::1 /lalala/thinkphp/index.php/Home/User/test
INFO: [ app_begin ] --START--
INFO: Run Behavior\ReadHtmlCache [ RunTime:0.000542s ]
INFO: [ app_begin ] --END-- [ RunTime:0.001037s ]
INFO: [ app_end ] --START--
INFO: Run Behavior\ShowPageTrace [ RunTime:0.000625s ]
INFO: [ app_end ] --END-- [ RunTime:0.000694s ]

[ 2017-01-16T16:04:04+08:00 ] ::1 /lalala/thinkphp/index.php/
INFO: [ app_begin ] --START--
INFO: Run Behavior\ReadHtmlCache [ RunTime:0.000615s ]
INFO: [ app_begin ] --END-- [ RunTime:0.001144s ]
INFO: [ view_parse ] --START--
NOTIC: [2] ucfirst() expects parameter 1 to be string, array given F:\www\lalala\thinkphp\ThinkPHP\Library\Think\Storage.class.php 第 36 行.
INFO: Run Behavior\ParseTemplate [ RunTime:0.000543s ]
INFO: [ view_parse ] --END-- [ RunTime:0.000600s ]
INFO: [ view_filter ] --START--
INFO: Run Behavior\WriteHtmlCache [ RunTime:0.000495s ]
INFO: [ view_filter ] --END-- [ RunTime:0.000532s ]
INFO: [ app_end ] --START--
INFO: Run Behavior\ShowPageTrace [ RunTime:0.000734s ]
INFO: [ app_end ] --END-- [ RunTime:0.000774s ]

[ 2017-01-16T16:04:09+08:00 ] ::1 /lalala/thinkphp/index.php/Home
INFO: [ app_begin ] --START--
INFO: Run Behavior\ReadHtmlCache [ RunTime:0.000571s ]
INFO: [ app_begin ] --END-- [ RunTime:0.001079s ]
INFO: [ view_parse ] --START--
NOTIC: [2] ucfirst() expects parameter 1 to be string, array given F:\www\lalala\thinkphp\ThinkPHP\Library\Think\Storage.class.php 第 36 行.
INFO: Run Behavior\ParseTemplate [ RunTime:0.000415s ]
INFO: [ view_parse ] --END-- [ RunTime:0.000477s ]
INFO: [ view_filter ] --START--
INFO: Run Behavior\WriteHtmlCache [ RunTime:0.000361s ]
INFO: [ view_filter ] --END-- [ RunTime:0.000408s ]
INFO: [ app_end ] --START--
INFO: Run Behavior\ShowPageTrace [ RunTime:0.000556s ]
INFO: [ app_end ] --END-- [ RunTime:0.000606s ]

[ 2017-01-16T16:04:13+08:00 ] ::1 /lalala/thinkphp/index.php/Admin
INFO: [ app_begin ] --START--
INFO: Run Behavior\ReadHtmlCache [ RunTime:0.000611s ]
INFO: [ app_begin ] --END-- [ RunTime:0.001178s ]
INFO: [ view_parse ] --START--
INFO: [ template_filter ] --START--
INFO: Run Behavior\ContentReplace [ RunTime:0.000037s ]
INFO: [ template_filter ] --END-- [ RunTime:0.000116s ]
INFO: Run Behavior\ParseTemplate [ RunTime:0.041775s ]
INFO: [ view_parse ] --END-- [ RunTime:0.041838s ]
INFO: [ view_filter ] --START--
INFO: Run Behavior\WriteHtmlCache [ RunTime:0.000296s ]
INFO: [ view_filter ] --END-- [ RunTime:0.000338s ]
INFO: [ app_end ] --START--
INFO: Run Behavior\ShowPageTrace [ RunTime:0.000527s ]
INFO: [ app_end ] --END-- [ RunTime:0.000572s ]

[ 2017-01-16T16:04:38+08:00 ] ::1 /lalala/thinkphp/index.php/Admin/test
INFO: [ app_begin ] --START--
INFO: Run Behavior\ReadHtmlCache [ RunTime:0.000703s ]
INFO: [ app_begin ] --END-- [ RunTime:0.001265s ]
ERR: 无法加载控制器:Test

[ 2017-01-16T16:04:56+08:00 ] ::1 /lalala/thinkphp/index.php/Home/test
INFO: [ app_begin ] --START--
INFO: Run Behavior\ReadHtmlCache [ RunTime:0.000463s ]
INFO: [ app_begin ] --END-- [ RunTime:0.000863s ]
ERR: 无法加载控制器:Test

[ 2017-01-16T16:05:15+08:00 ] ::1 /lalala/thinkphp/index.php/Admin/test
INFO: [ app_begin ] --START--
INFO: Run Behavior\ReadHtmlCache [ RunTime:0.000670s ]
INFO: [ app_begin ] --END-- [ RunTime:0.001199s ]
ERR: 无法加载控制器:Test

[ 2017-01-16T16:05:20+08:00 ] ::1 /lalala/thinkphp/index.php/Home/User/test
INFO: [ app_begin ] --START--
INFO: Run Behavior\ReadHtmlCache [ RunTime:0.000554s ]
INFO: [ app_begin ] --END-- [ RunTime:0.001001s ]
INFO: [ app_end ] --START--
INFO: Run Behavior\ShowPageTrace [ RunTime:0.000745s ]
INFO: [ app_end ] --END-- [ RunTime:0.000838s ]

[ 2017-01-16T16:05:24+08:00 ] ::1 /lalala/thinkphp/index.php/Home/User/index
INFO: [ app_begin ] --START--
INFO: Run Behavior\ReadHtmlCache [ RunTime:0.000477s ]
INFO: [ app_begin ] --END-- [ RunTime:0.000865s ]
INFO: [ app_end ] --START--
INFO: Run Behavior\ShowPageTrace [ RunTime:0.000486s ]
INFO: [ app_end ] --END-- [ RunTime:0.000540s ]

[ 2017-01-16T16:05:32+08:00 ] ::1 /lalala/thinkphp/index.php/Home/Index
INFO: [ app_begin ] --START--
INFO: Run Behavior\ReadHtmlCache [ RunTime:0.000702s ]
INFO: [ app_begin ] --END-- [ RunTime:0.001276s ]
INFO: [ view_parse ] --START--
NOTIC: [2] ucfirst() expects parameter 1 to be string, array given F:\www\lalala\thinkphp\ThinkPHP\Library\Think\Storage.class.php 第 36 行.
INFO: Run Behavior\ParseTemplate [ RunTime:0.000397s ]
INFO: [ view_parse ] --END-- [ RunTime:0.000463s ]
INFO: [ view_filter ] --START--
INFO: Run Behavior\WriteHtmlCache [ RunTime:0.000334s ]
INFO: [ view_filter ] --END-- [ RunTime:0.000382s ]
INFO: [ app_end ] --START--
INFO: Run Behavior\ShowPageTrace [ RunTime:0.000613s ]
INFO: [ app_end ] --END-- [ RunTime:0.000671s ]

[ 2017-01-16T16:05:39+08:00 ] ::1 /lalala/thinkphp/index.php/Admin
INFO: [ app_begin ] --START--
INFO: Run Behavior\ReadHtmlCache [ RunTime:0.000549s ]
INFO: [ app_begin ] --END-- [ RunTime:0.001024s ]
INFO: [ view_parse ] --START--
NOTIC: [2] ucfirst() expects parameter 1 to be string, array given F:\www\lalala\thinkphp\ThinkPHP\Library\Think\Storage.class.php 第 36 行.
INFO: Run Behavior\ParseTemplate [ RunTime:0.000446s ]
INFO: [ view_parse ] --END-- [ RunTime:0.000502s ]
INFO: [ view_filter ] --START--
INFO: Run Behavior\WriteHtmlCache [ RunTime:0.000412s ]
INFO: [ view_filter ] --END-- [ RunTime:0.000451s ]
INFO: [ app_end ] --START--
INFO: Run Behavior\ShowPageTrace [ RunTime:0.000667s ]
INFO: [ app_end ] --END-- [ RunTime:0.000764s ]

[ 2017-01-16T16:05:47+08:00 ] ::1 /lalala/thinkphp/index.php/Admin/Index
INFO: [ app_begin ] --START--
INFO: Run Behavior\ReadHtmlCache [ RunTime:0.000670s ]
INFO: [ app_begin ] --END-- [ RunTime:0.001272s ]
INFO: [ view_parse ] --START--
NOTIC: [2] ucfirst() expects parameter 1 to be string, array given F:\www\lalala\thinkphp\ThinkPHP\Library\Think\Storage.class.php 第 36 行.
INFO: Run Behavior\ParseTemplate [ RunTime:0.000553s ]
INFO: [ view_parse ] --END-- [ RunTime:0.000624s ]
INFO: [ view_filter ] --START--
INFO: Run Behavior\WriteHtmlCache [ RunTime:0.000327s ]
INFO: [ view_filter ] --END-- [ RunTime:0.000367s ]
INFO: [ app_end ] --START--
INFO: Run Behavior\ShowPageTrace [ RunTime:0.000505s ]
INFO: [ app_end ] --END-- [ RunTime:0.000547s ]

[ 2017-01-16T16:05:53+08:00 ] ::1 /lalala/thinkphp/index.php/Admin/test
INFO: [ app_begin ] --START--
INFO: Run Behavior\ReadHtmlCache [ RunTime:0.000785s ]
INFO: [ app_begin ] --END-- [ RunTime:0.001323s ]
ERR: 无法加载控制器:Test

[ 2017-01-16T16:06:02+08:00 ] ::1 /lalala/thinkphp/index.php/Home/test
INFO: [ app_begin ] --START--
INFO: Run Behavior\ReadHtmlCache [ RunTime:0.000648s ]
INFO: [ app_begin ] --END-- [ RunTime:0.001279s ]
ERR: 无法加载控制器:Test

[ 2017-01-16T16:06:09+08:00 ] ::1 /lalala/thinkphp/index.php/Home/Index
INFO: [ app_begin ] --START--
INFO: Run Behavior\ReadHtmlCache [ RunTime:0.000769s ]
INFO: [ app_begin ] --END-- [ RunTime:0.001391s ]
INFO: [ view_parse ] --START--
NOTIC: [2] ucfirst() expects parameter 1 to be string, array given F:\www\lalala\thinkphp\ThinkPHP\Library\Think\Storage.class.php 第 36 行.
INFO: Run Behavior\ParseTemplate [ RunTime:0.000627s ]
INFO: [ view_parse ] --END-- [ RunTime:0.000692s ]
INFO: [ view_filter ] --START--
INFO: Run Behavior\WriteHtmlCache [ RunTime:0.000451s ]
INFO: [ view_filter ] --END-- [ RunTime:0.000505s ]
INFO: [ app_end ] --START--
INFO: Run Behavior\ShowPageTrace [ RunTime:0.000762s ]
INFO: [ app_end ] --END-- [ RunTime:0.000821s ]

[ 2017-01-16T16:06:25+08:00 ] ::1 /lalala/thinkphp/index.php/Home/Index/test
INFO: [ app_begin ] --START--
INFO: Run Behavior\ReadHtmlCache [ RunTime:0.000506s ]
INFO: [ app_begin ] --END-- [ RunTime:0.000933s ]
INFO: [ app_end ] --START--
INFO: Run Behavior\ShowPageTrace [ RunTime:0.000565s ]
INFO: [ app_end ] --END-- [ RunTime:0.000617s ]

[ 2017-01-16T16:06:33+08:00 ] ::1 /lalala/thinkphp/index.php/Home/User
INFO: [ app_begin ] --START--
INFO: Run Behavior\ReadHtmlCache [ RunTime:0.000540s ]
INFO: [ app_begin ] --END-- [ RunTime:0.001079s ]
INFO: [ app_end ] --START--
INFO: Run Behavior\ShowPageTrace [ RunTime:0.002110s ]
INFO: [ app_end ] --END-- [ RunTime:0.002250s ]

[ 2017-01-16T16:06:45+08:00 ] ::1 /lalala/thinkphp/index.php/Admin
INFO: [ app_begin ] --START--
INFO: Run Behavior\ReadHtmlCache [ RunTime:0.000479s ]
INFO: [ app_begin ] --END-- [ RunTime:0.000921s ]
INFO: [ view_parse ] --START--
NOTIC: [2] ucfirst() expects parameter 1 to be string, array given F:\www\lalala\thinkphp\ThinkPHP\Library\Think\Storage.class.php 第 36 行.
INFO: Run Behavior\ParseTemplate [ RunTime:0.000413s ]
INFO: [ view_parse ] --END-- [ RunTime:0.000471s ]
INFO: [ view_filter ] --START--
INFO: Run Behavior\WriteHtmlCache [ RunTime:0.000309s ]
INFO: [ view_filter ] --END-- [ RunTime:0.000358s ]
INFO: [ app_end ] --START--
INFO: Run Behavior\ShowPageTrace [ RunTime:0.000524s ]
INFO: [ app_end ] --END-- [ RunTime:0.000567s ]

[ 2017-01-16T16:06:51+08:00 ] ::1 /lalala/thinkphp/index.php/Admin/User
INFO: [ app_begin ] --START--
INFO: Run Behavior\ReadHtmlCache [ RunTime:0.000669s ]
INFO: [ app_begin ] --END-- [ RunTime:0.001275s ]
INFO: [ app_end ] --START--
INFO: Run Behavior\ShowPageTrace [ RunTime:0.000733s ]
INFO: [ app_end ] --END-- [ RunTime:0.000823s ]

[ 2017-01-16T16:06:56+08:00 ] ::1 /lalala/thinkphp/index.php/Admin/User/test
INFO: [ app_begin ] --START--
INFO: Run Behavior\ReadHtmlCache [ RunTime:0.000692s ]
INFO: [ app_begin ] --END-- [ RunTime:0.001277s ]
INFO: [ app_end ] --START--
INFO: Run Behavior\ShowPageTrace [ RunTime:0.000751s ]
INFO: [ app_end ] --END-- [ RunTime:0.000845s ]

[ 2017-01-16T16:07:00+08:00 ] ::1 /lalala/thinkphp/index.php/Admin/User/
INFO: [ app_begin ] --START--
INFO: Run Behavior\ReadHtmlCache [ RunTime:0.001201s ]
INFO: [ app_begin ] --END-- [ RunTime:0.001986s ]
INFO: [ app_end ] --START--
INFO: Run Behavior\ShowPageTrace [ RunTime:0.000523s ]
INFO: [ app_end ] --END-- [ RunTime:0.000604s ]

[ 2017-01-16T16:07:05+08:00 ] ::1 /lalala/thinkphp/index.php/Admin/User/test
INFO: [ app_begin ] --START--
INFO: Run Behavior\ReadHtmlCache [ RunTime:0.000881s ]
INFO: [ app_begin ] --END-- [ RunTime:0.001498s ]
INFO: [ app_end ] --START--
INFO: Run Behavior\ShowPageTrace [ RunTime:0.000597s ]
INFO: [ app_end ] --END-- [ RunTime:0.000661s ]

[ 2017-01-16T16:09:15+08:00 ] ::1 /lalala/thinkphp/index.php
INFO: [ app_begin ] --START--
INFO: Run Behavior\ReadHtmlCache [ RunTime:0.000724s ]
INFO: [ app_begin ] --END-- [ RunTime:0.001328s ]
INFO: [ view_parse ] --START--
NOTIC: [2] ucfirst() expects parameter 1 to be string, array given F:\www\lalala\thinkphp\ThinkPHP\Library\Think\Storage.class.php 第 36 行.
INFO: Run Behavior\ParseTemplate [ RunTime:0.000709s ]
INFO: [ view_parse ] --END-- [ RunTime:0.000789s ]
INFO: [ view_filter ] --START--
INFO: Run Behavior\WriteHtmlCache [ RunTime:0.000963s ]
INFO: [ view_filter ] --END-- [ RunTime:0.001036s ]
INFO: [ app_end ] --START--
INFO: Run Behavior\ShowPageTrace [ RunTime:0.001120s ]
INFO: [ app_end ] --END-- [ RunTime:0.001187s ]

