[ 2017-02-19T12:55:03+08:00 ] ::1 /hahaha/thinkphp/Home/Index/user_name
INFO: [ app_begin ] --START--
INFO: Run Behavior\ReadHtmlCache [ RunTime:0.000442s ]
INFO: [ app_begin ] --END-- [ RunTime:0.000813s ]
NOTIC: [8] A session had already been started - ignoring session_start() F:\www\hahaha\thinkphp\Application\Home\Controller\IndexController.class.php 第 32 行.
NOTIC: [8] Undefined index: id F:\www\hahaha\thinkphp\Application\Home\Controller\IndexController.class.php 第 33 行.
INFO: [ app_end ] --START--
INFO: Run Behavior\ShowPageTrace [ RunTime:0.000777s ]
INFO: [ app_end ] --END-- [ RunTime:0.000859s ]

[ 2017-02-19T18:13:25+08:00 ] ::1 /hahaha/thinkphp/Home/Index/user_name
INFO: [ app_begin ] --START--
INFO: Run Behavior\ReadHtmlCache [ RunTime:0.000518s ]
INFO: [ app_begin ] --END-- [ RunTime:0.001122s ]
NOTIC: [8] A session had already been started - ignoring session_start() F:\www\hahaha\thinkphp\Application\Home\Controller\IndexController.class.php 第 32 行.
NOTIC: [8] Undefined index: id F:\www\hahaha\thinkphp\Application\Home\Controller\IndexController.class.php 第 33 行.
INFO: [ app_end ] --START--
INFO: Run Behavior\ShowPageTrace [ RunTime:0.000602s ]
INFO: [ app_end ] --END-- [ RunTime:0.000655s ]

[ 2017-02-19T18:13:58+08:00 ] ::1 /hahaha/thinkphp/Home/Index/user_name
INFO: [ app_begin ] --START--
INFO: Run Behavior\ReadHtmlCache [ RunTime:0.000433s ]
INFO: [ app_begin ] --END-- [ RunTime:0.000808s ]
NOTIC: [8] A session had already been started - ignoring session_start() F:\www\hahaha\thinkphp\Application\Home\Controller\IndexController.class.php 第 32 行.
NOTIC: [8] Undefined index: id F:\www\hahaha\thinkphp\Application\Home\Controller\IndexController.class.php 第 33 行.
INFO: [ app_end ] --START--
INFO: Run Behavior\ShowPageTrace [ RunTime:0.000441s ]
INFO: [ app_end ] --END-- [ RunTime:0.000483s ]

[ 2017-02-19T18:18:36+08:00 ] ::1 /hahaha/thinkphp/Home/Index/user_name
INFO: [ app_begin ] --START--
INFO: Run Behavior\ReadHtmlCache [ RunTime:0.001523s ]
INFO: [ app_begin ] --END-- [ RunTime:0.002952s ]
NOTIC: [8] A session had already been started - ignoring session_start() F:\www\hahaha\thinkphp\Application\Home\Controller\IndexController.class.php 第 32 行.
NOTIC: [8] Undefined index: id F:\www\hahaha\thinkphp\Application\Home\Controller\IndexController.class.php 第 33 行.
INFO: [ app_end ] --START--
INFO: Run Behavior\ShowPageTrace [ RunTime:0.000911s ]
INFO: [ app_end ] --END-- [ RunTime:0.000981s ]

[ 2017-02-19T18:54:04+08:00 ] ::1 /hahaha/thinkphp/Home/Index/map_info
INFO: [ app_begin ] --START--
INFO: Run Behavior\ReadHtmlCache [ RunTime:0.000515s ]
INFO: [ app_begin ] --END-- [ RunTime:0.000951s ]
NOTIC: [8] A session had already been started - ignoring session_start() F:\www\hahaha\thinkphp\Application\Home\Controller\IndexController.class.php 第 38 行.
NOTIC: [8] Undefined index: id F:\www\hahaha\thinkphp\Application\Home\Controller\IndexController.class.php 第 40 行.
NOTIC: [8192] mysql_connect(): The mysql extension is deprecated and will be removed in the future: use mysqli or PDO instead F:\www\hahaha\thinkphp\ThinkPHP\Library\Think\Db\Driver\Mysql.class.php 第 52 行.
SQL: SHOW COLUMNS FROM `station_info` [ RunTime:0.004580s ]
SQL: SELECT * FROM `station_info` WHERE ( `user_id` = null ) ORDER BY station_name  [ RunTime:0.039496s ]

[ 2017-02-19T18:54:04+08:00 ] ::1 /hahaha/thinkphp/Home/Index/user_name
INFO: [ app_begin ] --START--
INFO: Run Behavior\ReadHtmlCache [ RunTime:0.000515s ]
INFO: [ app_begin ] --END-- [ RunTime:0.001023s ]
NOTIC: [8] A session had already been started - ignoring session_start() F:\www\hahaha\thinkphp\Application\Home\Controller\IndexController.class.php 第 32 行.
NOTIC: [8] Undefined index: id F:\www\hahaha\thinkphp\Application\Home\Controller\IndexController.class.php 第 33 行.
INFO: [ app_end ] --START--
INFO: Run Behavior\ShowPageTrace [ RunTime:0.000521s ]
INFO: [ app_end ] --END-- [ RunTime:0.000565s ]

[ 2017-02-19T18:55:12+08:00 ] ::1 /hahaha/thinkphp/Home/Station/power_energy
INFO: [ app_begin ] --START--
INFO: Run Behavior\ReadHtmlCache [ RunTime:0.000609s ]
INFO: [ app_begin ] --END-- [ RunTime:0.001075s ]
NOTIC: [8192] mysql_connect(): The mysql extension is deprecated and will be removed in the future: use mysqli or PDO instead F:\www\hahaha\thinkphp\ThinkPHP\Library\Think\Db\Driver\Mysql.class.php 第 52 行.
SQL: SHOW COLUMNS FROM `pe20161101-20161122` [ RunTime:0.006056s ]

[ 2017-02-19T18:55:13+08:00 ] ::1 /hahaha/thinkphp/Home/Index/user_name
INFO: [ app_begin ] --START--
INFO: Run Behavior\ReadHtmlCache [ RunTime:0.000971s ]
INFO: [ app_begin ] --END-- [ RunTime:0.001799s ]
NOTIC: [8] A session had already been started - ignoring session_start() F:\www\hahaha\thinkphp\Application\Home\Controller\IndexController.class.php 第 32 行.
NOTIC: [8] Undefined index: id F:\www\hahaha\thinkphp\Application\Home\Controller\IndexController.class.php 第 33 行.
INFO: [ app_end ] --START--
INFO: Run Behavior\ShowPageTrace [ RunTime:0.000820s ]
INFO: [ app_end ] --END-- [ RunTime:0.000887s ]

[ 2017-02-19T18:56:30+08:00 ] ::1 /hahaha/thinkphp/Home/Station/power_energy
INFO: [ app_begin ] --START--
INFO: Run Behavior\ReadHtmlCache [ RunTime:0.000645s ]
INFO: [ app_begin ] --END-- [ RunTime:0.001280s ]
NOTIC: [8192] mysql_connect(): The mysql extension is deprecated and will be removed in the future: use mysqli or PDO instead F:\www\hahaha\thinkphp\ThinkPHP\Library\Think\Db\Driver\Mysql.class.php 第 52 行.
SQL: SHOW COLUMNS FROM `pe20161101-20161122` [ RunTime:0.004864s ]
SQL: SELECT * FROM `pe20161101-20161122` WHERE (  (`time` BETWEEN '2016-11-01 06:00:00' AND '2016-11-01 18:00:00' ) )  [ RunTime:0.014943s ]

[ 2017-02-19T18:56:31+08:00 ] ::1 /hahaha/thinkphp/Home/Index/user_name
INFO: [ app_begin ] --START--
INFO: Run Behavior\ReadHtmlCache [ RunTime:0.001621s ]
INFO: [ app_begin ] --END-- [ RunTime:0.003298s ]
NOTIC: [8] A session had already been started - ignoring session_start() F:\www\hahaha\thinkphp\Application\Home\Controller\IndexController.class.php 第 32 行.
NOTIC: [8] Undefined index: id F:\www\hahaha\thinkphp\Application\Home\Controller\IndexController.class.php 第 33 行.
INFO: [ app_end ] --START--
INFO: Run Behavior\ShowPageTrace [ RunTime:0.000631s ]
INFO: [ app_end ] --END-- [ RunTime:0.000682s ]

[ 2017-02-19T18:58:13+08:00 ] ::1 /hahaha/thinkphp/Home/Station/power_energy
INFO: [ app_begin ] --START--
INFO: Run Behavior\ReadHtmlCache [ RunTime:0.000870s ]
INFO: [ app_begin ] --END-- [ RunTime:0.001789s ]
NOTIC: [8192] mysql_connect(): The mysql extension is deprecated and will be removed in the future: use mysqli or PDO instead F:\www\hahaha\thinkphp\ThinkPHP\Library\Think\Db\Driver\Mysql.class.php 第 52 行.
SQL: SHOW COLUMNS FROM `pe20161101-20161122` [ RunTime:0.005484s ]
SQL: SELECT * FROM `pe20161101-20161122` WHERE (  (`time` BETWEEN '2016-11-01 06:00:00' AND '2016-11-01 18:00:00' ) )  [ RunTime:0.012725s ]

[ 2017-02-19T18:58:13+08:00 ] ::1 /hahaha/thinkphp/Home/Index/user_name
INFO: [ app_begin ] --START--
INFO: Run Behavior\ReadHtmlCache [ RunTime:0.000807s ]
INFO: [ app_begin ] --END-- [ RunTime:0.001544s ]
NOTIC: [8] A session had already been started - ignoring session_start() F:\www\hahaha\thinkphp\Application\Home\Controller\IndexController.class.php 第 32 行.
NOTIC: [8] Undefined index: id F:\www\hahaha\thinkphp\Application\Home\Controller\IndexController.class.php 第 33 行.
INFO: [ app_end ] --START--
INFO: Run Behavior\ShowPageTrace [ RunTime:0.000754s ]
INFO: [ app_end ] --END-- [ RunTime:0.000836s ]

[ 2017-02-19T18:58:44+08:00 ] ::1 /hahaha/thinkphp/Home/Station/power_energy
INFO: [ app_begin ] --START--
INFO: Run Behavior\ReadHtmlCache [ RunTime:0.001172s ]
INFO: [ app_begin ] --END-- [ RunTime:0.001932s ]
NOTIC: [8192] mysql_connect(): The mysql extension is deprecated and will be removed in the future: use mysqli or PDO instead F:\www\hahaha\thinkphp\ThinkPHP\Library\Think\Db\Driver\Mysql.class.php 第 52 行.
SQL: SHOW COLUMNS FROM `pe20161101-20161122` [ RunTime:0.005216s ]
SQL: SELECT * FROM `pe20161101-20161122` WHERE (  (`time` BETWEEN '2016-11-01 06:00:00' AND '2016-11-01 18:00:00' ) )  [ RunTime:0.013527s ]

[ 2017-02-19T18:58:44+08:00 ] ::1 /hahaha/thinkphp/Home/Index/user_name
INFO: [ app_begin ] --START--
INFO: Run Behavior\ReadHtmlCache [ RunTime:0.000557s ]
INFO: [ app_begin ] --END-- [ RunTime:0.000993s ]
NOTIC: [8] A session had already been started - ignoring session_start() F:\www\hahaha\thinkphp\Application\Home\Controller\IndexController.class.php 第 32 行.
NOTIC: [8] Undefined index: id F:\www\hahaha\thinkphp\Application\Home\Controller\IndexController.class.php 第 33 行.
INFO: [ app_end ] --START--
INFO: Run Behavior\ShowPageTrace [ RunTime:0.000574s ]
INFO: [ app_end ] --END-- [ RunTime:0.000630s ]

[ 2017-02-19T18:58:56+08:00 ] ::1 /hahaha/thinkphp/Home/Station/power_energy
INFO: [ app_begin ] --START--
INFO: Run Behavior\ReadHtmlCache [ RunTime:0.000586s ]
INFO: [ app_begin ] --END-- [ RunTime:0.001125s ]
NOTIC: [8192] mysql_connect(): The mysql extension is deprecated and will be removed in the future: use mysqli or PDO instead F:\www\hahaha\thinkphp\ThinkPHP\Library\Think\Db\Driver\Mysql.class.php 第 52 行.
SQL: SHOW COLUMNS FROM `pe20161101-20161122` [ RunTime:0.006300s ]
SQL: SELECT * FROM `pe20161101-20161122` WHERE (  (`time` BETWEEN '2016-11-01 06:00:00' AND '2016-11-01 18:00:00' ) )  [ RunTime:0.013243s ]

[ 2017-02-19T18:58:57+08:00 ] ::1 /hahaha/thinkphp/Home/Index/user_name
INFO: [ app_begin ] --START--
INFO: Run Behavior\ReadHtmlCache [ RunTime:0.000895s ]
INFO: [ app_begin ] --END-- [ RunTime:0.001508s ]
NOTIC: [8] A session had already been started - ignoring session_start() F:\www\hahaha\thinkphp\Application\Home\Controller\IndexController.class.php 第 32 行.
NOTIC: [8] Undefined index: id F:\www\hahaha\thinkphp\Application\Home\Controller\IndexController.class.php 第 33 行.
INFO: [ app_end ] --START--
INFO: Run Behavior\ShowPageTrace [ RunTime:0.000544s ]
INFO: [ app_end ] --END-- [ RunTime:0.000593s ]

[ 2017-02-19T19:03:30+08:00 ] ::1 /hahaha/thinkphp/Home/Station/power_energy
INFO: [ app_begin ] --START--
INFO: Run Behavior\ReadHtmlCache [ RunTime:0.000646s ]
INFO: [ app_begin ] --END-- [ RunTime:0.001160s ]
NOTIC: [8192] mysql_connect(): The mysql extension is deprecated and will be removed in the future: use mysqli or PDO instead F:\www\hahaha\thinkphp\ThinkPHP\Library\Think\Db\Driver\Mysql.class.php 第 52 行.
SQL: SHOW COLUMNS FROM `pe20161101-20161122` [ RunTime:0.005575s ]
SQL: SELECT * FROM `pe20161101-20161122` WHERE (  (`time` BETWEEN '2016-11-01 06:00:00' AND '2016-11-01 18:00:00' ) )  [ RunTime:0.012963s ]

[ 2017-02-19T19:03:30+08:00 ] ::1 /hahaha/thinkphp/Home/Index/user_name
INFO: [ app_begin ] --START--
INFO: Run Behavior\ReadHtmlCache [ RunTime:0.000664s ]
INFO: [ app_begin ] --END-- [ RunTime:0.001268s ]
NOTIC: [8] A session had already been started - ignoring session_start() F:\www\hahaha\thinkphp\Application\Home\Controller\IndexController.class.php 第 32 行.
NOTIC: [8] Undefined index: id F:\www\hahaha\thinkphp\Application\Home\Controller\IndexController.class.php 第 33 行.
INFO: [ app_end ] --START--
INFO: Run Behavior\ShowPageTrace [ RunTime:0.001358s ]
INFO: [ app_end ] --END-- [ RunTime:0.001503s ]

[ 2017-02-19T19:06:25+08:00 ] ::1 /hahaha/thinkphp/Home/Station/power_energy
INFO: [ app_begin ] --START--
INFO: Run Behavior\ReadHtmlCache [ RunTime:0.000526s ]
INFO: [ app_begin ] --END-- [ RunTime:0.000971s ]
NOTIC: [8192] mysql_connect(): The mysql extension is deprecated and will be removed in the future: use mysqli or PDO instead F:\www\hahaha\thinkphp\ThinkPHP\Library\Think\Db\Driver\Mysql.class.php 第 52 行.
SQL: SHOW COLUMNS FROM `pe20161101-20161122` [ RunTime:0.005373s ]
SQL: SELECT * FROM `pe20161101-20161122` WHERE (  (`time` BETWEEN '2016-11-01 06:00:00' AND '2016-11-01 18:00:00' ) )  [ RunTime:0.014774s ]

[ 2017-02-19T19:06:25+08:00 ] ::1 /hahaha/thinkphp/Home/Index/user_name
INFO: [ app_begin ] --START--
INFO: Run Behavior\ReadHtmlCache [ RunTime:0.000667s ]
INFO: [ app_begin ] --END-- [ RunTime:0.001220s ]
NOTIC: [8] A session had already been started - ignoring session_start() F:\www\hahaha\thinkphp\Application\Home\Controller\IndexController.class.php 第 32 行.
NOTIC: [8] Undefined index: id F:\www\hahaha\thinkphp\Application\Home\Controller\IndexController.class.php 第 33 行.
INFO: [ app_end ] --START--
INFO: Run Behavior\ShowPageTrace [ RunTime:0.000621s ]
INFO: [ app_end ] --END-- [ RunTime:0.000670s ]

[ 2017-02-19T19:08:12+08:00 ] ::1 /hahaha/thinkphp/Home/Station/power_energy
INFO: [ app_begin ] --START--
INFO: Run Behavior\ReadHtmlCache [ RunTime:0.000431s ]
INFO: [ app_begin ] --END-- [ RunTime:0.000790s ]
NOTIC: [8192] mysql_connect(): The mysql extension is deprecated and will be removed in the future: use mysqli or PDO instead F:\www\hahaha\thinkphp\ThinkPHP\Library\Think\Db\Driver\Mysql.class.php 第 52 行.
SQL: SHOW COLUMNS FROM `pe20161101-20161122` [ RunTime:0.004681s ]
SQL: SELECT * FROM `pe20161101-20161122` WHERE (  (`time` BETWEEN '2016-11-01 06:00:00' AND '2016-11-01 18:00:00' ) )  [ RunTime:0.012958s ]

[ 2017-02-19T19:08:12+08:00 ] ::1 /hahaha/thinkphp/Home/Index/user_name
INFO: [ app_begin ] --START--
INFO: Run Behavior\ReadHtmlCache [ RunTime:0.000540s ]
INFO: [ app_begin ] --END-- [ RunTime:0.001084s ]
NOTIC: [8] A session had already been started - ignoring session_start() F:\www\hahaha\thinkphp\Application\Home\Controller\IndexController.class.php 第 32 行.
NOTIC: [8] Undefined index: id F:\www\hahaha\thinkphp\Application\Home\Controller\IndexController.class.php 第 33 行.
INFO: [ app_end ] --START--
INFO: Run Behavior\ShowPageTrace [ RunTime:0.000511s ]
INFO: [ app_end ] --END-- [ RunTime:0.000551s ]

[ 2017-02-19T19:08:32+08:00 ] ::1 /hahaha/thinkphp/Home/Station/power_energy
INFO: [ app_begin ] --START--
INFO: Run Behavior\ReadHtmlCache [ RunTime:0.000457s ]
INFO: [ app_begin ] --END-- [ RunTime:0.000905s ]
NOTIC: [8192] mysql_connect(): The mysql extension is deprecated and will be removed in the future: use mysqli or PDO instead F:\www\hahaha\thinkphp\ThinkPHP\Library\Think\Db\Driver\Mysql.class.php 第 52 行.
SQL: SHOW COLUMNS FROM `pe20161101-20161122` [ RunTime:0.007326s ]
SQL: SELECT * FROM `pe20161101-20161122` WHERE (  (`time` BETWEEN '2016-11-01 06:00:00' AND '2016-11-01 18:00:00' ) )  [ RunTime:0.011657s ]

[ 2017-02-19T19:08:32+08:00 ] ::1 /hahaha/thinkphp/Home/Index/user_name
INFO: [ app_begin ] --START--
INFO: Run Behavior\ReadHtmlCache [ RunTime:0.000595s ]
INFO: [ app_begin ] --END-- [ RunTime:0.001058s ]
NOTIC: [8] A session had already been started - ignoring session_start() F:\www\hahaha\thinkphp\Application\Home\Controller\IndexController.class.php 第 32 行.
NOTIC: [8] Undefined index: id F:\www\hahaha\thinkphp\Application\Home\Controller\IndexController.class.php 第 33 行.
INFO: [ app_end ] --START--
INFO: Run Behavior\ShowPageTrace [ RunTime:0.000593s ]
INFO: [ app_end ] --END-- [ RunTime:0.000635s ]

[ 2017-02-19T19:16:03+08:00 ] ::1 /hahaha/thinkphp/Home/Station/power_energy
INFO: [ app_begin ] --START--
INFO: Run Behavior\ReadHtmlCache [ RunTime:0.000505s ]
INFO: [ app_begin ] --END-- [ RunTime:0.000927s ]
NOTIC: [8192] mysql_connect(): The mysql extension is deprecated and will be removed in the future: use mysqli or PDO instead F:\www\hahaha\thinkphp\ThinkPHP\Library\Think\Db\Driver\Mysql.class.php 第 52 行.
SQL: SHOW COLUMNS FROM `pe20161101-20161122` [ RunTime:0.028882s ]
SQL: SELECT * FROM `pe20161101-20161122` WHERE (  (`time` BETWEEN '2016-11-01 06:00:00' AND '2016-11-01 18:00:00' ) )  [ RunTime:0.018205s ]

[ 2017-02-19T19:16:03+08:00 ] ::1 /hahaha/thinkphp/Home/Index/user_name
INFO: [ app_begin ] --START--
INFO: Run Behavior\ReadHtmlCache [ RunTime:0.001874s ]
INFO: [ app_begin ] --END-- [ RunTime:0.003281s ]
NOTIC: [8] A session had already been started - ignoring session_start() F:\www\hahaha\thinkphp\Application\Home\Controller\IndexController.class.php 第 32 行.
NOTIC: [8] Undefined index: id F:\www\hahaha\thinkphp\Application\Home\Controller\IndexController.class.php 第 33 行.
INFO: [ app_end ] --START--
INFO: Run Behavior\ShowPageTrace [ RunTime:0.000903s ]
INFO: [ app_end ] --END-- [ RunTime:0.000990s ]

[ 2017-02-19T19:21:10+08:00 ] ::1 /hahaha/thinkphp/Home/Station/power_energy
INFO: [ app_begin ] --START--
INFO: Run Behavior\ReadHtmlCache [ RunTime:0.000448s ]
INFO: [ app_begin ] --END-- [ RunTime:0.000832s ]
NOTIC: [8192] mysql_connect(): The mysql extension is deprecated and will be removed in the future: use mysqli or PDO instead F:\www\hahaha\thinkphp\ThinkPHP\Library\Think\Db\Driver\Mysql.class.php 第 52 行.
SQL: SHOW COLUMNS FROM `pe20161101-20161122` [ RunTime:0.006822s ]
SQL: SELECT * FROM `pe20161101-20161122` WHERE (  (`time` BETWEEN '2016-11-01 06:00:00' AND '2016-11-01 18:00:00' ) )  [ RunTime:0.024867s ]

[ 2017-02-19T19:21:10+08:00 ] ::1 /hahaha/thinkphp/Home/Index/user_name
INFO: [ app_begin ] --START--
INFO: Run Behavior\ReadHtmlCache [ RunTime:0.000743s ]
INFO: [ app_begin ] --END-- [ RunTime:0.001431s ]
NOTIC: [8] A session had already been started - ignoring session_start() F:\www\hahaha\thinkphp\Application\Home\Controller\IndexController.class.php 第 32 行.
NOTIC: [8] Undefined index: id F:\www\hahaha\thinkphp\Application\Home\Controller\IndexController.class.php 第 33 行.
INFO: [ app_end ] --START--
INFO: Run Behavior\ShowPageTrace [ RunTime:0.000559s ]
INFO: [ app_end ] --END-- [ RunTime:0.000607s ]

[ 2017-02-19T19:21:31+08:00 ] ::1 /hahaha/thinkphp/Home/Index/unlock
INFO: [ app_begin ] --START--
INFO: Run Behavior\ReadHtmlCache [ RunTime:0.000665s ]
INFO: [ app_begin ] --END-- [ RunTime:0.001210s ]
NOTIC: [8] A session had already been started - ignoring session_start() F:\www\hahaha\thinkphp\Application\Home\Controller\IndexController.class.php 第 48 行.
NOTIC: [8192] mysql_connect(): The mysql extension is deprecated and will be removed in the future: use mysqli or PDO instead F:\www\hahaha\thinkphp\ThinkPHP\Library\Think\Db\Driver\Mysql.class.php 第 52 行.
SQL: SHOW COLUMNS FROM `test_user` [ RunTime:0.005780s ]
NOTIC: [8] Undefined index: id_temp F:\www\hahaha\thinkphp\Application\Home\Controller\IndexController.class.php 第 50 行.
SQL: SELECT `password` FROM `test_user` WHERE ( id='' ) LIMIT 1   [ RunTime:0.024356s ]
INFO: [ app_end ] --START--
INFO: Run Behavior\ShowPageTrace [ RunTime:0.000673s ]
INFO: [ app_end ] --END-- [ RunTime:0.000729s ]

[ 2017-02-19T19:21:35+08:00 ] ::1 /hahaha/thinkphp/Home/Index/unlock
INFO: [ app_begin ] --START--
INFO: Run Behavior\ReadHtmlCache [ RunTime:0.000820s ]
INFO: [ app_begin ] --END-- [ RunTime:0.001554s ]
NOTIC: [8] A session had already been started - ignoring session_start() F:\www\hahaha\thinkphp\Application\Home\Controller\IndexController.class.php 第 48 行.
NOTIC: [8192] mysql_connect(): The mysql extension is deprecated and will be removed in the future: use mysqli or PDO instead F:\www\hahaha\thinkphp\ThinkPHP\Library\Think\Db\Driver\Mysql.class.php 第 52 行.
SQL: SHOW COLUMNS FROM `test_user` [ RunTime:0.007301s ]
NOTIC: [8] Undefined index: id_temp F:\www\hahaha\thinkphp\Application\Home\Controller\IndexController.class.php 第 50 行.
SQL: SELECT `password` FROM `test_user` WHERE ( id='' ) LIMIT 1   [ RunTime:0.000767s ]
INFO: [ app_end ] --START--
INFO: Run Behavior\ShowPageTrace [ RunTime:0.000881s ]
INFO: [ app_end ] --END-- [ RunTime:0.000958s ]

[ 2017-02-19T19:21:39+08:00 ] ::1 /hahaha/thinkphp/Home/Index/unlock
INFO: [ app_begin ] --START--
INFO: Run Behavior\ReadHtmlCache [ RunTime:0.000824s ]
INFO: [ app_begin ] --END-- [ RunTime:0.001421s ]
NOTIC: [8] A session had already been started - ignoring session_start() F:\www\hahaha\thinkphp\Application\Home\Controller\IndexController.class.php 第 48 行.
NOTIC: [8192] mysql_connect(): The mysql extension is deprecated and will be removed in the future: use mysqli or PDO instead F:\www\hahaha\thinkphp\ThinkPHP\Library\Think\Db\Driver\Mysql.class.php 第 52 行.
SQL: SHOW COLUMNS FROM `test_user` [ RunTime:0.019710s ]
NOTIC: [8] Undefined index: id_temp F:\www\hahaha\thinkphp\Application\Home\Controller\IndexController.class.php 第 50 行.
SQL: SELECT `password` FROM `test_user` WHERE ( id='' ) LIMIT 1   [ RunTime:0.000435s ]
NOTIC: [8] Undefined index: id_temp F:\www\hahaha\thinkphp\Application\Home\Controller\IndexController.class.php 第 52 行.
INFO: [ app_end ] --START--
INFO: Run Behavior\ShowPageTrace [ RunTime:0.001602s ]
INFO: [ app_end ] --END-- [ RunTime:0.001899s ]

[ 2017-02-19T19:21:42+08:00 ] ::1 /hahaha/thinkphp/Home/Index/map_info
INFO: [ app_begin ] --START--
INFO: Run Behavior\ReadHtmlCache [ RunTime:0.000572s ]
INFO: [ app_begin ] --END-- [ RunTime:0.000987s ]
NOTIC: [8] A session had already been started - ignoring session_start() F:\www\hahaha\thinkphp\Application\Home\Controller\IndexController.class.php 第 38 行.
NOTIC: [8192] mysql_connect(): The mysql extension is deprecated and will be removed in the future: use mysqli or PDO instead F:\www\hahaha\thinkphp\ThinkPHP\Library\Think\Db\Driver\Mysql.class.php 第 52 行.
SQL: SHOW COLUMNS FROM `station_info` [ RunTime:0.008255s ]
SQL: SELECT * FROM `station_info` WHERE ( `user_id` = null ) ORDER BY station_name  [ RunTime:0.000565s ]

[ 2017-02-19T19:21:42+08:00 ] ::1 /hahaha/thinkphp/Home/Index/user_name
INFO: [ app_begin ] --START--
INFO: Run Behavior\ReadHtmlCache [ RunTime:0.001712s ]
INFO: [ app_begin ] --END-- [ RunTime:0.002921s ]
NOTIC: [8] A session had already been started - ignoring session_start() F:\www\hahaha\thinkphp\Application\Home\Controller\IndexController.class.php 第 32 行.
INFO: [ app_end ] --START--
INFO: Run Behavior\ShowPageTrace [ RunTime:0.001153s ]
INFO: [ app_end ] --END-- [ RunTime:0.001238s ]

[ 2017-02-19T19:21:52+08:00 ] ::1 /hahaha/thinkphp/Home/Index/station_overview
INFO: [ app_begin ] --START--
INFO: Run Behavior\ReadHtmlCache [ RunTime:0.000501s ]
INFO: [ app_begin ] --END-- [ RunTime:0.000906s ]
NOTIC: [8192] mysql_connect(): The mysql extension is deprecated and will be removed in the future: use mysqli or PDO instead F:\www\hahaha\thinkphp\ThinkPHP\Library\Think\Db\Driver\Mysql.class.php 第 52 行.
SQL: SHOW COLUMNS FROM `station_overview` [ RunTime:0.021570s ]
SQL: SELECT * FROM `station_overview`  [ RunTime:0.027562s ]

[ 2017-02-19T19:22:03+08:00 ] ::1 /hahaha/thinkphp/Home/Index/station_overview
INFO: [ app_begin ] --START--
INFO: Run Behavior\ReadHtmlCache [ RunTime:0.000526s ]
INFO: [ app_begin ] --END-- [ RunTime:0.000995s ]
NOTIC: [8192] mysql_connect(): The mysql extension is deprecated and will be removed in the future: use mysqli or PDO instead F:\www\hahaha\thinkphp\ThinkPHP\Library\Think\Db\Driver\Mysql.class.php 第 52 行.
SQL: SHOW COLUMNS FROM `station_overview` [ RunTime:0.014829s ]
SQL: SELECT * FROM `station_overview`  [ RunTime:0.000485s ]

[ 2017-02-19T19:22:13+08:00 ] ::1 /hahaha/thinkphp/Home/Index/station_overview
INFO: [ app_begin ] --START--
INFO: Run Behavior\ReadHtmlCache [ RunTime:0.000995s ]
INFO: [ app_begin ] --END-- [ RunTime:0.001711s ]
NOTIC: [8192] mysql_connect(): The mysql extension is deprecated and will be removed in the future: use mysqli or PDO instead F:\www\hahaha\thinkphp\ThinkPHP\Library\Think\Db\Driver\Mysql.class.php 第 52 行.
SQL: SHOW COLUMNS FROM `station_overview` [ RunTime:0.004387s ]
SQL: SELECT * FROM `station_overview`  [ RunTime:0.000339s ]

[ 2017-02-19T19:22:23+08:00 ] ::1 /hahaha/thinkphp/Home/Index/station_overview
INFO: [ app_begin ] --START--
INFO: Run Behavior\ReadHtmlCache [ RunTime:0.001018s ]
INFO: [ app_begin ] --END-- [ RunTime:0.001749s ]
NOTIC: [8192] mysql_connect(): The mysql extension is deprecated and will be removed in the future: use mysqli or PDO instead F:\www\hahaha\thinkphp\ThinkPHP\Library\Think\Db\Driver\Mysql.class.php 第 52 行.
SQL: SHOW COLUMNS FROM `station_overview` [ RunTime:0.004141s ]
SQL: SELECT * FROM `station_overview`  [ RunTime:0.000330s ]

[ 2017-02-19T19:22:33+08:00 ] ::1 /hahaha/thinkphp/Home/Index/station_overview
INFO: [ app_begin ] --START--
INFO: Run Behavior\ReadHtmlCache [ RunTime:0.001469s ]
INFO: [ app_begin ] --END-- [ RunTime:0.002529s ]
NOTIC: [8192] mysql_connect(): The mysql extension is deprecated and will be removed in the future: use mysqli or PDO instead F:\www\hahaha\thinkphp\ThinkPHP\Library\Think\Db\Driver\Mysql.class.php 第 52 行.
SQL: SHOW COLUMNS FROM `station_overview` [ RunTime:0.006495s ]
SQL: SELECT * FROM `station_overview`  [ RunTime:0.001255s ]

[ 2017-02-19T19:22:43+08:00 ] ::1 /hahaha/thinkphp/Home/Index/station_overview
INFO: [ app_begin ] --START--
INFO: Run Behavior\ReadHtmlCache [ RunTime:0.000750s ]
INFO: [ app_begin ] --END-- [ RunTime:0.001417s ]
NOTIC: [8192] mysql_connect(): The mysql extension is deprecated and will be removed in the future: use mysqli or PDO instead F:\www\hahaha\thinkphp\ThinkPHP\Library\Think\Db\Driver\Mysql.class.php 第 52 行.
SQL: SHOW COLUMNS FROM `station_overview` [ RunTime:0.044235s ]
SQL: SELECT * FROM `station_overview`  [ RunTime:0.002921s ]

[ 2017-02-19T19:22:53+08:00 ] ::1 /hahaha/thinkphp/Home/Index/station_overview
INFO: [ app_begin ] --START--
INFO: Run Behavior\ReadHtmlCache [ RunTime:0.001012s ]
INFO: [ app_begin ] --END-- [ RunTime:0.004251s ]
NOTIC: [8192] mysql_connect(): The mysql extension is deprecated and will be removed in the future: use mysqli or PDO instead F:\www\hahaha\thinkphp\ThinkPHP\Library\Think\Db\Driver\Mysql.class.php 第 52 行.
SQL: SHOW COLUMNS FROM `station_overview` [ RunTime:0.033997s ]
SQL: SELECT * FROM `station_overview`  [ RunTime:0.001076s ]

[ 2017-02-19T19:23:03+08:00 ] ::1 /hahaha/thinkphp/Home/Index/station_overview
INFO: [ app_begin ] --START--
INFO: Run Behavior\ReadHtmlCache [ RunTime:0.000648s ]
INFO: [ app_begin ] --END-- [ RunTime:0.001198s ]
NOTIC: [8192] mysql_connect(): The mysql extension is deprecated and will be removed in the future: use mysqli or PDO instead F:\www\hahaha\thinkphp\ThinkPHP\Library\Think\Db\Driver\Mysql.class.php 第 52 行.
SQL: SHOW COLUMNS FROM `station_overview` [ RunTime:0.009164s ]
SQL: SELECT * FROM `station_overview`  [ RunTime:0.000471s ]

[ 2017-02-19T19:23:13+08:00 ] ::1 /hahaha/thinkphp/Home/Index/station_overview
INFO: [ app_begin ] --START--
INFO: Run Behavior\ReadHtmlCache [ RunTime:0.002993s ]
INFO: [ app_begin ] --END-- [ RunTime:0.003749s ]
NOTIC: [8192] mysql_connect(): The mysql extension is deprecated and will be removed in the future: use mysqli or PDO instead F:\www\hahaha\thinkphp\ThinkPHP\Library\Think\Db\Driver\Mysql.class.php 第 52 行.
SQL: SHOW COLUMNS FROM `station_overview` [ RunTime:0.172006s ]
SQL: SELECT * FROM `station_overview`  [ RunTime:0.000855s ]

[ 2017-02-19T19:23:23+08:00 ] ::1 /hahaha/thinkphp/Home/Index/station_overview
INFO: [ app_begin ] --START--
INFO: Run Behavior\ReadHtmlCache [ RunTime:0.001016s ]
INFO: [ app_begin ] --END-- [ RunTime:0.001513s ]
NOTIC: [8192] mysql_connect(): The mysql extension is deprecated and will be removed in the future: use mysqli or PDO instead F:\www\hahaha\thinkphp\ThinkPHP\Library\Think\Db\Driver\Mysql.class.php 第 52 行.
SQL: SHOW COLUMNS FROM `station_overview` [ RunTime:0.031808s ]
SQL: SELECT * FROM `station_overview`  [ RunTime:0.000666s ]

[ 2017-02-19T19:23:33+08:00 ] ::1 /hahaha/thinkphp/Home/Index/station_overview
INFO: [ app_begin ] --START--
INFO: Run Behavior\ReadHtmlCache [ RunTime:0.000435s ]
INFO: [ app_begin ] --END-- [ RunTime:0.000815s ]
NOTIC: [8192] mysql_connect(): The mysql extension is deprecated and will be removed in the future: use mysqli or PDO instead F:\www\hahaha\thinkphp\ThinkPHP\Library\Think\Db\Driver\Mysql.class.php 第 52 行.
SQL: SHOW COLUMNS FROM `station_overview` [ RunTime:0.017065s ]
SQL: SELECT * FROM `station_overview`  [ RunTime:0.000328s ]

[ 2017-02-19T19:23:43+08:00 ] ::1 /hahaha/thinkphp/Home/Index/station_overview
INFO: [ app_begin ] --START--
INFO: Run Behavior\ReadHtmlCache [ RunTime:0.000876s ]
INFO: [ app_begin ] --END-- [ RunTime:0.001441s ]
NOTIC: [8192] mysql_connect(): The mysql extension is deprecated and will be removed in the future: use mysqli or PDO instead F:\www\hahaha\thinkphp\ThinkPHP\Library\Think\Db\Driver\Mysql.class.php 第 52 行.
SQL: SHOW COLUMNS FROM `station_overview` [ RunTime:0.007970s ]
SQL: SELECT * FROM `station_overview`  [ RunTime:0.000512s ]

[ 2017-02-19T19:23:53+08:00 ] ::1 /hahaha/thinkphp/Home/Index/station_overview
INFO: [ app_begin ] --START--
INFO: Run Behavior\ReadHtmlCache [ RunTime:0.000490s ]
INFO: [ app_begin ] --END-- [ RunTime:0.000871s ]
NOTIC: [8192] mysql_connect(): The mysql extension is deprecated and will be removed in the future: use mysqli or PDO instead F:\www\hahaha\thinkphp\ThinkPHP\Library\Think\Db\Driver\Mysql.class.php 第 52 行.
SQL: SHOW COLUMNS FROM `station_overview` [ RunTime:0.031184s ]
SQL: SELECT * FROM `station_overview`  [ RunTime:0.001039s ]

[ 2017-02-19T19:24:03+08:00 ] ::1 /hahaha/thinkphp/Home/Index/station_overview
INFO: [ app_begin ] --START--
INFO: Run Behavior\ReadHtmlCache [ RunTime:0.002753s ]
INFO: [ app_begin ] --END-- [ RunTime:0.003633s ]
NOTIC: [8192] mysql_connect(): The mysql extension is deprecated and will be removed in the future: use mysqli or PDO instead F:\www\hahaha\thinkphp\ThinkPHP\Library\Think\Db\Driver\Mysql.class.php 第 52 行.
SQL: SHOW COLUMNS FROM `station_overview` [ RunTime:0.027259s ]
SQL: SELECT * FROM `station_overview`  [ RunTime:0.000494s ]

[ 2017-02-19T19:24:13+08:00 ] ::1 /hahaha/thinkphp/Home/Index/station_overview
INFO: [ app_begin ] --START--
INFO: Run Behavior\ReadHtmlCache [ RunTime:0.001863s ]
INFO: [ app_begin ] --END-- [ RunTime:0.005272s ]
NOTIC: [8192] mysql_connect(): The mysql extension is deprecated and will be removed in the future: use mysqli or PDO instead F:\www\hahaha\thinkphp\ThinkPHP\Library\Think\Db\Driver\Mysql.class.php 第 52 行.
SQL: SHOW COLUMNS FROM `station_overview` [ RunTime:0.033605s ]
SQL: SELECT * FROM `station_overview`  [ RunTime:0.000631s ]

[ 2017-02-19T19:24:19+08:00 ] ::1 /hahaha/thinkphp/Home/Index/unlock
INFO: [ app_begin ] --START--
INFO: Run Behavior\ReadHtmlCache [ RunTime:0.000544s ]
INFO: [ app_begin ] --END-- [ RunTime:0.000952s ]
NOTIC: [8] A session had already been started - ignoring session_start() F:\www\hahaha\thinkphp\Application\Home\Controller\IndexController.class.php 第 48 行.
NOTIC: [8192] mysql_connect(): The mysql extension is deprecated and will be removed in the future: use mysqli or PDO instead F:\www\hahaha\thinkphp\ThinkPHP\Library\Think\Db\Driver\Mysql.class.php 第 52 行.
SQL: SHOW COLUMNS FROM `test_user` [ RunTime:0.020435s ]
NOTIC: [8] Undefined index: id_temp F:\www\hahaha\thinkphp\Application\Home\Controller\IndexController.class.php 第 50 行.
SQL: SELECT `password` FROM `test_user` WHERE ( id='' ) LIMIT 1   [ RunTime:0.000406s ]
NOTIC: [8] Undefined index: id_temp F:\www\hahaha\thinkphp\Application\Home\Controller\IndexController.class.php 第 52 行.
INFO: [ app_end ] --START--
INFO: Run Behavior\ShowPageTrace [ RunTime:0.000938s ]
INFO: [ app_end ] --END-- [ RunTime:0.001013s ]

[ 2017-02-19T19:24:21+08:00 ] ::1 /hahaha/thinkphp/Home/Index/map_info
INFO: [ app_begin ] --START--
INFO: Run Behavior\ReadHtmlCache [ RunTime:0.000455s ]
INFO: [ app_begin ] --END-- [ RunTime:0.000886s ]
NOTIC: [8] A session had already been started - ignoring session_start() F:\www\hahaha\thinkphp\Application\Home\Controller\IndexController.class.php 第 38 行.
NOTIC: [8192] mysql_connect(): The mysql extension is deprecated and will be removed in the future: use mysqli or PDO instead F:\www\hahaha\thinkphp\ThinkPHP\Library\Think\Db\Driver\Mysql.class.php 第 52 行.
SQL: SHOW COLUMNS FROM `station_info` [ RunTime:0.091468s ]
SQL: SELECT * FROM `station_info` WHERE ( `user_id` = null ) ORDER BY station_name  [ RunTime:0.001280s ]

[ 2017-02-19T19:24:22+08:00 ] ::1 /hahaha/thinkphp/Home/Index/user_name
INFO: [ app_begin ] --START--
INFO: Run Behavior\ReadHtmlCache [ RunTime:0.001139s ]
INFO: [ app_begin ] --END-- [ RunTime:0.001954s ]
NOTIC: [8] A session had already been started - ignoring session_start() F:\www\hahaha\thinkphp\Application\Home\Controller\IndexController.class.php 第 32 行.
INFO: [ app_end ] --START--
INFO: Run Behavior\ShowPageTrace [ RunTime:0.001701s ]
INFO: [ app_end ] --END-- [ RunTime:0.001788s ]

[ 2017-02-19T19:24:27+08:00 ] ::1 /hahaha/thinkphp/Home/Station/power_energy
INFO: [ app_begin ] --START--
INFO: Run Behavior\ReadHtmlCache [ RunTime:0.002673s ]
INFO: [ app_begin ] --END-- [ RunTime:0.003768s ]
NOTIC: [8192] mysql_connect(): The mysql extension is deprecated and will be removed in the future: use mysqli or PDO instead F:\www\hahaha\thinkphp\ThinkPHP\Library\Think\Db\Driver\Mysql.class.php 第 52 行.
SQL: SHOW COLUMNS FROM `pe20161101-20161122` [ RunTime:0.006245s ]
SQL: SELECT * FROM `pe20161101-20161122` WHERE (  (`time` BETWEEN '2016-11-01 06:00:00' AND '2016-11-01 18:00:00' ) )  [ RunTime:0.020917s ]

[ 2017-02-19T19:24:27+08:00 ] ::1 /hahaha/thinkphp/Home/Index/user_name
INFO: [ app_begin ] --START--
INFO: Run Behavior\ReadHtmlCache [ RunTime:0.001328s ]
INFO: [ app_begin ] --END-- [ RunTime:0.002095s ]
NOTIC: [8] A session had already been started - ignoring session_start() F:\www\hahaha\thinkphp\Application\Home\Controller\IndexController.class.php 第 32 行.
INFO: [ app_end ] --START--
INFO: Run Behavior\ShowPageTrace [ RunTime:0.000898s ]
INFO: [ app_end ] --END-- [ RunTime:0.000972s ]

[ 2017-02-19T19:24:32+08:00 ] ::1 /hahaha/thinkphp/Home/Index/unlock
INFO: [ app_begin ] --START--
INFO: Run Behavior\ReadHtmlCache [ RunTime:0.000761s ]
INFO: [ app_begin ] --END-- [ RunTime:0.001508s ]
NOTIC: [8] A session had already been started - ignoring session_start() F:\www\hahaha\thinkphp\Application\Home\Controller\IndexController.class.php 第 48 行.
NOTIC: [8192] mysql_connect(): The mysql extension is deprecated and will be removed in the future: use mysqli or PDO instead F:\www\hahaha\thinkphp\ThinkPHP\Library\Think\Db\Driver\Mysql.class.php 第 52 行.
SQL: SHOW COLUMNS FROM `test_user` [ RunTime:0.005834s ]
NOTIC: [8] Undefined index: id_temp F:\www\hahaha\thinkphp\Application\Home\Controller\IndexController.class.php 第 50 行.
SQL: SELECT `password` FROM `test_user` WHERE ( id='' ) LIMIT 1   [ RunTime:0.000368s ]
NOTIC: [8] Undefined index: id_temp F:\www\hahaha\thinkphp\Application\Home\Controller\IndexController.class.php 第 52 行.
INFO: [ app_end ] --START--
INFO: Run Behavior\ShowPageTrace [ RunTime:0.000853s ]
INFO: [ app_end ] --END-- [ RunTime:0.000925s ]

[ 2017-02-19T19:24:34+08:00 ] ::1 /hahaha/thinkphp/Home/Index/map_info
INFO: [ app_begin ] --START--
INFO: Run Behavior\ReadHtmlCache [ RunTime:0.000663s ]
INFO: [ app_begin ] --END-- [ RunTime:0.001229s ]
NOTIC: [8] A session had already been started - ignoring session_start() F:\www\hahaha\thinkphp\Application\Home\Controller\IndexController.class.php 第 38 行.
NOTIC: [8192] mysql_connect(): The mysql extension is deprecated and will be removed in the future: use mysqli or PDO instead F:\www\hahaha\thinkphp\ThinkPHP\Library\Think\Db\Driver\Mysql.class.php 第 52 行.
SQL: SHOW COLUMNS FROM `station_info` [ RunTime:0.015243s ]
SQL: SELECT * FROM `station_info` WHERE ( `user_id` = null ) ORDER BY station_name  [ RunTime:0.000966s ]

[ 2017-02-19T19:24:34+08:00 ] ::1 /hahaha/thinkphp/Home/Index/user_name
INFO: [ app_begin ] --START--
INFO: Run Behavior\ReadHtmlCache [ RunTime:0.000634s ]
INFO: [ app_begin ] --END-- [ RunTime:0.001293s ]
NOTIC: [8] A session had already been started - ignoring session_start() F:\www\hahaha\thinkphp\Application\Home\Controller\IndexController.class.php 第 32 行.
INFO: [ app_end ] --START--
INFO: Run Behavior\ShowPageTrace [ RunTime:0.000831s ]
INFO: [ app_end ] --END-- [ RunTime:0.000910s ]

[ 2017-02-19T19:24:44+08:00 ] ::1 /hahaha/thinkphp/Home/Index/station_overview
INFO: [ app_begin ] --START--
INFO: Run Behavior\ReadHtmlCache [ RunTime:0.000445s ]
INFO: [ app_begin ] --END-- [ RunTime:0.000834s ]
NOTIC: [8192] mysql_connect(): The mysql extension is deprecated and will be removed in the future: use mysqli or PDO instead F:\www\hahaha\thinkphp\ThinkPHP\Library\Think\Db\Driver\Mysql.class.php 第 52 行.
SQL: SHOW COLUMNS FROM `station_overview` [ RunTime:0.028124s ]
SQL: SELECT * FROM `station_overview`  [ RunTime:0.000604s ]

[ 2017-02-19T19:24:54+08:00 ] ::1 /hahaha/thinkphp/Home/Index/station_overview
INFO: [ app_begin ] --START--
INFO: Run Behavior\ReadHtmlCache [ RunTime:0.005733s ]
INFO: [ app_begin ] --END-- [ RunTime:0.007856s ]
NOTIC: [8192] mysql_connect(): The mysql extension is deprecated and will be removed in the future: use mysqli or PDO instead F:\www\hahaha\thinkphp\ThinkPHP\Library\Think\Db\Driver\Mysql.class.php 第 52 行.
SQL: SHOW COLUMNS FROM `station_overview` [ RunTime:0.016938s ]
SQL: SELECT * FROM `station_overview`  [ RunTime:0.000696s ]

[ 2017-02-19T19:25:04+08:00 ] ::1 /hahaha/thinkphp/Home/Index/station_overview
INFO: [ app_begin ] --START--
INFO: Run Behavior\ReadHtmlCache [ RunTime:0.003998s ]
INFO: [ app_begin ] --END-- [ RunTime:0.005882s ]
NOTIC: [8192] mysql_connect(): The mysql extension is deprecated and will be removed in the future: use mysqli or PDO instead F:\www\hahaha\thinkphp\ThinkPHP\Library\Think\Db\Driver\Mysql.class.php 第 52 行.
SQL: SHOW COLUMNS FROM `station_overview` [ RunTime:0.005429s ]
SQL: SELECT * FROM `station_overview`  [ RunTime:0.000450s ]

[ 2017-02-19T19:25:14+08:00 ] ::1 /hahaha/thinkphp/Home/Index/station_overview
INFO: [ app_begin ] --START--
INFO: Run Behavior\ReadHtmlCache [ RunTime:0.000651s ]
INFO: [ app_begin ] --END-- [ RunTime:0.001118s ]
NOTIC: [8192] mysql_connect(): The mysql extension is deprecated and will be removed in the future: use mysqli or PDO instead F:\www\hahaha\thinkphp\ThinkPHP\Library\Think\Db\Driver\Mysql.class.php 第 52 行.
SQL: SHOW COLUMNS FROM `station_overview` [ RunTime:0.004591s ]
SQL: SELECT * FROM `station_overview`  [ RunTime:0.000292s ]

[ 2017-02-19T19:25:24+08:00 ] ::1 /hahaha/thinkphp/Home/Index/station_overview
INFO: [ app_begin ] --START--
INFO: Run Behavior\ReadHtmlCache [ RunTime:0.000435s ]
INFO: [ app_begin ] --END-- [ RunTime:0.000816s ]
NOTIC: [8192] mysql_connect(): The mysql extension is deprecated and will be removed in the future: use mysqli or PDO instead F:\www\hahaha\thinkphp\ThinkPHP\Library\Think\Db\Driver\Mysql.class.php 第 52 行.
SQL: SHOW COLUMNS FROM `station_overview` [ RunTime:0.046666s ]
SQL: SELECT * FROM `station_overview`  [ RunTime:0.000373s ]

[ 2017-02-19T19:25:34+08:00 ] ::1 /hahaha/thinkphp/Home/Index/station_overview
INFO: [ app_begin ] --START--
INFO: Run Behavior\ReadHtmlCache [ RunTime:0.000500s ]
INFO: [ app_begin ] --END-- [ RunTime:0.000925s ]
NOTIC: [8192] mysql_connect(): The mysql extension is deprecated and will be removed in the future: use mysqli or PDO instead F:\www\hahaha\thinkphp\ThinkPHP\Library\Think\Db\Driver\Mysql.class.php 第 52 行.
SQL: SHOW COLUMNS FROM `station_overview` [ RunTime:0.008692s ]
SQL: SELECT * FROM `station_overview`  [ RunTime:0.000615s ]

[ 2017-02-19T19:25:45+08:00 ] ::1 /hahaha/thinkphp/Home/Index/station_overview
INFO: [ app_begin ] --START--
INFO: Run Behavior\ReadHtmlCache [ RunTime:0.009338s ]
INFO: [ app_begin ] --END-- [ RunTime:0.010088s ]
NOTIC: [8192] mysql_connect(): The mysql extension is deprecated and will be removed in the future: use mysqli or PDO instead F:\www\hahaha\thinkphp\ThinkPHP\Library\Think\Db\Driver\Mysql.class.php 第 52 行.
SQL: SHOW COLUMNS FROM `station_overview` [ RunTime:0.014992s ]
SQL: SELECT * FROM `station_overview`  [ RunTime:0.000580s ]

[ 2017-02-19T19:25:54+08:00 ] ::1 /hahaha/thinkphp/Home/Index/station_overview
INFO: [ app_begin ] --START--
INFO: Run Behavior\ReadHtmlCache [ RunTime:0.004006s ]
INFO: [ app_begin ] --END-- [ RunTime:0.004726s ]
NOTIC: [8192] mysql_connect(): The mysql extension is deprecated and will be removed in the future: use mysqli or PDO instead F:\www\hahaha\thinkphp\ThinkPHP\Library\Think\Db\Driver\Mysql.class.php 第 52 行.
SQL: SHOW COLUMNS FROM `station_overview` [ RunTime:0.005618s ]
SQL: SELECT * FROM `station_overview`  [ RunTime:0.000523s ]

[ 2017-02-19T19:26:04+08:00 ] ::1 /hahaha/thinkphp/Home/Index/station_overview
INFO: [ app_begin ] --START--
INFO: Run Behavior\ReadHtmlCache [ RunTime:0.000445s ]
INFO: [ app_begin ] --END-- [ RunTime:0.000809s ]
NOTIC: [8192] mysql_connect(): The mysql extension is deprecated and will be removed in the future: use mysqli or PDO instead F:\www\hahaha\thinkphp\ThinkPHP\Library\Think\Db\Driver\Mysql.class.php 第 52 行.
SQL: SHOW COLUMNS FROM `station_overview` [ RunTime:0.020418s ]
SQL: SELECT * FROM `station_overview`  [ RunTime:0.000530s ]

[ 2017-02-19T19:26:14+08:00 ] ::1 /hahaha/thinkphp/Home/Index/station_overview
INFO: [ app_begin ] --START--
INFO: Run Behavior\ReadHtmlCache [ RunTime:0.000426s ]
INFO: [ app_begin ] --END-- [ RunTime:0.000786s ]
NOTIC: [8192] mysql_connect(): The mysql extension is deprecated and will be removed in the future: use mysqli or PDO instead F:\www\hahaha\thinkphp\ThinkPHP\Library\Think\Db\Driver\Mysql.class.php 第 52 行.
SQL: SHOW COLUMNS FROM `station_overview` [ RunTime:0.065892s ]
SQL: SELECT * FROM `station_overview`  [ RunTime:0.000895s ]

[ 2017-02-19T19:26:24+08:00 ] ::1 /hahaha/thinkphp/Home/Index/station_overview
INFO: [ app_begin ] --START--
INFO: Run Behavior\ReadHtmlCache [ RunTime:0.000480s ]
INFO: [ app_begin ] --END-- [ RunTime:0.000951s ]
NOTIC: [8192] mysql_connect(): The mysql extension is deprecated and will be removed in the future: use mysqli or PDO instead F:\www\hahaha\thinkphp\ThinkPHP\Library\Think\Db\Driver\Mysql.class.php 第 52 行.
SQL: SHOW COLUMNS FROM `station_overview` [ RunTime:0.024722s ]
SQL: SELECT * FROM `station_overview`  [ RunTime:0.000472s ]

[ 2017-02-19T19:26:34+08:00 ] ::1 /hahaha/thinkphp/Home/Index/station_overview
INFO: [ app_begin ] --START--
INFO: Run Behavior\ReadHtmlCache [ RunTime:0.000557s ]
INFO: [ app_begin ] --END-- [ RunTime:0.001056s ]
NOTIC: [8192] mysql_connect(): The mysql extension is deprecated and will be removed in the future: use mysqli or PDO instead F:\www\hahaha\thinkphp\ThinkPHP\Library\Think\Db\Driver\Mysql.class.php 第 52 行.
SQL: SHOW COLUMNS FROM `station_overview` [ RunTime:0.016628s ]
SQL: SELECT * FROM `station_overview`  [ RunTime:0.000675s ]

[ 2017-02-19T19:26:44+08:00 ] ::1 /hahaha/thinkphp/Home/Index/station_overview
INFO: [ app_begin ] --START--
INFO: Run Behavior\ReadHtmlCache [ RunTime:0.002706s ]
INFO: [ app_begin ] --END-- [ RunTime:0.004113s ]
NOTIC: [8192] mysql_connect(): The mysql extension is deprecated and will be removed in the future: use mysqli or PDO instead F:\www\hahaha\thinkphp\ThinkPHP\Library\Think\Db\Driver\Mysql.class.php 第 52 行.
SQL: SHOW COLUMNS FROM `station_overview` [ RunTime:0.004169s ]
SQL: SELECT * FROM `station_overview`  [ RunTime:0.000388s ]

[ 2017-02-19T19:26:54+08:00 ] ::1 /hahaha/thinkphp/Home/Index/station_overview
INFO: [ app_begin ] --START--
INFO: Run Behavior\ReadHtmlCache [ RunTime:0.001045s ]
INFO: [ app_begin ] --END-- [ RunTime:0.001595s ]
NOTIC: [8192] mysql_connect(): The mysql extension is deprecated and will be removed in the future: use mysqli or PDO instead F:\www\hahaha\thinkphp\ThinkPHP\Library\Think\Db\Driver\Mysql.class.php 第 52 行.
SQL: SHOW COLUMNS FROM `station_overview` [ RunTime:0.037329s ]
SQL: SELECT * FROM `station_overview`  [ RunTime:0.000689s ]

[ 2017-02-19T19:26:57+08:00 ] ::1 /hahaha/thinkphp/Home/Station/power_energy
INFO: [ app_begin ] --START--
INFO: Run Behavior\ReadHtmlCache [ RunTime:0.000760s ]
INFO: [ app_begin ] --END-- [ RunTime:0.001464s ]
NOTIC: [8192] mysql_connect(): The mysql extension is deprecated and will be removed in the future: use mysqli or PDO instead F:\www\hahaha\thinkphp\ThinkPHP\Library\Think\Db\Driver\Mysql.class.php 第 52 行.
SQL: SHOW COLUMNS FROM `pe20161101-20161122` [ RunTime:0.004537s ]
SQL: SELECT * FROM `pe20161101-20161122` WHERE (  (`time` BETWEEN '2016-11-01 06:00:00' AND '2016-11-01 18:00:00' ) )  [ RunTime:0.020197s ]

[ 2017-02-19T19:26:57+08:00 ] ::1 /hahaha/thinkphp/Home/Index/user_name
INFO: [ app_begin ] --START--
INFO: Run Behavior\ReadHtmlCache [ RunTime:0.001079s ]
INFO: [ app_begin ] --END-- [ RunTime:0.001771s ]
NOTIC: [8] A session had already been started - ignoring session_start() F:\www\hahaha\thinkphp\Application\Home\Controller\IndexController.class.php 第 32 行.
INFO: [ app_end ] --START--
INFO: Run Behavior\ShowPageTrace [ RunTime:0.001539s ]
INFO: [ app_end ] --END-- [ RunTime:0.001712s ]

[ 2017-02-19T19:27:02+08:00 ] ::1 /hahaha/thinkphp/Home/Index/unlock
INFO: [ app_begin ] --START--
INFO: Run Behavior\ReadHtmlCache [ RunTime:0.000728s ]
INFO: [ app_begin ] --END-- [ RunTime:0.001453s ]
NOTIC: [8] A session had already been started - ignoring session_start() F:\www\hahaha\thinkphp\Application\Home\Controller\IndexController.class.php 第 48 行.
NOTIC: [8192] mysql_connect(): The mysql extension is deprecated and will be removed in the future: use mysqli or PDO instead F:\www\hahaha\thinkphp\ThinkPHP\Library\Think\Db\Driver\Mysql.class.php 第 52 行.
SQL: SHOW COLUMNS FROM `test_user` [ RunTime:0.040327s ]
NOTIC: [8] Undefined index: id_temp F:\www\hahaha\thinkphp\Application\Home\Controller\IndexController.class.php 第 50 行.
SQL: SELECT `password` FROM `test_user` WHERE ( id='' ) LIMIT 1   [ RunTime:0.003266s ]
NOTIC: [8] Undefined index: id_temp F:\www\hahaha\thinkphp\Application\Home\Controller\IndexController.class.php 第 52 行.
INFO: [ app_end ] --START--
INFO: Run Behavior\ShowPageTrace [ RunTime:0.002359s ]
INFO: [ app_end ] --END-- [ RunTime:0.002450s ]

[ 2017-02-19T19:27:03+08:00 ] ::1 /hahaha/thinkphp/Home/Index/map_info
INFO: [ app_begin ] --START--
INFO: Run Behavior\ReadHtmlCache [ RunTime:0.000468s ]
INFO: [ app_begin ] --END-- [ RunTime:0.000825s ]
NOTIC: [8] A session had already been started - ignoring session_start() F:\www\hahaha\thinkphp\Application\Home\Controller\IndexController.class.php 第 38 行.
NOTIC: [8192] mysql_connect(): The mysql extension is deprecated and will be removed in the future: use mysqli or PDO instead F:\www\hahaha\thinkphp\ThinkPHP\Library\Think\Db\Driver\Mysql.class.php 第 52 行.
SQL: SHOW COLUMNS FROM `station_info` [ RunTime:0.023130s ]
SQL: SELECT * FROM `station_info` WHERE ( `user_id` = null ) ORDER BY station_name  [ RunTime:0.000417s ]

[ 2017-02-19T19:27:04+08:00 ] ::1 /hahaha/thinkphp/Home/Index/user_name
INFO: [ app_begin ] --START--
INFO: Run Behavior\ReadHtmlCache [ RunTime:0.000761s ]
INFO: [ app_begin ] --END-- [ RunTime:0.001442s ]
NOTIC: [8] A session had already been started - ignoring session_start() F:\www\hahaha\thinkphp\Application\Home\Controller\IndexController.class.php 第 32 行.
INFO: [ app_end ] --START--
INFO: Run Behavior\ShowPageTrace [ RunTime:0.000538s ]
INFO: [ app_end ] --END-- [ RunTime:0.000585s ]

[ 2017-02-19T19:27:14+08:00 ] ::1 /hahaha/thinkphp/Home/Index/station_overview
INFO: [ app_begin ] --START--
INFO: Run Behavior\ReadHtmlCache [ RunTime:0.001020s ]
INFO: [ app_begin ] --END-- [ RunTime:0.001835s ]
NOTIC: [8192] mysql_connect(): The mysql extension is deprecated and will be removed in the future: use mysqli or PDO instead F:\www\hahaha\thinkphp\ThinkPHP\Library\Think\Db\Driver\Mysql.class.php 第 52 行.
SQL: SHOW COLUMNS FROM `station_overview` [ RunTime:0.006835s ]
SQL: SELECT * FROM `station_overview`  [ RunTime:0.000419s ]

[ 2017-02-19T19:27:24+08:00 ] ::1 /hahaha/thinkphp/Home/Index/station_overview
INFO: [ app_begin ] --START--
INFO: Run Behavior\ReadHtmlCache [ RunTime:0.001603s ]
INFO: [ app_begin ] --END-- [ RunTime:0.002171s ]
NOTIC: [8192] mysql_connect(): The mysql extension is deprecated and will be removed in the future: use mysqli or PDO instead F:\www\hahaha\thinkphp\ThinkPHP\Library\Think\Db\Driver\Mysql.class.php 第 52 行.
SQL: SHOW COLUMNS FROM `station_overview` [ RunTime:0.005474s ]
SQL: SELECT * FROM `station_overview`  [ RunTime:0.000357s ]

[ 2017-02-19T19:27:34+08:00 ] ::1 /hahaha/thinkphp/Home/Index/station_overview
INFO: [ app_begin ] --START--
INFO: Run Behavior\ReadHtmlCache [ RunTime:0.000664s ]
INFO: [ app_begin ] --END-- [ RunTime:0.001290s ]
NOTIC: [8192] mysql_connect(): The mysql extension is deprecated and will be removed in the future: use mysqli or PDO instead F:\www\hahaha\thinkphp\ThinkPHP\Library\Think\Db\Driver\Mysql.class.php 第 52 行.
SQL: SHOW COLUMNS FROM `station_overview` [ RunTime:0.037237s ]
SQL: SELECT * FROM `station_overview`  [ RunTime:0.000347s ]

[ 2017-02-19T19:27:44+08:00 ] ::1 /hahaha/thinkphp/Home/Index/station_overview
INFO: [ app_begin ] --START--
INFO: Run Behavior\ReadHtmlCache [ RunTime:0.000733s ]
INFO: [ app_begin ] --END-- [ RunTime:0.001218s ]
NOTIC: [8192] mysql_connect(): The mysql extension is deprecated and will be removed in the future: use mysqli or PDO instead F:\www\hahaha\thinkphp\ThinkPHP\Library\Think\Db\Driver\Mysql.class.php 第 52 行.
SQL: SHOW COLUMNS FROM `station_overview` [ RunTime:0.013449s ]
SQL: SELECT * FROM `station_overview`  [ RunTime:0.000864s ]

[ 2017-02-19T19:27:54+08:00 ] ::1 /hahaha/thinkphp/Home/Index/station_overview
INFO: [ app_begin ] --START--
INFO: Run Behavior\ReadHtmlCache [ RunTime:0.001014s ]
INFO: [ app_begin ] --END-- [ RunTime:0.002352s ]
NOTIC: [8192] mysql_connect(): The mysql extension is deprecated and will be removed in the future: use mysqli or PDO instead F:\www\hahaha\thinkphp\ThinkPHP\Library\Think\Db\Driver\Mysql.class.php 第 52 行.
SQL: SHOW COLUMNS FROM `station_overview` [ RunTime:0.007763s ]
SQL: SELECT * FROM `station_overview`  [ RunTime:0.000403s ]

[ 2017-02-19T19:28:04+08:00 ] ::1 /hahaha/thinkphp/Home/Index/station_overview
INFO: [ app_begin ] --START--
INFO: Run Behavior\ReadHtmlCache [ RunTime:0.000438s ]
INFO: [ app_begin ] --END-- [ RunTime:0.000816s ]
NOTIC: [8192] mysql_connect(): The mysql extension is deprecated and will be removed in the future: use mysqli or PDO instead F:\www\hahaha\thinkphp\ThinkPHP\Library\Think\Db\Driver\Mysql.class.php 第 52 行.
SQL: SHOW COLUMNS FROM `station_overview` [ RunTime:0.007755s ]
SQL: SELECT * FROM `station_overview`  [ RunTime:0.000441s ]

[ 2017-02-19T19:28:14+08:00 ] ::1 /hahaha/thinkphp/Home/Index/station_overview
INFO: [ app_begin ] --START--
INFO: Run Behavior\ReadHtmlCache [ RunTime:0.000435s ]
INFO: [ app_begin ] --END-- [ RunTime:0.000852s ]
NOTIC: [8192] mysql_connect(): The mysql extension is deprecated and will be removed in the future: use mysqli or PDO instead F:\www\hahaha\thinkphp\ThinkPHP\Library\Think\Db\Driver\Mysql.class.php 第 52 行.
SQL: SHOW COLUMNS FROM `station_overview` [ RunTime:0.053812s ]
SQL: SELECT * FROM `station_overview`  [ RunTime:0.003400s ]

[ 2017-02-19T19:28:24+08:00 ] ::1 /hahaha/thinkphp/Home/Index/station_overview
INFO: [ app_begin ] --START--
INFO: Run Behavior\ReadHtmlCache [ RunTime:0.000494s ]
INFO: [ app_begin ] --END-- [ RunTime:0.000932s ]
NOTIC: [8192] mysql_connect(): The mysql extension is deprecated and will be removed in the future: use mysqli or PDO instead F:\www\hahaha\thinkphp\ThinkPHP\Library\Think\Db\Driver\Mysql.class.php 第 52 行.
SQL: SHOW COLUMNS FROM `station_overview` [ RunTime:0.005719s ]
SQL: SELECT * FROM `station_overview`  [ RunTime:0.000350s ]

[ 2017-02-19T19:28:34+08:00 ] ::1 /hahaha/thinkphp/Home/Index/station_overview
INFO: [ app_begin ] --START--
INFO: Run Behavior\ReadHtmlCache [ RunTime:0.001082s ]
INFO: [ app_begin ] --END-- [ RunTime:0.002309s ]
NOTIC: [8192] mysql_connect(): The mysql extension is deprecated and will be removed in the future: use mysqli or PDO instead F:\www\hahaha\thinkphp\ThinkPHP\Library\Think\Db\Driver\Mysql.class.php 第 52 行.
SQL: SHOW COLUMNS FROM `station_overview` [ RunTime:0.003925s ]
SQL: SELECT * FROM `station_overview`  [ RunTime:0.000349s ]

[ 2017-02-19T19:28:44+08:00 ] ::1 /hahaha/thinkphp/Home/Index/station_overview
INFO: [ app_begin ] --START--
INFO: Run Behavior\ReadHtmlCache [ RunTime:0.000848s ]
INFO: [ app_begin ] --END-- [ RunTime:0.001862s ]
NOTIC: [8192] mysql_connect(): The mysql extension is deprecated and will be removed in the future: use mysqli or PDO instead F:\www\hahaha\thinkphp\ThinkPHP\Library\Think\Db\Driver\Mysql.class.php 第 52 行.
SQL: SHOW COLUMNS FROM `station_overview` [ RunTime:0.035307s ]
SQL: SELECT * FROM `station_overview`  [ RunTime:0.000795s ]

[ 2017-02-19T19:28:54+08:00 ] ::1 /hahaha/thinkphp/Home/Index/station_overview
INFO: [ app_begin ] --START--
INFO: Run Behavior\ReadHtmlCache [ RunTime:0.000469s ]
INFO: [ app_begin ] --END-- [ RunTime:0.000852s ]
NOTIC: [8192] mysql_connect(): The mysql extension is deprecated and will be removed in the future: use mysqli or PDO instead F:\www\hahaha\thinkphp\ThinkPHP\Library\Think\Db\Driver\Mysql.class.php 第 52 行.
SQL: SHOW COLUMNS FROM `station_overview` [ RunTime:0.035290s ]
SQL: SELECT * FROM `station_overview`  [ RunTime:0.000448s ]

[ 2017-02-19T19:29:03+08:00 ] ::1 /hahaha/thinkphp/Home/User/Login
ERR: 非法操作:login

[ 2017-02-19T19:29:06+08:00 ] ::1 /hahaha/thinkphp/Home/User/login
ERR: 非法操作:login

[ 2017-02-19T19:29:18+08:00 ] ::1 /hahaha/thinkphp/Home/User/user_login
INFO: [ app_begin ] --START--
INFO: Run Behavior\ReadHtmlCache [ RunTime:0.003121s ]
INFO: [ app_begin ] --END-- [ RunTime:0.004284s ]
NOTIC: [8192] mysql_connect(): The mysql extension is deprecated and will be removed in the future: use mysqli or PDO instead F:\www\hahaha\thinkphp\ThinkPHP\Library\Think\Db\Driver\Mysql.class.php 第 52 行.
SQL: SHOW COLUMNS FROM `test_user` [ RunTime:0.005862s ]
SQL: select * from test_user where id='sjc' [ RunTime:0.000442s ]
SQL: SELECT `password` FROM `test_user` WHERE ( id='sjc' ) LIMIT 1   [ RunTime:0.000350s ]
NOTIC: [8] A session had already been started - ignoring session_start() F:\www\hahaha\thinkphp\Application\Home\Controller\UserController.class.php 第 110 行.
INFO: [ app_end ] --START--
INFO: Run Behavior\ShowPageTrace [ RunTime:0.001369s ]
INFO: [ app_end ] --END-- [ RunTime:0.001481s ]

[ 2017-02-19T19:29:20+08:00 ] ::1 /hahaha/thinkphp/Home/Index/map_info
INFO: [ app_begin ] --START--
INFO: Run Behavior\ReadHtmlCache [ RunTime:0.001151s ]
INFO: [ app_begin ] --END-- [ RunTime:0.001892s ]
NOTIC: [8] A session had already been started - ignoring session_start() F:\www\hahaha\thinkphp\Application\Home\Controller\IndexController.class.php 第 38 行.
NOTIC: [8192] mysql_connect(): The mysql extension is deprecated and will be removed in the future: use mysqli or PDO instead F:\www\hahaha\thinkphp\ThinkPHP\Library\Think\Db\Driver\Mysql.class.php 第 52 行.
SQL: SHOW COLUMNS FROM `station_info` [ RunTime:0.005081s ]
SQL: SELECT * FROM `station_info` WHERE ( `user_id` = 'sjc' ) ORDER BY station_name  [ RunTime:0.000512s ]

[ 2017-02-19T19:29:21+08:00 ] ::1 /hahaha/thinkphp/Home/Index/user_name
INFO: [ app_begin ] --START--
INFO: Run Behavior\ReadHtmlCache [ RunTime:0.000510s ]
INFO: [ app_begin ] --END-- [ RunTime:0.001206s ]
NOTIC: [8] A session had already been started - ignoring session_start() F:\www\hahaha\thinkphp\Application\Home\Controller\IndexController.class.php 第 32 行.
INFO: [ app_end ] --START--
INFO: Run Behavior\ShowPageTrace [ RunTime:0.000655s ]
INFO: [ app_end ] --END-- [ RunTime:0.000736s ]

[ 2017-02-19T19:29:29+08:00 ] ::1 /hahaha/thinkphp/Home/Station/power_energy
INFO: [ app_begin ] --START--
INFO: Run Behavior\ReadHtmlCache [ RunTime:0.000772s ]
INFO: [ app_begin ] --END-- [ RunTime:0.001358s ]
NOTIC: [8192] mysql_connect(): The mysql extension is deprecated and will be removed in the future: use mysqli or PDO instead F:\www\hahaha\thinkphp\ThinkPHP\Library\Think\Db\Driver\Mysql.class.php 第 52 行.
SQL: SHOW COLUMNS FROM `pe20161101-20161122` [ RunTime:0.004858s ]
SQL: SELECT * FROM `pe20161101-20161122` WHERE (  (`time` BETWEEN '2016-11-01 06:00:00' AND '2016-11-01 18:00:00' ) )  [ RunTime:0.017902s ]

[ 2017-02-19T19:29:29+08:00 ] ::1 /hahaha/thinkphp/Home/Index/user_name
INFO: [ app_begin ] --START--
INFO: Run Behavior\ReadHtmlCache [ RunTime:0.000755s ]
INFO: [ app_begin ] --END-- [ RunTime:0.002317s ]
NOTIC: [8] A session had already been started - ignoring session_start() F:\www\hahaha\thinkphp\Application\Home\Controller\IndexController.class.php 第 32 行.
INFO: [ app_end ] --START--
INFO: Run Behavior\ShowPageTrace [ RunTime:0.000622s ]
INFO: [ app_end ] --END-- [ RunTime:0.000685s ]

[ 2017-02-19T19:29:34+08:00 ] ::1 /hahaha/thinkphp/Home/Index/unlock
INFO: [ app_begin ] --START--
INFO: Run Behavior\ReadHtmlCache [ RunTime:0.000436s ]
INFO: [ app_begin ] --END-- [ RunTime:0.000802s ]
NOTIC: [8] A session had already been started - ignoring session_start() F:\www\hahaha\thinkphp\Application\Home\Controller\IndexController.class.php 第 48 行.
NOTIC: [8192] mysql_connect(): The mysql extension is deprecated and will be removed in the future: use mysqli or PDO instead F:\www\hahaha\thinkphp\ThinkPHP\Library\Think\Db\Driver\Mysql.class.php 第 52 行.
SQL: SHOW COLUMNS FROM `test_user` [ RunTime:0.008034s ]
SQL: SELECT `password` FROM `test_user` WHERE ( id='sjc' ) LIMIT 1   [ RunTime:0.000321s ]
INFO: [ app_end ] --START--
INFO: Run Behavior\ShowPageTrace [ RunTime:0.000756s ]
INFO: [ app_end ] --END-- [ RunTime:0.000815s ]

[ 2017-02-19T19:29:36+08:00 ] ::1 /hahaha/thinkphp/Home/Station/power_energy
INFO: [ app_begin ] --START--
INFO: Run Behavior\ReadHtmlCache [ RunTime:0.001451s ]
INFO: [ app_begin ] --END-- [ RunTime:0.002746s ]
NOTIC: [8192] mysql_connect(): The mysql extension is deprecated and will be removed in the future: use mysqli or PDO instead F:\www\hahaha\thinkphp\ThinkPHP\Library\Think\Db\Driver\Mysql.class.php 第 52 行.
SQL: SHOW COLUMNS FROM `pe20161101-20161122` [ RunTime:0.047239s ]
SQL: SELECT * FROM `pe20161101-20161122` WHERE (  (`time` BETWEEN '2016-11-01 06:00:00' AND '2016-11-01 18:00:00' ) )  [ RunTime:0.024344s ]

[ 2017-02-19T19:29:36+08:00 ] ::1 /hahaha/thinkphp/Home/Index/user_name
INFO: [ app_begin ] --START--
INFO: Run Behavior\ReadHtmlCache [ RunTime:0.002306s ]
INFO: [ app_begin ] --END-- [ RunTime:0.003375s ]
NOTIC: [8] A session had already been started - ignoring session_start() F:\www\hahaha\thinkphp\Application\Home\Controller\IndexController.class.php 第 32 行.
INFO: [ app_end ] --START--
INFO: Run Behavior\ShowPageTrace [ RunTime:0.001429s ]
INFO: [ app_end ] --END-- [ RunTime:0.001580s ]

[ 2017-02-19T21:02:48+08:00 ] ::1 /hahaha/thinkphp/Home/Index/user_name
INFO: [ app_begin ] --START--
INFO: Run Behavior\ReadHtmlCache [ RunTime:0.000640s ]
INFO: [ app_begin ] --END-- [ RunTime:0.001364s ]
NOTIC: [8] A session had already been started - ignoring session_start() F:\www\hahaha\thinkphp\Application\Home\Controller\IndexController.class.php 第 32 行.
INFO: [ app_end ] --START--
INFO: Run Behavior\ShowPageTrace [ RunTime:0.000543s ]
INFO: [ app_end ] --END-- [ RunTime:0.000586s ]

[ 2017-02-19T21:03:48+08:00 ] ::1 /hahaha/thinkphp/Home/Station/power_energy
INFO: [ app_begin ] --START--
INFO: Run Behavior\ReadHtmlCache [ RunTime:0.000688s ]
INFO: [ app_begin ] --END-- [ RunTime:0.001308s ]
NOTIC: [8192] mysql_connect(): The mysql extension is deprecated and will be removed in the future: use mysqli or PDO instead F:\www\hahaha\thinkphp\ThinkPHP\Library\Think\Db\Driver\Mysql.class.php 第 52 行.
SQL: SHOW COLUMNS FROM `pe20161101-20161122` [ RunTime:0.029868s ]
SQL: SELECT * FROM `pe20161101-20161122` WHERE (  (`time` BETWEEN '2016-11-01 06:00:00' AND '2016-11-01 18:00:00' ) )  [ RunTime:0.043719s ]

[ 2017-02-19T21:03:48+08:00 ] ::1 /hahaha/thinkphp/Home/Index/user_name
INFO: [ app_begin ] --START--
INFO: Run Behavior\ReadHtmlCache [ RunTime:0.000535s ]
INFO: [ app_begin ] --END-- [ RunTime:0.000964s ]
NOTIC: [8] A session had already been started - ignoring session_start() F:\www\hahaha\thinkphp\Application\Home\Controller\IndexController.class.php 第 32 行.
INFO: [ app_end ] --START--
INFO: Run Behavior\ShowPageTrace [ RunTime:0.000448s ]
INFO: [ app_end ] --END-- [ RunTime:0.000490s ]

[ 2017-02-19T21:04:38+08:00 ] ::1 /hahaha/thinkphp/Home/Index/user_name
INFO: [ app_begin ] --START--
INFO: Run Behavior\ReadHtmlCache [ RunTime:0.000776s ]
INFO: [ app_begin ] --END-- [ RunTime:0.001519s ]
NOTIC: [8] A session had already been started - ignoring session_start() F:\www\hahaha\thinkphp\Application\Home\Controller\IndexController.class.php 第 32 行.
INFO: [ app_end ] --START--
INFO: Run Behavior\ShowPageTrace [ RunTime:0.000773s ]
INFO: [ app_end ] --END-- [ RunTime:0.000847s ]

[ 2017-02-19T21:07:20+08:00 ] ::1 /hahaha/thinkphp/Home/Station/power_energy
INFO: [ app_begin ] --START--
INFO: Run Behavior\ReadHtmlCache [ RunTime:0.000477s ]
INFO: [ app_begin ] --END-- [ RunTime:0.000976s ]
NOTIC: [8192] mysql_connect(): The mysql extension is deprecated and will be removed in the future: use mysqli or PDO instead F:\www\hahaha\thinkphp\ThinkPHP\Library\Think\Db\Driver\Mysql.class.php 第 52 行.
SQL: SHOW COLUMNS FROM `pe20161101-20161122` [ RunTime:0.068590s ]
SQL: SELECT * FROM `pe20161101-20161122` WHERE (  (`time` BETWEEN '2016-11-01 06:00:00' AND '2016-11-01 18:00:00' ) )  [ RunTime:0.022621s ]

[ 2017-02-19T21:07:20+08:00 ] ::1 /hahaha/thinkphp/Home/Index/user_name
INFO: [ app_begin ] --START--
INFO: Run Behavior\ReadHtmlCache [ RunTime:0.001038s ]
INFO: [ app_begin ] --END-- [ RunTime:0.001710s ]
NOTIC: [8] A session had already been started - ignoring session_start() F:\www\hahaha\thinkphp\Application\Home\Controller\IndexController.class.php 第 32 行.
INFO: [ app_end ] --START--
INFO: Run Behavior\ShowPageTrace [ RunTime:0.000509s ]
INFO: [ app_end ] --END-- [ RunTime:0.000556s ]

[ 2017-02-19T21:15:04+08:00 ] ::1 /hahaha/thinkphp/Home/Index/user_name
INFO: [ app_begin ] --START--
INFO: Run Behavior\ReadHtmlCache [ RunTime:0.001061s ]
INFO: [ app_begin ] --END-- [ RunTime:0.001995s ]
NOTIC: [8] A session had already been started - ignoring session_start() F:\www\hahaha\thinkphp\Application\Home\Controller\IndexController.class.php 第 32 行.
INFO: [ app_end ] --START--
INFO: Run Behavior\ShowPageTrace [ RunTime:0.000748s ]
INFO: [ app_end ] --END-- [ RunTime:0.000821s ]

[ 2017-02-19T21:15:07+08:00 ] ::1 /hahaha/thinkphp/Home/Station/power_energy
INFO: [ app_begin ] --START--
INFO: Run Behavior\ReadHtmlCache [ RunTime:0.000467s ]
INFO: [ app_begin ] --END-- [ RunTime:0.000844s ]
NOTIC: [8192] mysql_connect(): The mysql extension is deprecated and will be removed in the future: use mysqli or PDO instead F:\www\hahaha\thinkphp\ThinkPHP\Library\Think\Db\Driver\Mysql.class.php 第 52 行.
SQL: SHOW COLUMNS FROM `pe20161101-20161122` [ RunTime:0.045735s ]
SQL: SELECT * FROM `pe20161101-20161122` WHERE (  (`time` BETWEEN '2016-11-01 06:00:00' AND '2016-11-01 18:00:00' ) )  [ RunTime:0.055478s ]

[ 2017-02-19T21:15:08+08:00 ] ::1 /hahaha/thinkphp/Home/Index/user_name
INFO: [ app_begin ] --START--
INFO: Run Behavior\ReadHtmlCache [ RunTime:0.000737s ]
INFO: [ app_begin ] --END-- [ RunTime:0.001426s ]
NOTIC: [8] A session had already been started - ignoring session_start() F:\www\hahaha\thinkphp\Application\Home\Controller\IndexController.class.php 第 32 行.
INFO: [ app_end ] --START--
INFO: Run Behavior\ShowPageTrace [ RunTime:0.000779s ]
INFO: [ app_end ] --END-- [ RunTime:0.000875s ]

[ 2017-02-19T21:15:09+08:00 ] ::1 /hahaha/thinkphp/Home/Index/user_name
INFO: [ app_begin ] --START--
INFO: Run Behavior\ReadHtmlCache [ RunTime:0.001080s ]
INFO: [ app_begin ] --END-- [ RunTime:0.001596s ]
NOTIC: [8] A session had already been started - ignoring session_start() F:\www\hahaha\thinkphp\Application\Home\Controller\IndexController.class.php 第 32 行.
INFO: [ app_end ] --START--
INFO: Run Behavior\ShowPageTrace [ RunTime:0.000573s ]
INFO: [ app_end ] --END-- [ RunTime:0.000618s ]

[ 2017-02-19T21:15:11+08:00 ] ::1 /hahaha/thinkphp/Home/Index/user_name
INFO: [ app_begin ] --START--
INFO: Run Behavior\ReadHtmlCache [ RunTime:0.000509s ]
INFO: [ app_begin ] --END-- [ RunTime:0.000875s ]
NOTIC: [8] A session had already been started - ignoring session_start() F:\www\hahaha\thinkphp\Application\Home\Controller\IndexController.class.php 第 32 行.
INFO: [ app_end ] --START--
INFO: Run Behavior\ShowPageTrace [ RunTime:0.000633s ]
INFO: [ app_end ] --END-- [ RunTime:0.000680s ]

[ 2017-02-19T21:15:15+08:00 ] ::1 /hahaha/thinkphp/Home/Index/user_name
INFO: [ app_begin ] --START--
INFO: Run Behavior\ReadHtmlCache [ RunTime:0.000688s ]
INFO: [ app_begin ] --END-- [ RunTime:0.001354s ]
NOTIC: [8] A session had already been started - ignoring session_start() F:\www\hahaha\thinkphp\Application\Home\Controller\IndexController.class.php 第 32 行.
INFO: [ app_end ] --START--
INFO: Run Behavior\ShowPageTrace [ RunTime:0.000755s ]
INFO: [ app_end ] --END-- [ RunTime:0.000825s ]

[ 2017-02-19T21:21:13+08:00 ] ::1 /hahaha/thinkphp/Home/Index/user_name
INFO: [ app_begin ] --START--
INFO: Run Behavior\ReadHtmlCache [ RunTime:0.000618s ]
INFO: [ app_begin ] --END-- [ RunTime:0.001108s ]
NOTIC: [8] A session had already been started - ignoring session_start() F:\www\hahaha\thinkphp\Application\Home\Controller\IndexController.class.php 第 32 行.
INFO: [ app_end ] --START--
INFO: Run Behavior\ShowPageTrace [ RunTime:0.000745s ]
INFO: [ app_end ] --END-- [ RunTime:0.000802s ]

[ 2017-02-19T22:00:37+08:00 ] ::1 /hahaha/thinkphp/Home/Index/user_name
INFO: [ app_begin ] --START--
INFO: Run Behavior\ReadHtmlCache [ RunTime:0.000475s ]
INFO: [ app_begin ] --END-- [ RunTime:0.000911s ]
NOTIC: [8] A session had already been started - ignoring session_start() F:\www\hahaha\thinkphp\Application\Home\Controller\IndexController.class.php 第 32 行.
INFO: [ app_end ] --START--
INFO: Run Behavior\ShowPageTrace [ RunTime:0.000548s ]
INFO: [ app_end ] --END-- [ RunTime:0.000589s ]

[ 2017-02-19T22:00:48+08:00 ] ::1 /hahaha/thinkphp/Home/Index/user_name
INFO: [ app_begin ] --START--
INFO: Run Behavior\ReadHtmlCache [ RunTime:0.000474s ]
INFO: [ app_begin ] --END-- [ RunTime:0.000924s ]
NOTIC: [8] A session had already been started - ignoring session_start() F:\www\hahaha\thinkphp\Application\Home\Controller\IndexController.class.php 第 32 行.
INFO: [ app_end ] --START--
INFO: Run Behavior\ShowPageTrace [ RunTime:0.000485s ]
INFO: [ app_end ] --END-- [ RunTime:0.000526s ]

[ 2017-02-19T22:07:44+08:00 ] ::1 /hahaha/thinkphp/Home/Index/user_name
INFO: [ app_begin ] --START--
INFO: Run Behavior\ReadHtmlCache [ RunTime:0.000622s ]
INFO: [ app_begin ] --END-- [ RunTime:0.001130s ]
NOTIC: [8] A session had already been started - ignoring session_start() F:\www\hahaha\thinkphp\Application\Home\Controller\IndexController.class.php 第 32 行.
INFO: [ app_end ] --START--
INFO: Run Behavior\ShowPageTrace [ RunTime:0.000595s ]
INFO: [ app_end ] --END-- [ RunTime:0.000637s ]

